{
"contracts/factory/DagoraERC20Factory.sol":{"l":{"38":69,"39":69,"40":69,"41":69,"47":21,"48":1,"50":20,"58":20,"59":17,"70":17,"71":17,"81":17,"82":17,"83":17,"84":17,"88":15,"92":24,"96":2,"104":20,"105":1,"108":19,"109":19,"110":1,"113":18,"114":1,"116":17},"path":"/home/ser-orphan/Workspace/DecentrAgora/dAgora Contracts/V1 Upgraedable/contracts/factory/DagoraERC20Factory.sol","s":{"1":69,"2":21,"3":20,"4":17,"5":17,"6":17,"7":17,"8":17,"9":15,"10":20,"11":19,"12":19,"13":18,"14":17},"b":{"1":[69,1],"2":[1,20],"3":[17,3],"4":[20,1],"5":[17,3],"6":[17,0],"7":[24,2],"8":[2,1],"9":[1,19],"10":[1,18],"11":[1,17]},"f":{"1":69,"2":21,"3":20,"4":17,"5":15,"6":24,"7":2,"8":20},"fnMap":{"1":{"name":"initialize","line":37,"loc":{"start":{"line":37,"column":4},"end":{"line":42,"column":4}}},"2":{"name":"isNotPaused","line":46,"loc":{"start":{"line":46,"column":4},"end":{"line":51,"column":4}}},"3":{"name":"canCreate","line":57,"loc":{"start":{"line":57,"column":4},"end":{"line":60,"column":4}}},"4":{"name":"createDagoraERC20","line":69,"loc":{"start":{"line":62,"column":4},"end":{"line":85,"column":4}}},"5":{"name":"getUserContracts","line":87,"loc":{"start":{"line":87,"column":4},"end":{"line":89,"column":4}}},"6":{"name":"togglePaused","line":91,"loc":{"start":{"line":91,"column":4},"end":{"line":93,"column":4}}},"7":{"name":"setMinERC20Tier","line":95,"loc":{"start":{"line":95,"column":4},"end":{"line":97,"column":4}}},"8":{"name":"_canCreate","line":103,"loc":{"start":{"line":103,"column":4},"end":{"line":118,"column":4}}}},"statementMap":{"1":{"start":{"line":38,"column":8},"end":{"line":38,"column":23}},"2":{"start":{"line":47,"column":8},"end":{"line":47,"column":2033}},"3":{"start":{"line":58,"column":8},"end":{"line":58,"column":90}},"4":{"start":{"line":70,"column":8},"end":{"line":70,"column":86}},"5":{"start":{"line":71,"column":8},"end":{"line":71,"column":3011}},"6":{"start":{"line":81,"column":8},"end":{"line":81,"column":80}},"7":{"start":{"line":82,"column":8},"end":{"line":82,"column":56}},"8":{"start":{"line":84,"column":8},"end":{"line":84,"column":61}},"9":{"start":{"line":88,"column":8},"end":{"line":88,"column":35}},"10":{"start":{"line":104,"column":8},"end":{"line":104,"column":4291}},"11":{"start":{"line":108,"column":8},"end":{"line":108,"column":96}},"12":{"start":{"line":109,"column":8},"end":{"line":109,"column":4577}},"13":{"start":{"line":113,"column":8},"end":{"line":113,"column":4699}},"14":{"start":{"line":116,"column":12},"end":{"line":116,"column":23}}},"branchMap":{"1":{"line":37,"type":"if","locations":[{"start":{"line":37,"column":66},"end":{"line":37,"column":66}},{"start":{"line":37,"column":66},"end":{"line":37,"column":66}}]},"2":{"line":47,"type":"if","locations":[{"start":{"line":47,"column":8},"end":{"line":47,"column":8}},{"start":{"line":47,"column":8},"end":{"line":47,"column":8}}]},"3":{"line":58,"type":"if","locations":[{"start":{"line":58,"column":8},"end":{"line":58,"column":8}},{"start":{"line":58,"column":8},"end":{"line":58,"column":8}}]},"4":{"line":69,"type":"if","locations":[{"start":{"line":69,"column":15},"end":{"line":69,"column":15}},{"start":{"line":69,"column":15},"end":{"line":69,"column":15}}]},"5":{"line":69,"type":"if","locations":[{"start":{"line":69,"column":27},"end":{"line":69,"column":27}},{"start":{"line":69,"column":27},"end":{"line":69,"column":27}}]},"6":{"line":69,"type":"if","locations":[{"start":{"line":69,"column":56},"end":{"line":69,"column":56}},{"start":{"line":69,"column":56},"end":{"line":69,"column":56}}]},"7":{"line":91,"type":"if","locations":[{"start":{"line":91,"column":37},"end":{"line":91,"column":37}},{"start":{"line":91,"column":37},"end":{"line":91,"column":37}}]},"8":{"line":95,"type":"if","locations":[{"start":{"line":95,"column":54},"end":{"line":95,"column":54}},{"start":{"line":95,"column":54},"end":{"line":95,"column":54}}]},"9":{"line":104,"type":"if","locations":[{"start":{"line":104,"column":8},"end":{"line":104,"column":8}},{"start":{"line":104,"column":8},"end":{"line":104,"column":8}}]},"10":{"line":109,"type":"if","locations":[{"start":{"line":109,"column":8},"end":{"line":109,"column":8}},{"start":{"line":109,"column":8},"end":{"line":109,"column":8}}]},"11":{"line":113,"type":"if","locations":[{"start":{"line":113,"column":8},"end":{"line":113,"column":8}},{"start":{"line":113,"column":8},"end":{"line":113,"column":8}}]}}},
"contracts/factory/DagoraNFTAPlusFactory.sol":{"l":{"38":147,"39":147,"40":147,"41":147,"47":47,"48":1,"50":46,"58":46,"59":43,"75":43,"76":43,"91":43,"92":43,"93":43,"94":43,"98":41,"102":50,"106":2,"114":46,"115":1,"118":45,"119":45,"120":1,"123":44,"124":1,"126":43},"path":"/home/ser-orphan/Workspace/DecentrAgora/dAgora Contracts/V1 Upgraedable/contracts/factory/DagoraNFTAPlusFactory.sol","s":{"1":147,"2":47,"3":46,"4":43,"5":43,"6":43,"7":43,"8":43,"9":41,"10":46,"11":45,"12":45,"13":44,"14":43},"b":{"1":[147,1],"2":[1,46],"3":[43,3],"4":[46,1],"5":[43,3],"6":[43,0],"7":[50,2],"8":[2,1],"9":[1,45],"10":[1,44],"11":[1,43]},"f":{"1":147,"2":47,"3":46,"4":43,"5":41,"6":50,"7":2,"8":46},"fnMap":{"1":{"name":"initialize","line":37,"loc":{"start":{"line":37,"column":4},"end":{"line":42,"column":4}}},"2":{"name":"isNotPaused","line":46,"loc":{"start":{"line":46,"column":4},"end":{"line":51,"column":4}}},"3":{"name":"canCreate","line":57,"loc":{"start":{"line":57,"column":4},"end":{"line":60,"column":4}}},"4":{"name":"createNFTAPlus","line":74,"loc":{"start":{"line":62,"column":4},"end":{"line":95,"column":4}}},"5":{"name":"getUserContracts","line":97,"loc":{"start":{"line":97,"column":4},"end":{"line":99,"column":4}}},"6":{"name":"togglePaused","line":101,"loc":{"start":{"line":101,"column":4},"end":{"line":103,"column":4}}},"7":{"name":"setMinNFTAPlusTier","line":105,"loc":{"start":{"line":105,"column":4},"end":{"line":107,"column":4}}},"8":{"name":"_canCreate","line":113,"loc":{"start":{"line":113,"column":4},"end":{"line":128,"column":4}}}},"statementMap":{"1":{"start":{"line":38,"column":8},"end":{"line":38,"column":23}},"2":{"start":{"line":47,"column":8},"end":{"line":47,"column":2033}},"3":{"start":{"line":58,"column":8},"end":{"line":58,"column":90}},"4":{"start":{"line":75,"column":8},"end":{"line":75,"column":86}},"5":{"start":{"line":76,"column":8},"end":{"line":76,"column":3173}},"6":{"start":{"line":91,"column":8},"end":{"line":91,"column":80}},"7":{"start":{"line":92,"column":8},"end":{"line":92,"column":56}},"8":{"start":{"line":94,"column":8},"end":{"line":94,"column":58}},"9":{"start":{"line":98,"column":8},"end":{"line":98,"column":35}},"10":{"start":{"line":114,"column":8},"end":{"line":114,"column":4627}},"11":{"start":{"line":118,"column":8},"end":{"line":118,"column":96}},"12":{"start":{"line":119,"column":8},"end":{"line":119,"column":4913}},"13":{"start":{"line":123,"column":8},"end":{"line":123,"column":5035}},"14":{"start":{"line":126,"column":12},"end":{"line":126,"column":23}}},"branchMap":{"1":{"line":37,"type":"if","locations":[{"start":{"line":37,"column":66},"end":{"line":37,"column":66}},{"start":{"line":37,"column":66},"end":{"line":37,"column":66}}]},"2":{"line":47,"type":"if","locations":[{"start":{"line":47,"column":8},"end":{"line":47,"column":8}},{"start":{"line":47,"column":8},"end":{"line":47,"column":8}}]},"3":{"line":58,"type":"if","locations":[{"start":{"line":58,"column":8},"end":{"line":58,"column":8}},{"start":{"line":58,"column":8},"end":{"line":58,"column":8}}]},"4":{"line":74,"type":"if","locations":[{"start":{"line":74,"column":15},"end":{"line":74,"column":15}},{"start":{"line":74,"column":15},"end":{"line":74,"column":15}}]},"5":{"line":74,"type":"if","locations":[{"start":{"line":74,"column":27},"end":{"line":74,"column":27}},{"start":{"line":74,"column":27},"end":{"line":74,"column":27}}]},"6":{"line":74,"type":"if","locations":[{"start":{"line":74,"column":59},"end":{"line":74,"column":59}},{"start":{"line":74,"column":59},"end":{"line":74,"column":59}}]},"7":{"line":101,"type":"if","locations":[{"start":{"line":101,"column":37},"end":{"line":101,"column":37}},{"start":{"line":101,"column":37},"end":{"line":101,"column":37}}]},"8":{"line":105,"type":"if","locations":[{"start":{"line":105,"column":65},"end":{"line":105,"column":65}},{"start":{"line":105,"column":65},"end":{"line":105,"column":65}}]},"9":{"line":114,"type":"if","locations":[{"start":{"line":114,"column":8},"end":{"line":114,"column":8}},{"start":{"line":114,"column":8},"end":{"line":114,"column":8}}]},"10":{"line":119,"type":"if","locations":[{"start":{"line":119,"column":8},"end":{"line":119,"column":8}},{"start":{"line":119,"column":8},"end":{"line":119,"column":8}}]},"11":{"line":123,"type":"if","locations":[{"start":{"line":123,"column":8},"end":{"line":123,"column":8}},{"start":{"line":123,"column":8},"end":{"line":123,"column":8}}]}}},
"contracts/factory/DagoraPowerNFTFactory.sol":{"l":{"41":117,"42":117,"43":117,"44":117,"50":37,"51":1,"53":36,"61":36,"62":33,"77":33,"78":33,"92":33,"93":33,"94":33,"95":33,"99":31,"103":40,"107":2,"115":36,"116":1,"119":35,"120":35,"121":1,"124":34,"125":1,"127":33},"path":"/home/ser-orphan/Workspace/DecentrAgora/dAgora Contracts/V1 Upgraedable/contracts/factory/DagoraPowerNFTFactory.sol","s":{"1":117,"2":37,"3":36,"4":33,"5":33,"6":33,"7":33,"8":33,"9":31,"10":36,"11":35,"12":35,"13":34,"14":33},"b":{"1":[117,1],"2":[1,36],"3":[33,3],"4":[36,1],"5":[33,3],"6":[33,0],"7":[40,2],"8":[2,1],"9":[1,35],"10":[1,34],"11":[1,33]},"f":{"1":117,"2":37,"3":36,"4":33,"5":31,"6":40,"7":2,"8":36},"fnMap":{"1":{"name":"initialize","line":40,"loc":{"start":{"line":40,"column":4},"end":{"line":45,"column":4}}},"2":{"name":"isNotPaused","line":49,"loc":{"start":{"line":49,"column":4},"end":{"line":54,"column":4}}},"3":{"name":"canCreate","line":60,"loc":{"start":{"line":60,"column":4},"end":{"line":63,"column":4}}},"4":{"name":"createPowerNFT","line":76,"loc":{"start":{"line":65,"column":4},"end":{"line":96,"column":4}}},"5":{"name":"getUserContracts","line":98,"loc":{"start":{"line":98,"column":4},"end":{"line":100,"column":4}}},"6":{"name":"togglePaused","line":102,"loc":{"start":{"line":102,"column":4},"end":{"line":104,"column":4}}},"7":{"name":"setMinPowerNFTATier","line":106,"loc":{"start":{"line":106,"column":4},"end":{"line":108,"column":4}}},"8":{"name":"_canCreate","line":114,"loc":{"start":{"line":114,"column":4},"end":{"line":129,"column":4}}}},"statementMap":{"1":{"start":{"line":41,"column":8},"end":{"line":41,"column":23}},"2":{"start":{"line":50,"column":8},"end":{"line":50,"column":2077}},"3":{"start":{"line":61,"column":8},"end":{"line":61,"column":90}},"4":{"start":{"line":77,"column":8},"end":{"line":77,"column":86}},"5":{"start":{"line":78,"column":8},"end":{"line":78,"column":3183}},"6":{"start":{"line":92,"column":8},"end":{"line":92,"column":80}},"7":{"start":{"line":93,"column":8},"end":{"line":93,"column":56}},"8":{"start":{"line":95,"column":8},"end":{"line":95,"column":59}},"9":{"start":{"line":99,"column":8},"end":{"line":99,"column":35}},"10":{"start":{"line":115,"column":8},"end":{"line":115,"column":4607}},"11":{"start":{"line":119,"column":8},"end":{"line":119,"column":96}},"12":{"start":{"line":120,"column":8},"end":{"line":120,"column":4893}},"13":{"start":{"line":124,"column":8},"end":{"line":124,"column":5015}},"14":{"start":{"line":127,"column":12},"end":{"line":127,"column":23}}},"branchMap":{"1":{"line":40,"type":"if","locations":[{"start":{"line":40,"column":66},"end":{"line":40,"column":66}},{"start":{"line":40,"column":66},"end":{"line":40,"column":66}}]},"2":{"line":50,"type":"if","locations":[{"start":{"line":50,"column":8},"end":{"line":50,"column":8}},{"start":{"line":50,"column":8},"end":{"line":50,"column":8}}]},"3":{"line":61,"type":"if","locations":[{"start":{"line":61,"column":8},"end":{"line":61,"column":8}},{"start":{"line":61,"column":8},"end":{"line":61,"column":8}}]},"4":{"line":76,"type":"if","locations":[{"start":{"line":76,"column":15},"end":{"line":76,"column":15}},{"start":{"line":76,"column":15},"end":{"line":76,"column":15}}]},"5":{"line":76,"type":"if","locations":[{"start":{"line":76,"column":27},"end":{"line":76,"column":27}},{"start":{"line":76,"column":27},"end":{"line":76,"column":27}}]},"6":{"line":76,"type":"if","locations":[{"start":{"line":76,"column":60},"end":{"line":76,"column":60}},{"start":{"line":76,"column":60},"end":{"line":76,"column":60}}]},"7":{"line":102,"type":"if","locations":[{"start":{"line":102,"column":37},"end":{"line":102,"column":37}},{"start":{"line":102,"column":37},"end":{"line":102,"column":37}}]},"8":{"line":106,"type":"if","locations":[{"start":{"line":106,"column":67},"end":{"line":106,"column":67}},{"start":{"line":106,"column":67},"end":{"line":106,"column":67}}]},"9":{"line":115,"type":"if","locations":[{"start":{"line":115,"column":8},"end":{"line":115,"column":8}},{"start":{"line":115,"column":8},"end":{"line":115,"column":8}}]},"10":{"line":120,"type":"if","locations":[{"start":{"line":120,"column":8},"end":{"line":120,"column":8}},{"start":{"line":120,"column":8},"end":{"line":120,"column":8}}]},"11":{"line":124,"type":"if","locations":[{"start":{"line":124,"column":8},"end":{"line":124,"column":8}},{"start":{"line":124,"column":8},"end":{"line":124,"column":8}}]}}},
"contracts/factory/DagoraPowerPlusFactory.sol":{"l":{"43":156,"44":156,"45":156,"46":156,"52":50,"53":1,"55":49,"63":49,"64":46,"75":46,"76":46,"82":46,"83":46,"84":46,"85":46,"90":44,"94":53,"98":1,"106":49,"107":1,"110":48,"111":48,"112":1,"115":47,"116":1,"118":46},"path":"/home/ser-orphan/Workspace/DecentrAgora/dAgora Contracts/V1 Upgraedable/contracts/factory/DagoraPowerPlusFactory.sol","s":{"1":156,"2":50,"3":49,"4":46,"5":46,"6":46,"7":46,"8":46,"9":44,"10":49,"11":48,"12":48,"13":47,"14":46},"b":{"1":[156,1],"2":[1,49],"3":[46,3],"4":[49,1],"5":[46,3],"6":[46,0],"7":[53,2],"8":[1,1],"9":[1,48],"10":[1,47],"11":[1,46]},"f":{"1":156,"2":50,"3":49,"4":46,"5":44,"6":53,"7":1,"8":49},"fnMap":{"1":{"name":"initialize","line":42,"loc":{"start":{"line":42,"column":4},"end":{"line":47,"column":4}}},"2":{"name":"isNotPaused","line":51,"loc":{"start":{"line":51,"column":4},"end":{"line":56,"column":4}}},"3":{"name":"canCreate","line":62,"loc":{"start":{"line":62,"column":4},"end":{"line":65,"column":4}}},"4":{"name":"createPowerPlusNFT","line":73,"loc":{"start":{"line":67,"column":4},"end":{"line":86,"column":4}}},"5":{"name":"getUserContracts","line":89,"loc":{"start":{"line":89,"column":4},"end":{"line":91,"column":4}}},"6":{"name":"togglePaused","line":93,"loc":{"start":{"line":93,"column":4},"end":{"line":95,"column":4}}},"7":{"name":"setMinPowerNFTATier","line":97,"loc":{"start":{"line":97,"column":4},"end":{"line":99,"column":4}}},"8":{"name":"_canCreate","line":105,"loc":{"start":{"line":105,"column":4},"end":{"line":120,"column":4}}}},"statementMap":{"1":{"start":{"line":43,"column":8},"end":{"line":43,"column":23}},"2":{"start":{"line":52,"column":8},"end":{"line":52,"column":2093}},"3":{"start":{"line":63,"column":8},"end":{"line":63,"column":90}},"4":{"start":{"line":75,"column":8},"end":{"line":75,"column":93}},"5":{"start":{"line":76,"column":8},"end":{"line":76,"column":3008}},"6":{"start":{"line":82,"column":8},"end":{"line":82,"column":80}},"7":{"start":{"line":83,"column":8},"end":{"line":83,"column":56}},"8":{"start":{"line":85,"column":8},"end":{"line":85,"column":70}},"9":{"start":{"line":90,"column":8},"end":{"line":90,"column":35}},"10":{"start":{"line":106,"column":8},"end":{"line":106,"column":4223}},"11":{"start":{"line":110,"column":8},"end":{"line":110,"column":96}},"12":{"start":{"line":111,"column":8},"end":{"line":111,"column":4509}},"13":{"start":{"line":115,"column":8},"end":{"line":115,"column":4631}},"14":{"start":{"line":118,"column":12},"end":{"line":118,"column":23}}},"branchMap":{"1":{"line":42,"type":"if","locations":[{"start":{"line":42,"column":66},"end":{"line":42,"column":66}},{"start":{"line":42,"column":66},"end":{"line":42,"column":66}}]},"2":{"line":52,"type":"if","locations":[{"start":{"line":52,"column":8},"end":{"line":52,"column":8}},{"start":{"line":52,"column":8},"end":{"line":52,"column":8}}]},"3":{"line":63,"type":"if","locations":[{"start":{"line":63,"column":8},"end":{"line":63,"column":8}},{"start":{"line":63,"column":8},"end":{"line":63,"column":8}}]},"4":{"line":71,"type":"if","locations":[{"start":{"line":71,"column":8},"end":{"line":71,"column":8}},{"start":{"line":71,"column":8},"end":{"line":71,"column":8}}]},"5":{"line":72,"type":"if","locations":[{"start":{"line":72,"column":8},"end":{"line":72,"column":8}},{"start":{"line":72,"column":8},"end":{"line":72,"column":8}}]},"6":{"line":73,"type":"if","locations":[{"start":{"line":73,"column":8},"end":{"line":73,"column":8}},{"start":{"line":73,"column":8},"end":{"line":73,"column":8}}]},"7":{"line":93,"type":"if","locations":[{"start":{"line":93,"column":37},"end":{"line":93,"column":37}},{"start":{"line":93,"column":37},"end":{"line":93,"column":37}}]},"8":{"line":97,"type":"if","locations":[{"start":{"line":97,"column":67},"end":{"line":97,"column":67}},{"start":{"line":97,"column":67},"end":{"line":97,"column":67}}]},"9":{"line":106,"type":"if","locations":[{"start":{"line":106,"column":8},"end":{"line":106,"column":8}},{"start":{"line":106,"column":8},"end":{"line":106,"column":8}}]},"10":{"line":111,"type":"if","locations":[{"start":{"line":111,"column":8},"end":{"line":111,"column":8}},{"start":{"line":111,"column":8},"end":{"line":111,"column":8}}]},"11":{"line":115,"type":"if","locations":[{"start":{"line":115,"column":8},"end":{"line":115,"column":8}},{"start":{"line":115,"column":8},"end":{"line":115,"column":8}}]}}},
"contracts/factory/DagoraSimpleNFTFactory.sol":{"l":{"40":105,"41":105,"42":105,"43":105,"49":33,"50":1,"52":32,"60":32,"61":29,"75":29,"76":29,"88":29,"89":29,"90":29,"91":29,"95":27,"99":36,"103":2,"112":32,"113":1,"116":31,"117":31,"118":1,"121":30,"122":1,"124":29},"path":"/home/ser-orphan/Workspace/DecentrAgora/dAgora Contracts/V1 Upgraedable/contracts/factory/DagoraSimpleNFTFactory.sol","s":{"1":105,"2":33,"3":32,"4":29,"5":29,"6":29,"7":29,"8":29,"9":27,"10":32,"11":31,"12":31,"13":30,"14":29},"b":{"1":[105,1],"2":[1,32],"3":[29,3],"4":[32,1],"5":[29,3],"6":[29,0],"7":[36,1],"8":[2,1],"9":[1,31],"10":[1,30],"11":[1,29]},"f":{"1":105,"2":33,"3":32,"4":29,"5":27,"6":36,"7":2,"8":32},"fnMap":{"1":{"name":"initialize","line":39,"loc":{"start":{"line":39,"column":4},"end":{"line":44,"column":4}}},"2":{"name":"isNotPaused","line":48,"loc":{"start":{"line":48,"column":4},"end":{"line":53,"column":4}}},"3":{"name":"canCreate","line":59,"loc":{"start":{"line":59,"column":4},"end":{"line":62,"column":4}}},"4":{"name":"createSimpleNFTA","line":74,"loc":{"start":{"line":65,"column":4},"end":{"line":92,"column":4}}},"5":{"name":"getUserContracts","line":94,"loc":{"start":{"line":94,"column":4},"end":{"line":96,"column":4}}},"6":{"name":"togglePaused","line":98,"loc":{"start":{"line":98,"column":4},"end":{"line":100,"column":4}}},"7":{"name":"setMinSimpleNFTATier","line":102,"loc":{"start":{"line":102,"column":4},"end":{"line":104,"column":4}}},"8":{"name":"_canCreate","line":111,"loc":{"start":{"line":111,"column":4},"end":{"line":126,"column":4}}}},"statementMap":{"1":{"start":{"line":40,"column":8},"end":{"line":40,"column":23}},"2":{"start":{"line":49,"column":8},"end":{"line":49,"column":2108}},"3":{"start":{"line":60,"column":8},"end":{"line":60,"column":90}},"4":{"start":{"line":75,"column":8},"end":{"line":75,"column":86}},"5":{"start":{"line":76,"column":8},"end":{"line":76,"column":3147}},"6":{"start":{"line":88,"column":8},"end":{"line":88,"column":80}},"7":{"start":{"line":89,"column":8},"end":{"line":89,"column":56}},"8":{"start":{"line":91,"column":8},"end":{"line":91,"column":60}},"9":{"start":{"line":95,"column":8},"end":{"line":95,"column":35}},"10":{"start":{"line":112,"column":8},"end":{"line":112,"column":4509}},"11":{"start":{"line":116,"column":8},"end":{"line":116,"column":96}},"12":{"start":{"line":117,"column":8},"end":{"line":117,"column":4795}},"13":{"start":{"line":121,"column":8},"end":{"line":121,"column":4917}},"14":{"start":{"line":124,"column":12},"end":{"line":124,"column":23}}},"branchMap":{"1":{"line":39,"type":"if","locations":[{"start":{"line":39,"column":66},"end":{"line":39,"column":66}},{"start":{"line":39,"column":66},"end":{"line":39,"column":66}}]},"2":{"line":49,"type":"if","locations":[{"start":{"line":49,"column":8},"end":{"line":49,"column":8}},{"start":{"line":49,"column":8},"end":{"line":49,"column":8}}]},"3":{"line":60,"type":"if","locations":[{"start":{"line":60,"column":8},"end":{"line":60,"column":8}},{"start":{"line":60,"column":8},"end":{"line":60,"column":8}}]},"4":{"line":74,"type":"if","locations":[{"start":{"line":74,"column":13},"end":{"line":74,"column":13}},{"start":{"line":74,"column":13},"end":{"line":74,"column":13}}]},"5":{"line":74,"type":"if","locations":[{"start":{"line":74,"column":25},"end":{"line":74,"column":25}},{"start":{"line":74,"column":25},"end":{"line":74,"column":25}}]},"6":{"line":74,"type":"if","locations":[{"start":{"line":74,"column":59},"end":{"line":74,"column":59}},{"start":{"line":74,"column":59},"end":{"line":74,"column":59}}]},"7":{"line":98,"type":"if","locations":[{"start":{"line":98,"column":37},"end":{"line":98,"column":37}},{"start":{"line":98,"column":37},"end":{"line":98,"column":37}}]},"8":{"line":102,"type":"if","locations":[{"start":{"line":102,"column":69},"end":{"line":102,"column":69}},{"start":{"line":102,"column":69},"end":{"line":102,"column":69}}]},"9":{"line":112,"type":"if","locations":[{"start":{"line":112,"column":8},"end":{"line":112,"column":8}},{"start":{"line":112,"column":8},"end":{"line":112,"column":8}}]},"10":{"line":117,"type":"if","locations":[{"start":{"line":117,"column":8},"end":{"line":117,"column":8}},{"start":{"line":117,"column":8},"end":{"line":117,"column":8}}]},"11":{"line":121,"type":"if","locations":[{"start":{"line":121,"column":8},"end":{"line":121,"column":8}},{"start":{"line":121,"column":8},"end":{"line":121,"column":8}}]}}},
"contracts/interfaces/IAttestationStation.sol":{"l":{},"path":"/home/ser-orphan/Workspace/DecentrAgora/dAgora Contracts/V1 Upgraedable/contracts/interfaces/IAttestationStation.sol","s":{},"b":{},"f":{},"fnMap":{},"statementMap":{},"branchMap":{}},
"contracts/interfaces/IDagoraMembershipsV1.sol":{"l":{},"path":"/home/ser-orphan/Workspace/DecentrAgora/dAgora Contracts/V1 Upgraedable/contracts/interfaces/IDagoraMembershipsV1.sol","s":{},"b":{},"f":{},"fnMap":{},"statementMap":{},"branchMap":{}},
"contracts/memberships/DagoraMemberships_V1.sol":{"l":{"163":855,"164":855,"165":855,"166":855,"167":855,"168":855,"169":855,"170":855,"171":855,"172":855,"173":855,"174":855,"175":855,"176":855,"177":855,"178":855,"179":855,"180":855,"181":855,"186":93,"187":85,"192":41,"193":39,"200":2,"204":2,"209":30,"213":27,"218":39,"219":39,"225":246,"226":244,"231":42,"232":38,"237":2,"240":2,"266":32,"267":30,"268":30,"269":30,"270":30,"272":30,"273":29,"274":28,"275":28,"277":28,"278":28,"279":28,"280":28,"286":5,"287":5,"289":5,"290":5,"291":5,"292":5,"320":2,"321":2,"322":2,"323":2,"324":2,"325":2,"327":2,"328":2,"329":2,"330":2,"358":7,"359":7,"360":7,"361":7,"362":7,"363":7,"364":7,"366":7,"373":1,"374":1,"375":1,"390":25,"391":25,"392":24,"393":23,"394":22,"395":22,"396":22,"411":1,"412":1,"413":1,"414":1,"416":1,"417":1,"418":1,"433":1,"434":1,"435":1,"436":1,"437":1,"439":1,"440":1,"441":1,"458":208,"459":207,"460":206,"461":206,"462":206,"464":206,"465":206,"466":206,"467":206,"474":4,"475":4,"476":2,"477":2,"478":1,"491":1,"492":1,"493":1,"494":1,"500":48,"506":1,"512":1,"518":1,"524":1,"530":1,"536":1,"542":1,"548":1,"554":1,"560":1,"567":41,"573":1,"574":1,"575":1,"581":1,"582":1,"589":176,"596":179,"603":1,"610":184,"615":0,"616":0,"617":0,"618":0,"621":0,"628":14,"637":184,"638":179,"640":5,"649":70,"650":4,"651":1,"652":1,"654":1,"655":1,"657":1,"658":1,"660":1,"663":66,"664":27,"665":27,"667":9,"668":9,"670":28,"671":28,"673":1,"676":70,"685":14,"686":14,"687":14,"688":14,"690":14,"691":14,"692":6,"693":2,"695":2,"697":2,"700":4,"701":2,"703":2,"706":4,"708":14,"716":13,"717":4,"718":1,"719":1,"721":1,"722":1,"724":1,"725":1,"727":1,"728":1,"731":9,"732":3,"734":2,"736":3,"738":1,"741":13,"748":1,"749":1,"759":186,"760":1,"761":1,"764":185,"770":1527,"776":241,"791":240,"795":239,"806":27,"807":14,"808":2,"810":12,"813":13},"path":"/home/ser-orphan/Workspace/DecentrAgora/dAgora Contracts/V1 Upgraedable/contracts/memberships/DagoraMemberships_V1.sol","s":{"1":855,"2":855,"3":855,"4":855,"5":855,"6":93,"7":41,"8":2,"9":30,"10":39,"11":246,"12":42,"13":2,"14":32,"15":30,"16":30,"17":30,"18":30,"19":30,"20":29,"21":28,"22":28,"23":28,"24":5,"25":5,"26":5,"27":2,"28":2,"29":2,"30":2,"31":2,"32":2,"33":2,"34":2,"35":7,"36":7,"37":7,"38":7,"39":7,"40":7,"41":7,"42":1,"43":25,"44":25,"45":24,"46":23,"47":22,"48":22,"49":22,"50":1,"51":1,"52":1,"53":1,"54":1,"55":1,"56":1,"57":1,"58":1,"59":1,"60":1,"61":1,"62":208,"63":207,"64":206,"65":206,"66":206,"67":206,"68":4,"69":4,"70":2,"71":2,"72":1,"73":1,"74":1,"75":1,"76":1,"77":1,"78":1,"79":176,"80":179,"81":1,"82":184,"83":0,"84":0,"85":0,"86":0,"87":0,"88":14,"89":184,"90":70,"91":4,"92":1,"93":3,"94":1,"95":2,"96":1,"97":1,"98":66,"99":27,"100":39,"101":9,"102":30,"103":28,"104":2,"105":70,"106":14,"107":14,"108":14,"109":14,"110":14,"111":14,"112":6,"113":4,"114":2,"115":8,"116":4,"117":2,"118":4,"119":14,"120":13,"121":4,"122":1,"123":3,"124":1,"125":2,"126":1,"127":1,"128":1,"129":9,"130":6,"131":4,"132":1,"133":13,"134":1,"135":1,"136":186,"137":1,"138":1,"139":185,"140":1527,"141":241,"142":240,"143":239,"144":27,"145":14,"146":2,"147":12,"148":13},"b":{"1":[855,1],"2":[855,0],"3":[855,0],"4":[85,8],"5":[39,2],"6":[2,0],"7":[27,3],"8":[39,0],"9":[244,2],"10":[38,4],"11":[2,0],"12":[1,1],"13":[35,1],"14":[34,1],"15":[32,2],"16":[32,0],"17":[30,2],"18":[30,0],"19":[29,1],"20":[28,0],"21":[6,1],"22":[5,1],"23":[5,0],"24":[2,1],"25":[2,0],"26":[2,0],"27":[2,0],"28":[2,0],"29":[2,0],"30":[2,0],"31":[7,1],"32":[7,0],"33":[7,0],"34":[7,0],"35":[7,0],"36":[7,0],"37":[7,0],"38":[7,0],"39":[1,1],"40":[1,0],"41":[1,0],"42":[1,0],"43":[29,1],"44":[29,0],"45":[28,1],"46":[25,3],"47":[25,0],"48":[24,1],"49":[23,1],"50":[22,1],"51":[22,0],"52":[22,0],"53":[3,1],"54":[1,2],"55":[1,0],"56":[1,0],"57":[1,0],"58":[1,0],"59":[1,0],"60":[1,0],"61":[1,0],"62":[2,1],"63":[1,1],"64":[1,0],"65":[1,0],"66":[1,0],"67":[1,0],"68":[1,0],"69":[1,0],"70":[1,0],"71":[1,0],"72":[1,0],"73":[209,0],"74":[208,1],"75":[207,1],"76":[206,1],"77":[206,0],"78":[4,1],"79":[2,2],"80":[2,0],"81":[1,1],"82":[1,0],"83":[1,0],"84":[1,0],"85":[48,1],"86":[1,1],"87":[1,1],"88":[1,1],"89":[1,1],"90":[1,1],"91":[1,1],"92":[1,1],"93":[1,1],"94":[1,1],"95":[1,1],"96":[41,1],"97":[1,0],"98":[1,0],"99":[1,2],"100":[0,0],"101":[179,5],"102":[0,179],"103":[4,66],"104":[1,3],"105":[1,2],"106":[1,1],"107":[1,0],"108":[27,39],"109":[9,30],"110":[28,2],"111":[1,1],"112":[14,0],"113":[14,0],"114":[14,0],"115":[14,0],"116":[6,8],"117":[2,4],"118":[2,2],"119":[2,0],"120":[4,4],"121":[2,2],"122":[2,0],"123":[4,0],"124":[4,9],"125":[1,3],"126":[1,2],"127":[1,1],"128":[1,0],"129":[3,6],"130":[2,4],"131":[3,1],"132":[1,0],"133":[1,0],"134":[1,0],"135":[239,1],"136":[2,12]},"f":{"1":855,"2":93,"3":41,"4":2,"5":30,"6":39,"7":246,"8":42,"9":2,"10":32,"11":5,"12":2,"13":7,"14":1,"15":25,"16":1,"17":1,"18":208,"19":4,"20":1,"21":48,"22":1,"23":1,"24":1,"25":1,"26":1,"27":1,"28":1,"29":1,"30":1,"31":1,"32":41,"33":1,"34":1,"35":176,"36":179,"37":1,"38":184,"39":0,"40":14,"41":184,"42":70,"43":14,"44":13,"45":1,"46":186,"47":1527,"48":241,"49":240,"50":27},"fnMap":{"1":{"name":"initialize","line":162,"loc":{"start":{"line":156,"column":4},"end":{"line":182,"column":4}}},"2":{"name":"isNotPaused","line":185,"loc":{"start":{"line":185,"column":4},"end":{"line":188,"column":4}}},"3":{"name":"isNotMember","line":191,"loc":{"start":{"line":191,"column":4},"end":{"line":194,"column":4}}},"4":{"name":"isRenewable","line":199,"loc":{"start":{"line":199,"column":4},"end":{"line":205,"column":4}}},"5":{"name":"isPerclesian","line":208,"loc":{"start":{"line":208,"column":4},"end":{"line":214,"column":4}}},"6":{"name":"_isValidMembership","line":217,"loc":{"start":{"line":217,"column":4},"end":{"line":220,"column":4}}},"7":{"name":"durationCheck","line":224,"loc":{"start":{"line":224,"column":4},"end":{"line":227,"column":4}}},"8":{"name":"onlyController","line":230,"loc":{"start":{"line":230,"column":4},"end":{"line":233,"column":4}}},"9":{"name":"onlyDelegateeAndOwner","line":236,"loc":{"start":{"line":236,"column":4},"end":{"line":241,"column":4}}},"10":{"name":"mintMembership","line":264,"loc":{"start":{"line":252,"column":4},"end":{"line":281,"column":4}}},"11":{"name":"freeMint","line":285,"loc":{"start":{"line":285,"column":4},"end":{"line":293,"column":4}}},"12":{"name":"renewMembership","line":318,"loc":{"start":{"line":305,"column":4},"end":{"line":331,"column":4}}},"13":{"name":"upgradeMembership","line":356,"loc":{"start":{"line":343,"column":4},"end":{"line":367,"column":4}}},"14":{"name":"cancelMembership","line":371,"loc":{"start":{"line":371,"column":4},"end":{"line":376,"column":4}}},"15":{"name":"addDelegate","line":388,"loc":{"start":{"line":381,"column":4},"end":{"line":397,"column":4}}},"16":{"name":"removeDelegate","line":409,"loc":{"start":{"line":403,"column":4},"end":{"line":419,"column":4}}},"17":{"name":"swapDelegate","line":431,"loc":{"start":{"line":425,"column":4},"end":{"line":444,"column":4}}},"18":{"name":"giftMembership","line":456,"loc":{"start":{"line":450,"column":4},"end":{"line":468,"column":4}}},"19":{"name":"giftUpgrade","line":473,"loc":{"start":{"line":473,"column":4},"end":{"line":479,"column":4}}},"20":{"name":"giftExtension","line":489,"loc":{"start":{"line":484,"column":4},"end":{"line":495,"column":4}}},"21":{"name":"togglePaused","line":499,"loc":{"start":{"line":499,"column":4},"end":{"line":501,"column":4}}},"22":{"name":"setBaseURI","line":505,"loc":{"start":{"line":505,"column":4},"end":{"line":507,"column":4}}},"23":{"name":"setDiscount","line":511,"loc":{"start":{"line":511,"column":4},"end":{"line":513,"column":4}}},"24":{"name":"setPercelsiaPrice","line":517,"loc":{"start":{"line":517,"column":4},"end":{"line":519,"column":4}}},"25":{"name":"setHoplitePrice","line":523,"loc":{"start":{"line":523,"column":4},"end":{"line":525,"column":4}}},"26":{"name":"setDagorianPrice","line":529,"loc":{"start":{"line":529,"column":4},"end":{"line":531,"column":4}}},"27":{"name":"setEcclesiaPrice","line":535,"loc":{"start":{"line":535,"column":4},"end":{"line":537,"column":4}}},"28":{"name":"setPercelsiaRenewPrice","line":541,"loc":{"start":{"line":541,"column":4},"end":{"line":543,"column":4}}},"29":{"name":"setHopliteRenewPrice","line":547,"loc":{"start":{"line":547,"column":4},"end":{"line":549,"column":4}}},"30":{"name":"setDagorianRenewPrice","line":553,"loc":{"start":{"line":553,"column":4},"end":{"line":555,"column":4}}},"31":{"name":"setDagoraTreasury","line":559,"loc":{"start":{"line":559,"column":4},"end":{"line":561,"column":4}}},"32":{"name":"setProxyAddress","line":566,"loc":{"start":{"line":566,"column":4},"end":{"line":568,"column":4}}},"33":{"name":"withdrawERC20","line":572,"loc":{"start":{"line":572,"column":4},"end":{"line":576,"column":4}}},"34":{"name":"withdrawETH","line":580,"loc":{"start":{"line":580,"column":4},"end":{"line":583,"column":4}}},"35":{"name":"getMembership","line":588,"loc":{"start":{"line":588,"column":4},"end":{"line":590,"column":4}}},"36":{"name":"getMembershipTier","line":595,"loc":{"start":{"line":595,"column":4},"end":{"line":597,"column":4}}},"37":{"name":"getExpiration","line":602,"loc":{"start":{"line":602,"column":4},"end":{"line":604,"column":4}}},"38":{"name":"isValidMembership","line":609,"loc":{"start":{"line":609,"column":4},"end":{"line":611,"column":4}}},"39":{"name":"addressTokenIds","line":613,"loc":{"start":{"line":613,"column":4},"end":{"line":622,"column":4}}},"40":{"name":"getTokenDelegates","line":627,"loc":{"start":{"line":627,"column":4},"end":{"line":629,"column":4}}},"41":{"name":"isOwnerOrDelegate","line":636,"loc":{"start":{"line":636,"column":4},"end":{"line":642,"column":4}}},"42":{"name":"getMintPrice","line":648,"loc":{"start":{"line":648,"column":4},"end":{"line":677,"column":4}}},"43":{"name":"_getUpgradePrice","line":684,"loc":{"start":{"line":684,"column":4},"end":{"line":709,"column":4}}},"44":{"name":"getRenewalPrice","line":715,"loc":{"start":{"line":715,"column":4},"end":{"line":742,"column":4}}},"45":{"name":"tokenURI","line":747,"loc":{"start":{"line":747,"column":4},"end":{"line":750,"column":4}}},"46":{"name":"_isDelegatee","line":758,"loc":{"start":{"line":758,"column":4},"end":{"line":765,"column":4}}},"47":{"name":"_startTokenId","line":769,"loc":{"start":{"line":769,"column":4},"end":{"line":771,"column":4}}},"48":{"name":"_getNextTokenId","line":775,"loc":{"start":{"line":775,"column":4},"end":{"line":777,"column":4}}},"49":{"name":"_beforeTokenTransfers","line":785,"loc":{"start":{"line":785,"column":4},"end":{"line":796,"column":4}}},"50":{"name":"_contains","line":805,"loc":{"start":{"line":805,"column":4},"end":{"line":814,"column":4}}}},"statementMap":{"1":{"start":{"line":163,"column":8},"end":{"line":163,"column":73}},"2":{"start":{"line":164,"column":8},"end":{"line":164,"column":37}},"3":{"start":{"line":165,"column":8},"end":{"line":165,"column":23}},"4":{"start":{"line":166,"column":8},"end":{"line":166,"column":31}},"5":{"start":{"line":168,"column":8},"end":{"line":168,"column":41}},"6":{"start":{"line":186,"column":8},"end":{"line":186,"column":66}},"7":{"start":{"line":192,"column":8},"end":{"line":192,"column":75}},"8":{"start":{"line":200,"column":8},"end":{"line":200,"column":7993}},"9":{"start":{"line":209,"column":8},"end":{"line":209,"column":8291}},"10":{"start":{"line":218,"column":8},"end":{"line":218,"column":109}},"11":{"start":{"line":225,"column":8},"end":{"line":225,"column":77}},"12":{"start":{"line":231,"column":8},"end":{"line":231,"column":85}},"13":{"start":{"line":237,"column":8},"end":{"line":237,"column":9383}},"14":{"start":{"line":266,"column":8},"end":{"line":266,"column":73}},"15":{"start":{"line":267,"column":8},"end":{"line":267,"column":81}},"16":{"start":{"line":268,"column":8},"end":{"line":268,"column":55}},"17":{"start":{"line":269,"column":8},"end":{"line":269,"column":63}},"18":{"start":{"line":270,"column":8},"end":{"line":270,"column":44}},"19":{"start":{"line":272,"column":8},"end":{"line":272,"column":113}},"20":{"start":{"line":273,"column":8},"end":{"line":273,"column":93}},"21":{"start":{"line":274,"column":8},"end":{"line":274,"column":94}},"22":{"start":{"line":275,"column":8},"end":{"line":275,"column":61}},"23":{"start":{"line":280,"column":8},"end":{"line":280,"column":27}},"24":{"start":{"line":286,"column":8},"end":{"line":286,"column":44}},"25":{"start":{"line":287,"column":8},"end":{"line":287,"column":60}},"26":{"start":{"line":292,"column":8},"end":{"line":292,"column":27}},"27":{"start":{"line":320,"column":8},"end":{"line":320,"column":81}},"28":{"start":{"line":321,"column":8},"end":{"line":321,"column":55}},"29":{"start":{"line":322,"column":8},"end":{"line":322,"column":87}},"30":{"start":{"line":323,"column":8},"end":{"line":323,"column":93}},"31":{"start":{"line":324,"column":8},"end":{"line":324,"column":94}},"32":{"start":{"line":325,"column":8},"end":{"line":325,"column":61}},"33":{"start":{"line":327,"column":8},"end":{"line":327,"column":63}},"34":{"start":{"line":330,"column":8},"end":{"line":330,"column":66}},"35":{"start":{"line":358,"column":8},"end":{"line":358,"column":71}},"36":{"start":{"line":359,"column":8},"end":{"line":359,"column":77}},"37":{"start":{"line":360,"column":8},"end":{"line":360,"column":81}},"38":{"start":{"line":361,"column":8},"end":{"line":361,"column":68}},"39":{"start":{"line":362,"column":8},"end":{"line":362,"column":89}},"40":{"start":{"line":363,"column":8},"end":{"line":363,"column":94}},"41":{"start":{"line":364,"column":8},"end":{"line":364,"column":61}},"42":{"start":{"line":375,"column":8},"end":{"line":375,"column":84}},"43":{"start":{"line":390,"column":8},"end":{"line":390,"column":93}},"44":{"start":{"line":391,"column":8},"end":{"line":391,"column":100}},"45":{"start":{"line":392,"column":8},"end":{"line":392,"column":86}},"46":{"start":{"line":393,"column":8},"end":{"line":393,"column":92}},"47":{"start":{"line":394,"column":8},"end":{"line":394,"column":98}},"48":{"start":{"line":395,"column":8},"end":{"line":395,"column":94}},"49":{"start":{"line":396,"column":8},"end":{"line":396,"column":48}},"50":{"start":{"line":411,"column":8},"end":{"line":411,"column":76}},"51":{"start":{"line":412,"column":8},"end":{"line":412,"column":95}},"52":{"start":{"line":413,"column":8},"end":{"line":413,"column":98}},"53":{"start":{"line":414,"column":8},"end":{"line":414,"column":107}},"54":{"start":{"line":418,"column":8},"end":{"line":418,"column":37}},"55":{"start":{"line":433,"column":8},"end":{"line":433,"column":76}},"56":{"start":{"line":434,"column":8},"end":{"line":434,"column":104}},"57":{"start":{"line":435,"column":8},"end":{"line":435,"column":87}},"58":{"start":{"line":436,"column":8},"end":{"line":436,"column":93}},"59":{"start":{"line":437,"column":8},"end":{"line":437,"column":99}},"60":{"start":{"line":439,"column":8},"end":{"line":439,"column":18675}},"61":{"start":{"line":440,"column":12},"end":{"line":440,"column":18753}},"62":{"start":{"line":458,"column":8},"end":{"line":458,"column":79}},"63":{"start":{"line":459,"column":8},"end":{"line":459,"column":59}},"64":{"start":{"line":460,"column":8},"end":{"line":460,"column":83}},"65":{"start":{"line":461,"column":8},"end":{"line":461,"column":74}},"66":{"start":{"line":462,"column":8},"end":{"line":462,"column":44}},"67":{"start":{"line":467,"column":8},"end":{"line":467,"column":19}},"68":{"start":{"line":474,"column":8},"end":{"line":474,"column":47}},"69":{"start":{"line":475,"column":8},"end":{"line":475,"column":71}},"70":{"start":{"line":476,"column":8},"end":{"line":476,"column":70}},"71":{"start":{"line":477,"column":8},"end":{"line":477,"column":63}},"72":{"start":{"line":491,"column":8},"end":{"line":491,"column":70}},"73":{"start":{"line":492,"column":8},"end":{"line":492,"column":56}},"74":{"start":{"line":573,"column":8},"end":{"line":573,"column":76}},"75":{"start":{"line":574,"column":8},"end":{"line":574,"column":78}},"76":{"start":{"line":575,"column":8},"end":{"line":575,"column":61}},"77":{"start":{"line":581,"column":8},"end":{"line":581,"column":47}},"78":{"start":{"line":582,"column":8},"end":{"line":582,"column":48}},"79":{"start":{"line":589,"column":8},"end":{"line":589,"column":36}},"80":{"start":{"line":596,"column":8},"end":{"line":596,"column":41}},"81":{"start":{"line":603,"column":8},"end":{"line":603,"column":35}},"82":{"start":{"line":610,"column":8},"end":{"line":610,"column":53}},"83":{"start":{"line":615,"column":8},"end":{"line":615,"column":48}},"84":{"start":{"line":616,"column":8},"end":{"line":616,"column":25920}},"85":{"start":{"line":617,"column":12},"end":{"line":617,"column":25985}},"86":{"start":{"line":618,"column":16},"end":{"line":618,"column":24}},"87":{"start":{"line":621,"column":8},"end":{"line":621,"column":55}},"88":{"start":{"line":628,"column":8},"end":{"line":628,"column":39}},"89":{"start":{"line":637,"column":8},"end":{"line":637,"column":26762}},"90":{"start":{"line":649,"column":8},"end":{"line":649,"column":27291}},"91":{"start":{"line":650,"column":12},"end":{"line":650,"column":27338}},"92":{"start":{"line":651,"column":16},"end":{"line":651,"column":77}},"93":{"start":{"line":653,"column":19},"end":{"line":653,"column":27555}},"94":{"start":{"line":654,"column":16},"end":{"line":654,"column":75}},"95":{"start":{"line":656,"column":19},"end":{"line":656,"column":27763}},"96":{"start":{"line":657,"column":16},"end":{"line":657,"column":74}},"97":{"start":{"line":659,"column":19},"end":{"line":659,"column":27971}},"98":{"start":{"line":663,"column":12},"end":{"line":663,"column":28092}},"99":{"start":{"line":664,"column":16},"end":{"line":664,"column":77}},"100":{"start":{"line":666,"column":19},"end":{"line":666,"column":28285}},"101":{"start":{"line":667,"column":16},"end":{"line":667,"column":75}},"102":{"start":{"line":669,"column":19},"end":{"line":669,"column":28471}},"103":{"start":{"line":670,"column":16},"end":{"line":670,"column":74}},"104":{"start":{"line":672,"column":19},"end":{"line":672,"column":28658}},"105":{"start":{"line":676,"column":8},"end":{"line":676,"column":21}},"106":{"start":{"line":685,"column":8},"end":{"line":685,"column":80}},"107":{"start":{"line":686,"column":8},"end":{"line":686,"column":108}},"108":{"start":{"line":687,"column":8},"end":{"line":687,"column":84}},"109":{"start":{"line":688,"column":8},"end":{"line":688,"column":114}},"110":{"start":{"line":690,"column":8},"end":{"line":690,"column":76}},"111":{"start":{"line":691,"column":8},"end":{"line":691,"column":29702}},"112":{"start":{"line":692,"column":12},"end":{"line":692,"column":29758}},"113":{"start":{"line":694,"column":19},"end":{"line":694,"column":29889}},"114":{"start":{"line":696,"column":19},"end":{"line":696,"column":30019}},"115":{"start":{"line":699,"column":15},"end":{"line":699,"column":30162}},"116":{"start":{"line":700,"column":12},"end":{"line":700,"column":30218}},"117":{"start":{"line":702,"column":19},"end":{"line":702,"column":30399}},"118":{"start":{"line":705,"column":15},"end":{"line":705,"column":30594}},"119":{"start":{"line":708,"column":8},"end":{"line":708,"column":21}},"120":{"start":{"line":716,"column":8},"end":{"line":716,"column":31157}},"121":{"start":{"line":717,"column":12},"end":{"line":717,"column":31198}},"122":{"start":{"line":718,"column":16},"end":{"line":718,"column":72}},"123":{"start":{"line":720,"column":19},"end":{"line":720,"column":31397}},"124":{"start":{"line":721,"column":16},"end":{"line":721,"column":70}},"125":{"start":{"line":723,"column":19},"end":{"line":723,"column":31589}},"126":{"start":{"line":724,"column":16},"end":{"line":724,"column":69}},"127":{"start":{"line":726,"column":19},"end":{"line":726,"column":31780}},"128":{"start":{"line":727,"column":16},"end":{"line":727,"column":71}},"129":{"start":{"line":731,"column":12},"end":{"line":731,"column":31999}},"130":{"start":{"line":733,"column":19},"end":{"line":733,"column":32125}},"131":{"start":{"line":735,"column":19},"end":{"line":735,"column":32246}},"132":{"start":{"line":737,"column":19},"end":{"line":737,"column":32367}},"133":{"start":{"line":741,"column":8},"end":{"line":741,"column":21}},"134":{"start":{"line":748,"column":8},"end":{"line":748,"column":83}},"135":{"start":{"line":749,"column":8},"end":{"line":749,"column":68}},"136":{"start":{"line":759,"column":8},"end":{"line":759,"column":33350}},"137":{"start":{"line":760,"column":12},"end":{"line":760,"column":33430}},"138":{"start":{"line":761,"column":16},"end":{"line":761,"column":27}},"139":{"start":{"line":764,"column":8},"end":{"line":764,"column":20}},"140":{"start":{"line":770,"column":8},"end":{"line":770,"column":16}},"141":{"start":{"line":776,"column":8},"end":{"line":776,"column":32}},"142":{"start":{"line":791,"column":8},"end":{"line":791,"column":34450}},"143":{"start":{"line":795,"column":8},"end":{"line":795,"column":63}},"144":{"start":{"line":806,"column":8},"end":{"line":806,"column":35070}},"145":{"start":{"line":807,"column":12},"end":{"line":807,"column":35150}},"146":{"start":{"line":808,"column":16},"end":{"line":808,"column":27}},"147":{"start":{"line":810,"column":16},"end":{"line":810,"column":28}},"148":{"start":{"line":813,"column":8},"end":{"line":813,"column":20}}},"branchMap":{"1":{"line":162,"type":"if","locations":[{"start":{"line":162,"column":13},"end":{"line":162,"column":13}},{"start":{"line":162,"column":13},"end":{"line":162,"column":13}}]},"2":{"line":162,"type":"if","locations":[{"start":{"line":162,"column":32},"end":{"line":162,"column":32}},{"start":{"line":162,"column":32},"end":{"line":162,"column":32}}]},"3":{"line":163,"type":"if","locations":[{"start":{"line":163,"column":8},"end":{"line":163,"column":8}},{"start":{"line":163,"column":8},"end":{"line":163,"column":8}}]},"4":{"line":186,"type":"if","locations":[{"start":{"line":186,"column":8},"end":{"line":186,"column":8}},{"start":{"line":186,"column":8},"end":{"line":186,"column":8}}]},"5":{"line":192,"type":"if","locations":[{"start":{"line":192,"column":8},"end":{"line":192,"column":8}},{"start":{"line":192,"column":8},"end":{"line":192,"column":8}}]},"6":{"line":200,"type":"if","locations":[{"start":{"line":200,"column":8},"end":{"line":200,"column":8}},{"start":{"line":200,"column":8},"end":{"line":200,"column":8}}]},"7":{"line":209,"type":"if","locations":[{"start":{"line":209,"column":8},"end":{"line":209,"column":8}},{"start":{"line":209,"column":8},"end":{"line":209,"column":8}}]},"8":{"line":218,"type":"if","locations":[{"start":{"line":218,"column":8},"end":{"line":218,"column":8}},{"start":{"line":218,"column":8},"end":{"line":218,"column":8}}]},"9":{"line":225,"type":"if","locations":[{"start":{"line":225,"column":8},"end":{"line":225,"column":8}},{"start":{"line":225,"column":8},"end":{"line":225,"column":8}}]},"10":{"line":231,"type":"if","locations":[{"start":{"line":231,"column":8},"end":{"line":231,"column":8}},{"start":{"line":231,"column":8},"end":{"line":231,"column":8}}]},"11":{"line":237,"type":"if","locations":[{"start":{"line":237,"column":8},"end":{"line":237,"column":8}},{"start":{"line":237,"column":8},"end":{"line":237,"column":8}}]},"12":{"line":238,"type":"cond-expr","locations":[{"start":{"line":238,"column":12},"end":{"line":238,"column":45}},{"start":{"line":238,"column":50},"end":{"line":238,"column":80}}]},"13":{"line":261,"type":"if","locations":[{"start":{"line":261,"column":8},"end":{"line":261,"column":8}},{"start":{"line":261,"column":8},"end":{"line":261,"column":8}}]},"14":{"line":262,"type":"if","locations":[{"start":{"line":262,"column":8},"end":{"line":262,"column":8}},{"start":{"line":262,"column":8},"end":{"line":262,"column":8}}]},"15":{"line":263,"type":"if","locations":[{"start":{"line":263,"column":8},"end":{"line":263,"column":8}},{"start":{"line":263,"column":8},"end":{"line":263,"column":8}}]},"16":{"line":264,"type":"if","locations":[{"start":{"line":264,"column":8},"end":{"line":264,"column":8}},{"start":{"line":264,"column":8},"end":{"line":264,"column":8}}]},"17":{"line":266,"type":"if","locations":[{"start":{"line":266,"column":8},"end":{"line":266,"column":8}},{"start":{"line":266,"column":8},"end":{"line":266,"column":8}}]},"18":{"line":267,"type":"if","locations":[{"start":{"line":267,"column":8},"end":{"line":267,"column":8}},{"start":{"line":267,"column":8},"end":{"line":267,"column":8}}]},"19":{"line":272,"type":"if","locations":[{"start":{"line":272,"column":8},"end":{"line":272,"column":8}},{"start":{"line":272,"column":8},"end":{"line":272,"column":8}}]},"20":{"line":275,"type":"if","locations":[{"start":{"line":275,"column":8},"end":{"line":275,"column":8}},{"start":{"line":275,"column":8},"end":{"line":275,"column":8}}]},"21":{"line":285,"type":"if","locations":[{"start":{"line":285,"column":31},"end":{"line":285,"column":31}},{"start":{"line":285,"column":31},"end":{"line":285,"column":31}}]},"22":{"line":285,"type":"if","locations":[{"start":{"line":285,"column":43},"end":{"line":285,"column":43}},{"start":{"line":285,"column":43},"end":{"line":285,"column":43}}]},"23":{"line":285,"type":"if","locations":[{"start":{"line":285,"column":55},"end":{"line":285,"column":55}},{"start":{"line":285,"column":55},"end":{"line":285,"column":55}}]},"24":{"line":314,"type":"if","locations":[{"start":{"line":314,"column":8},"end":{"line":314,"column":8}},{"start":{"line":314,"column":8},"end":{"line":314,"column":8}}]},"25":{"line":315,"type":"if","locations":[{"start":{"line":315,"column":8},"end":{"line":315,"column":8}},{"start":{"line":315,"column":8},"end":{"line":315,"column":8}}]},"26":{"line":316,"type":"if","locations":[{"start":{"line":316,"column":8},"end":{"line":316,"column":8}},{"start":{"line":316,"column":8},"end":{"line":316,"column":8}}]},"27":{"line":317,"type":"if","locations":[{"start":{"line":317,"column":8},"end":{"line":317,"column":8}},{"start":{"line":317,"column":8},"end":{"line":317,"column":8}}]},"28":{"line":318,"type":"if","locations":[{"start":{"line":318,"column":8},"end":{"line":318,"column":8}},{"start":{"line":318,"column":8},"end":{"line":318,"column":8}}]},"29":{"line":320,"type":"if","locations":[{"start":{"line":320,"column":8},"end":{"line":320,"column":8}},{"start":{"line":320,"column":8},"end":{"line":320,"column":8}}]},"30":{"line":325,"type":"if","locations":[{"start":{"line":325,"column":8},"end":{"line":325,"column":8}},{"start":{"line":325,"column":8},"end":{"line":325,"column":8}}]},"31":{"line":353,"type":"if","locations":[{"start":{"line":353,"column":8},"end":{"line":353,"column":8}},{"start":{"line":353,"column":8},"end":{"line":353,"column":8}}]},"32":{"line":354,"type":"if","locations":[{"start":{"line":354,"column":8},"end":{"line":354,"column":8}},{"start":{"line":354,"column":8},"end":{"line":354,"column":8}}]},"33":{"line":355,"type":"if","locations":[{"start":{"line":355,"column":8},"end":{"line":355,"column":8}},{"start":{"line":355,"column":8},"end":{"line":355,"column":8}}]},"34":{"line":356,"type":"if","locations":[{"start":{"line":356,"column":8},"end":{"line":356,"column":8}},{"start":{"line":356,"column":8},"end":{"line":356,"column":8}}]},"35":{"line":358,"type":"if","locations":[{"start":{"line":358,"column":8},"end":{"line":358,"column":8}},{"start":{"line":358,"column":8},"end":{"line":358,"column":8}}]},"36":{"line":359,"type":"if","locations":[{"start":{"line":359,"column":8},"end":{"line":359,"column":8}},{"start":{"line":359,"column":8},"end":{"line":359,"column":8}}]},"37":{"line":360,"type":"if","locations":[{"start":{"line":360,"column":8},"end":{"line":360,"column":8}},{"start":{"line":360,"column":8},"end":{"line":360,"column":8}}]},"38":{"line":364,"type":"if","locations":[{"start":{"line":364,"column":8},"end":{"line":364,"column":8}},{"start":{"line":364,"column":8},"end":{"line":364,"column":8}}]},"39":{"line":371,"type":"if","locations":[{"start":{"line":371,"column":54},"end":{"line":371,"column":54}},{"start":{"line":371,"column":54},"end":{"line":371,"column":54}}]},"40":{"line":371,"type":"if","locations":[{"start":{"line":371,"column":66},"end":{"line":371,"column":66}},{"start":{"line":371,"column":66},"end":{"line":371,"column":66}}]},"41":{"line":371,"type":"if","locations":[{"start":{"line":371,"column":90},"end":{"line":371,"column":90}},{"start":{"line":371,"column":90},"end":{"line":371,"column":90}}]},"42":{"line":371,"type":"if","locations":[{"start":{"line":371,"column":118},"end":{"line":371,"column":118}},{"start":{"line":371,"column":118},"end":{"line":371,"column":118}}]},"43":{"line":385,"type":"if","locations":[{"start":{"line":385,"column":8},"end":{"line":385,"column":8}},{"start":{"line":385,"column":8},"end":{"line":385,"column":8}}]},"44":{"line":386,"type":"if","locations":[{"start":{"line":386,"column":8},"end":{"line":386,"column":8}},{"start":{"line":386,"column":8},"end":{"line":386,"column":8}}]},"45":{"line":387,"type":"if","locations":[{"start":{"line":387,"column":8},"end":{"line":387,"column":8}},{"start":{"line":387,"column":8},"end":{"line":387,"column":8}}]},"46":{"line":388,"type":"if","locations":[{"start":{"line":388,"column":8},"end":{"line":388,"column":8}},{"start":{"line":388,"column":8},"end":{"line":388,"column":8}}]},"47":{"line":390,"type":"if","locations":[{"start":{"line":390,"column":8},"end":{"line":390,"column":8}},{"start":{"line":390,"column":8},"end":{"line":390,"column":8}}]},"48":{"line":391,"type":"if","locations":[{"start":{"line":391,"column":8},"end":{"line":391,"column":8}},{"start":{"line":391,"column":8},"end":{"line":391,"column":8}}]},"49":{"line":392,"type":"if","locations":[{"start":{"line":392,"column":8},"end":{"line":392,"column":8}},{"start":{"line":392,"column":8},"end":{"line":392,"column":8}}]},"50":{"line":393,"type":"if","locations":[{"start":{"line":393,"column":8},"end":{"line":393,"column":8}},{"start":{"line":393,"column":8},"end":{"line":393,"column":8}}]},"51":{"line":394,"type":"if","locations":[{"start":{"line":394,"column":8},"end":{"line":394,"column":8}},{"start":{"line":394,"column":8},"end":{"line":394,"column":8}}]},"52":{"line":395,"type":"if","locations":[{"start":{"line":395,"column":8},"end":{"line":395,"column":8}},{"start":{"line":395,"column":8},"end":{"line":395,"column":8}}]},"53":{"line":405,"type":"if","locations":[{"start":{"line":405,"column":8},"end":{"line":405,"column":8}},{"start":{"line":405,"column":8},"end":{"line":405,"column":8}}]},"54":{"line":406,"type":"if","locations":[{"start":{"line":406,"column":8},"end":{"line":406,"column":8}},{"start":{"line":406,"column":8},"end":{"line":406,"column":8}}]},"55":{"line":407,"type":"if","locations":[{"start":{"line":407,"column":8},"end":{"line":407,"column":8}},{"start":{"line":407,"column":8},"end":{"line":407,"column":8}}]},"56":{"line":408,"type":"if","locations":[{"start":{"line":408,"column":8},"end":{"line":408,"column":8}},{"start":{"line":408,"column":8},"end":{"line":408,"column":8}}]},"57":{"line":409,"type":"if","locations":[{"start":{"line":409,"column":8},"end":{"line":409,"column":8}},{"start":{"line":409,"column":8},"end":{"line":409,"column":8}}]},"58":{"line":411,"type":"if","locations":[{"start":{"line":411,"column":8},"end":{"line":411,"column":8}},{"start":{"line":411,"column":8},"end":{"line":411,"column":8}}]},"59":{"line":412,"type":"if","locations":[{"start":{"line":412,"column":8},"end":{"line":412,"column":8}},{"start":{"line":412,"column":8},"end":{"line":412,"column":8}}]},"60":{"line":413,"type":"if","locations":[{"start":{"line":413,"column":8},"end":{"line":413,"column":8}},{"start":{"line":413,"column":8},"end":{"line":413,"column":8}}]},"61":{"line":414,"type":"if","locations":[{"start":{"line":414,"column":8},"end":{"line":414,"column":8}},{"start":{"line":414,"column":8},"end":{"line":414,"column":8}}]},"62":{"line":427,"type":"if","locations":[{"start":{"line":427,"column":8},"end":{"line":427,"column":8}},{"start":{"line":427,"column":8},"end":{"line":427,"column":8}}]},"63":{"line":428,"type":"if","locations":[{"start":{"line":428,"column":8},"end":{"line":428,"column":8}},{"start":{"line":428,"column":8},"end":{"line":428,"column":8}}]},"64":{"line":429,"type":"if","locations":[{"start":{"line":429,"column":8},"end":{"line":429,"column":8}},{"start":{"line":429,"column":8},"end":{"line":429,"column":8}}]},"65":{"line":430,"type":"if","locations":[{"start":{"line":430,"column":8},"end":{"line":430,"column":8}},{"start":{"line":430,"column":8},"end":{"line":430,"column":8}}]},"66":{"line":431,"type":"if","locations":[{"start":{"line":431,"column":8},"end":{"line":431,"column":8}},{"start":{"line":431,"column":8},"end":{"line":431,"column":8}}]},"67":{"line":433,"type":"if","locations":[{"start":{"line":433,"column":8},"end":{"line":433,"column":8}},{"start":{"line":433,"column":8},"end":{"line":433,"column":8}}]},"68":{"line":434,"type":"if","locations":[{"start":{"line":434,"column":8},"end":{"line":434,"column":8}},{"start":{"line":434,"column":8},"end":{"line":434,"column":8}}]},"69":{"line":435,"type":"if","locations":[{"start":{"line":435,"column":8},"end":{"line":435,"column":8}},{"start":{"line":435,"column":8},"end":{"line":435,"column":8}}]},"70":{"line":436,"type":"if","locations":[{"start":{"line":436,"column":8},"end":{"line":436,"column":8}},{"start":{"line":436,"column":8},"end":{"line":436,"column":8}}]},"71":{"line":437,"type":"if","locations":[{"start":{"line":437,"column":8},"end":{"line":437,"column":8}},{"start":{"line":437,"column":8},"end":{"line":437,"column":8}}]},"72":{"line":440,"type":"if","locations":[{"start":{"line":440,"column":12},"end":{"line":440,"column":12}},{"start":{"line":440,"column":12},"end":{"line":440,"column":12}}]},"73":{"line":455,"type":"if","locations":[{"start":{"line":455,"column":8},"end":{"line":455,"column":8}},{"start":{"line":455,"column":8},"end":{"line":455,"column":8}}]},"74":{"line":456,"type":"if","locations":[{"start":{"line":456,"column":8},"end":{"line":456,"column":8}},{"start":{"line":456,"column":8},"end":{"line":456,"column":8}}]},"75":{"line":458,"type":"if","locations":[{"start":{"line":458,"column":8},"end":{"line":458,"column":8}},{"start":{"line":458,"column":8},"end":{"line":458,"column":8}}]},"76":{"line":459,"type":"if","locations":[{"start":{"line":459,"column":8},"end":{"line":459,"column":8}},{"start":{"line":459,"column":8},"end":{"line":459,"column":8}}]},"77":{"line":460,"type":"if","locations":[{"start":{"line":460,"column":8},"end":{"line":460,"column":8}},{"start":{"line":460,"column":8},"end":{"line":460,"column":8}}]},"78":{"line":473,"type":"if","locations":[{"start":{"line":473,"column":63},"end":{"line":473,"column":63}},{"start":{"line":473,"column":63},"end":{"line":473,"column":63}}]},"79":{"line":475,"type":"if","locations":[{"start":{"line":475,"column":8},"end":{"line":475,"column":8}},{"start":{"line":475,"column":8},"end":{"line":475,"column":8}}]},"80":{"line":476,"type":"if","locations":[{"start":{"line":476,"column":8},"end":{"line":476,"column":8}},{"start":{"line":476,"column":8},"end":{"line":476,"column":8}}]},"81":{"line":477,"type":"if","locations":[{"start":{"line":477,"column":8},"end":{"line":477,"column":8}},{"start":{"line":477,"column":8},"end":{"line":477,"column":8}}]},"82":{"line":488,"type":"if","locations":[{"start":{"line":488,"column":8},"end":{"line":488,"column":8}},{"start":{"line":488,"column":8},"end":{"line":488,"column":8}}]},"83":{"line":489,"type":"if","locations":[{"start":{"line":489,"column":8},"end":{"line":489,"column":8}},{"start":{"line":489,"column":8},"end":{"line":489,"column":8}}]},"84":{"line":491,"type":"if","locations":[{"start":{"line":491,"column":8},"end":{"line":491,"column":8}},{"start":{"line":491,"column":8},"end":{"line":491,"column":8}}]},"85":{"line":499,"type":"if","locations":[{"start":{"line":499,"column":37},"end":{"line":499,"column":37}},{"start":{"line":499,"column":37},"end":{"line":499,"column":37}}]},"86":{"line":505,"type":"if","locations":[{"start":{"line":505,"column":57},"end":{"line":505,"column":57}},{"start":{"line":505,"column":57},"end":{"line":505,"column":57}}]},"87":{"line":511,"type":"if","locations":[{"start":{"line":511,"column":53},"end":{"line":511,"column":53}},{"start":{"line":511,"column":53},"end":{"line":511,"column":53}}]},"88":{"line":517,"type":"if","locations":[{"start":{"line":517,"column":56},"end":{"line":517,"column":56}},{"start":{"line":517,"column":56},"end":{"line":517,"column":56}}]},"89":{"line":523,"type":"if","locations":[{"start":{"line":523,"column":54},"end":{"line":523,"column":54}},{"start":{"line":523,"column":54},"end":{"line":523,"column":54}}]},"90":{"line":529,"type":"if","locations":[{"start":{"line":529,"column":55},"end":{"line":529,"column":55}},{"start":{"line":529,"column":55},"end":{"line":529,"column":55}}]},"91":{"line":535,"type":"if","locations":[{"start":{"line":535,"column":55},"end":{"line":535,"column":55}},{"start":{"line":535,"column":55},"end":{"line":535,"column":55}}]},"92":{"line":541,"type":"if","locations":[{"start":{"line":541,"column":61},"end":{"line":541,"column":61}},{"start":{"line":541,"column":61},"end":{"line":541,"column":61}}]},"93":{"line":547,"type":"if","locations":[{"start":{"line":547,"column":59},"end":{"line":547,"column":59}},{"start":{"line":547,"column":59},"end":{"line":547,"column":59}}]},"94":{"line":553,"type":"if","locations":[{"start":{"line":553,"column":60},"end":{"line":553,"column":60}},{"start":{"line":553,"column":60},"end":{"line":553,"column":60}}]},"95":{"line":559,"type":"if","locations":[{"start":{"line":559,"column":65},"end":{"line":559,"column":65}},{"start":{"line":559,"column":65},"end":{"line":559,"column":65}}]},"96":{"line":566,"type":"if","locations":[{"start":{"line":566,"column":61},"end":{"line":566,"column":61}},{"start":{"line":566,"column":61},"end":{"line":566,"column":61}}]},"97":{"line":572,"type":"if","locations":[{"start":{"line":572,"column":52},"end":{"line":572,"column":52}},{"start":{"line":572,"column":52},"end":{"line":572,"column":52}}]},"98":{"line":575,"type":"if","locations":[{"start":{"line":575,"column":8},"end":{"line":575,"column":8}},{"start":{"line":575,"column":8},"end":{"line":575,"column":8}}]},"99":{"line":580,"type":"if","locations":[{"start":{"line":580,"column":36},"end":{"line":580,"column":36}},{"start":{"line":580,"column":36},"end":{"line":580,"column":36}}]},"100":{"line":617,"type":"if","locations":[{"start":{"line":617,"column":12},"end":{"line":617,"column":12}},{"start":{"line":617,"column":12},"end":{"line":617,"column":12}}]},"101":{"line":637,"type":"if","locations":[{"start":{"line":637,"column":8},"end":{"line":637,"column":8}},{"start":{"line":637,"column":8},"end":{"line":637,"column":8}}]},"102":{"line":637,"type":"cond-expr","locations":[{"start":{"line":637,"column":12},"end":{"line":637,"column":39}},{"start":{"line":637,"column":44},"end":{"line":637,"column":68}}]},"103":{"line":649,"type":"if","locations":[{"start":{"line":649,"column":8},"end":{"line":649,"column":8}},{"start":{"line":649,"column":8},"end":{"line":649,"column":8}}]},"104":{"line":650,"type":"if","locations":[{"start":{"line":650,"column":12},"end":{"line":650,"column":12}},{"start":{"line":650,"column":12},"end":{"line":650,"column":12}}]},"105":{"line":653,"type":"if","locations":[{"start":{"line":653,"column":19},"end":{"line":653,"column":19}},{"start":{"line":653,"column":19},"end":{"line":653,"column":19}}]},"106":{"line":656,"type":"if","locations":[{"start":{"line":656,"column":19},"end":{"line":656,"column":19}},{"start":{"line":656,"column":19},"end":{"line":656,"column":19}}]},"107":{"line":659,"type":"if","locations":[{"start":{"line":659,"column":19},"end":{"line":659,"column":19}},{"start":{"line":659,"column":19},"end":{"line":659,"column":19}}]},"108":{"line":663,"type":"if","locations":[{"start":{"line":663,"column":12},"end":{"line":663,"column":12}},{"start":{"line":663,"column":12},"end":{"line":663,"column":12}}]},"109":{"line":666,"type":"if","locations":[{"start":{"line":666,"column":19},"end":{"line":666,"column":19}},{"start":{"line":666,"column":19},"end":{"line":666,"column":19}}]},"110":{"line":669,"type":"if","locations":[{"start":{"line":669,"column":19},"end":{"line":669,"column":19}},{"start":{"line":669,"column":19},"end":{"line":669,"column":19}}]},"111":{"line":672,"type":"if","locations":[{"start":{"line":672,"column":19},"end":{"line":672,"column":19}},{"start":{"line":672,"column":19},"end":{"line":672,"column":19}}]},"112":{"line":685,"type":"if","locations":[{"start":{"line":685,"column":8},"end":{"line":685,"column":8}},{"start":{"line":685,"column":8},"end":{"line":685,"column":8}}]},"113":{"line":686,"type":"if","locations":[{"start":{"line":686,"column":8},"end":{"line":686,"column":8}},{"start":{"line":686,"column":8},"end":{"line":686,"column":8}}]},"114":{"line":687,"type":"if","locations":[{"start":{"line":687,"column":8},"end":{"line":687,"column":8}},{"start":{"line":687,"column":8},"end":{"line":687,"column":8}}]},"115":{"line":688,"type":"if","locations":[{"start":{"line":688,"column":8},"end":{"line":688,"column":8}},{"start":{"line":688,"column":8},"end":{"line":688,"column":8}}]},"116":{"line":691,"type":"if","locations":[{"start":{"line":691,"column":8},"end":{"line":691,"column":8}},{"start":{"line":691,"column":8},"end":{"line":691,"column":8}}]},"117":{"line":692,"type":"if","locations":[{"start":{"line":692,"column":12},"end":{"line":692,"column":12}},{"start":{"line":692,"column":12},"end":{"line":692,"column":12}}]},"118":{"line":694,"type":"if","locations":[{"start":{"line":694,"column":19},"end":{"line":694,"column":19}},{"start":{"line":694,"column":19},"end":{"line":694,"column":19}}]},"119":{"line":696,"type":"if","locations":[{"start":{"line":696,"column":19},"end":{"line":696,"column":19}},{"start":{"line":696,"column":19},"end":{"line":696,"column":19}}]},"120":{"line":699,"type":"if","locations":[{"start":{"line":699,"column":15},"end":{"line":699,"column":15}},{"start":{"line":699,"column":15},"end":{"line":699,"column":15}}]},"121":{"line":700,"type":"if","locations":[{"start":{"line":700,"column":12},"end":{"line":700,"column":12}},{"start":{"line":700,"column":12},"end":{"line":700,"column":12}}]},"122":{"line":702,"type":"if","locations":[{"start":{"line":702,"column":19},"end":{"line":702,"column":19}},{"start":{"line":702,"column":19},"end":{"line":702,"column":19}}]},"123":{"line":705,"type":"if","locations":[{"start":{"line":705,"column":15},"end":{"line":705,"column":15}},{"start":{"line":705,"column":15},"end":{"line":705,"column":15}}]},"124":{"line":716,"type":"if","locations":[{"start":{"line":716,"column":8},"end":{"line":716,"column":8}},{"start":{"line":716,"column":8},"end":{"line":716,"column":8}}]},"125":{"line":717,"type":"if","locations":[{"start":{"line":717,"column":12},"end":{"line":717,"column":12}},{"start":{"line":717,"column":12},"end":{"line":717,"column":12}}]},"126":{"line":720,"type":"if","locations":[{"start":{"line":720,"column":19},"end":{"line":720,"column":19}},{"start":{"line":720,"column":19},"end":{"line":720,"column":19}}]},"127":{"line":723,"type":"if","locations":[{"start":{"line":723,"column":19},"end":{"line":723,"column":19}},{"start":{"line":723,"column":19},"end":{"line":723,"column":19}}]},"128":{"line":726,"type":"if","locations":[{"start":{"line":726,"column":19},"end":{"line":726,"column":19}},{"start":{"line":726,"column":19},"end":{"line":726,"column":19}}]},"129":{"line":731,"type":"if","locations":[{"start":{"line":731,"column":12},"end":{"line":731,"column":12}},{"start":{"line":731,"column":12},"end":{"line":731,"column":12}}]},"130":{"line":733,"type":"if","locations":[{"start":{"line":733,"column":19},"end":{"line":733,"column":19}},{"start":{"line":733,"column":19},"end":{"line":733,"column":19}}]},"131":{"line":735,"type":"if","locations":[{"start":{"line":735,"column":19},"end":{"line":735,"column":19}},{"start":{"line":735,"column":19},"end":{"line":735,"column":19}}]},"132":{"line":737,"type":"if","locations":[{"start":{"line":737,"column":19},"end":{"line":737,"column":19}},{"start":{"line":737,"column":19},"end":{"line":737,"column":19}}]},"133":{"line":748,"type":"if","locations":[{"start":{"line":748,"column":8},"end":{"line":748,"column":8}},{"start":{"line":748,"column":8},"end":{"line":748,"column":8}}]},"134":{"line":760,"type":"if","locations":[{"start":{"line":760,"column":12},"end":{"line":760,"column":12}},{"start":{"line":760,"column":12},"end":{"line":760,"column":12}}]},"135":{"line":791,"type":"if","locations":[{"start":{"line":791,"column":8},"end":{"line":791,"column":8}},{"start":{"line":791,"column":8},"end":{"line":791,"column":8}}]},"136":{"line":807,"type":"if","locations":[{"start":{"line":807,"column":12},"end":{"line":807,"column":12}},{"start":{"line":807,"column":12},"end":{"line":807,"column":12}}]}}},
"contracts/mock/dai.sol":{"l":{"11":691},"path":"/home/ser-orphan/Workspace/DecentrAgora/dAgora Contracts/V1 Upgraedable/contracts/mock/dai.sol","s":{"1":691},"b":{},"f":{"1":855,"2":691},"fnMap":{"1":{"name":"constructor","line":8,"loc":{"start":{"line":8,"column":4},"end":{"line":8,"column":54}}},"2":{"name":"mint","line":10,"loc":{"start":{"line":10,"column":4},"end":{"line":12,"column":4}}}},"statementMap":{"1":{"start":{"line":11,"column":8},"end":{"line":11,"column":40}}},"branchMap":{}},
"contracts/mock/ReentrancyAttack.sol":{"l":{},"path":"/home/ser-orphan/Workspace/DecentrAgora/dAgora Contracts/V1 Upgraedable/contracts/mock/ReentrancyAttack.sol","s":{},"b":{},"f":{},"fnMap":{},"statementMap":{},"branchMap":{}},
"contracts/mock/ReentrancyMock.sol":{"l":{},"path":"/home/ser-orphan/Workspace/DecentrAgora/dAgora Contracts/V1 Upgraedable/contracts/mock/ReentrancyMock.sol","s":{},"b":{},"f":{},"fnMap":{},"statementMap":{},"branchMap":{}},
"contracts/wizards/dAgoraERC20.sol":{"l":{"27":17,"28":17,"29":17,"30":17,"37":3,"38":2,"39":1,"46":1,"51":18,"60":20,"61":19},"path":"/home/ser-orphan/Workspace/DecentrAgora/dAgora Contracts/V1 Upgraedable/contracts/wizards/dAgoraERC20.sol","s":{"1":17,"2":17,"3":3,"4":2,"5":1,"6":1,"7":20,"8":19},"b":{"1":[3,1],"2":[2,1],"3":[1,1],"4":[1,1],"5":[18,1],"6":[19,1]},"f":{"1":17,"2":3,"3":1,"4":18,"5":20},"fnMap":{"1":{"name":"constructor","line":25,"loc":{"start":{"line":24,"column":4},"end":{"line":31,"column":4}}},"2":{"name":"mint","line":36,"loc":{"start":{"line":36,"column":4},"end":{"line":40,"column":4}}},"3":{"name":"burn","line":45,"loc":{"start":{"line":45,"column":4},"end":{"line":47,"column":4}}},"4":{"name":"togglePaused","line":50,"loc":{"start":{"line":50,"column":4},"end":{"line":52,"column":4}}},"5":{"name":"_beforeTokenTransfer","line":59,"loc":{"start":{"line":59,"column":4},"end":{"line":62,"column":4}}}},"statementMap":{"1":{"start":{"line":27,"column":8},"end":{"line":27,"column":36}},"2":{"start":{"line":29,"column":8},"end":{"line":29,"column":38}},"3":{"start":{"line":37,"column":8},"end":{"line":37,"column":86}},"4":{"start":{"line":38,"column":8},"end":{"line":38,"column":73}},"5":{"start":{"line":39,"column":8},"end":{"line":39,"column":24}},"6":{"start":{"line":46,"column":8},"end":{"line":46,"column":26}},"7":{"start":{"line":60,"column":8},"end":{"line":60,"column":63}},"8":{"start":{"line":61,"column":8},"end":{"line":61,"column":51}}},"branchMap":{"1":{"line":36,"type":"if","locations":[{"start":{"line":36,"column":55},"end":{"line":36,"column":55}},{"start":{"line":36,"column":55},"end":{"line":36,"column":55}}]},"2":{"line":37,"type":"if","locations":[{"start":{"line":37,"column":8},"end":{"line":37,"column":8}},{"start":{"line":37,"column":8},"end":{"line":37,"column":8}}]},"3":{"line":38,"type":"if","locations":[{"start":{"line":38,"column":8},"end":{"line":38,"column":8}},{"start":{"line":38,"column":8},"end":{"line":38,"column":8}}]},"4":{"line":45,"type":"if","locations":[{"start":{"line":45,"column":57},"end":{"line":45,"column":57}},{"start":{"line":45,"column":57},"end":{"line":45,"column":57}}]},"5":{"line":50,"type":"if","locations":[{"start":{"line":50,"column":37},"end":{"line":50,"column":37}},{"start":{"line":50,"column":37},"end":{"line":50,"column":37}}]},"6":{"line":60,"type":"if","locations":[{"start":{"line":60,"column":8},"end":{"line":60,"column":8}},{"start":{"line":60,"column":8},"end":{"line":60,"column":8}}]}}},
"contracts/wizards/DagoraERC20Upgradeable.sol":{"l":{},"path":"/home/ser-orphan/Workspace/DecentrAgora/dAgora Contracts/V1 Upgraedable/contracts/wizards/DagoraERC20Upgradeable.sol","s":{},"b":{},"f":{},"fnMap":{},"statementMap":{},"branchMap":{}},
"contracts/wizards/NFTAPlus.sol":{"l":{"71":43,"72":43,"73":43,"74":43,"75":43,"76":43,"77":43,"78":43,"79":43,"80":43,"81":43,"87":15,"88":13,"94":8,"95":7,"101":7,"102":6,"108":6,"112":5,"119":6,"120":5,"121":4,"122":3,"123":3,"140":5,"141":4,"142":3,"143":2,"144":2,"145":2,"152":24,"153":23,"154":22,"155":22,"162":2,"163":1,"170":1,"171":1,"178":1,"179":1,"186":1,"187":1,"194":1,"195":1,"202":1,"203":1,"210":1,"211":1,"217":18,"218":18,"224":10,"225":10,"231":1,"232":1,"239":2,"240":2,"241":2,"242":1,"246":1,"251":86},"path":"/home/ser-orphan/Workspace/DecentrAgora/dAgora Contracts/V1 Upgraedable/contracts/wizards/NFTAPlus.sol","s":{"1":43,"2":15,"3":8,"4":7,"5":6,"6":6,"7":5,"8":4,"9":3,"10":3,"11":5,"12":4,"13":3,"14":2,"15":2,"16":24,"17":23,"18":22,"19":22,"20":2,"21":1,"22":1,"23":1,"24":1,"25":1,"26":1,"27":1,"28":18,"29":10,"30":1,"31":1,"32":2,"33":2,"34":2,"35":1,"36":1,"37":86},"b":{"1":[13,2],"2":[7,1],"3":[6,1],"4":[5,1],"5":[7,1],"6":[6,1],"7":[6,0],"8":[5,1],"9":[4,1],"10":[3,1],"11":[7,1],"12":[6,1],"13":[6,0],"14":[5,1],"15":[4,1],"16":[3,1],"17":[2,1],"18":[24,1],"19":[23,1],"20":[22,1],"21":[1,1],"22":[1,1],"23":[1,1],"24":[1,1],"25":[1,1],"26":[1,1],"27":[1,1],"28":[18,1],"29":[10,1],"30":[1,1],"31":[2,1],"32":[1,1]},"f":{"1":43,"2":15,"3":8,"4":7,"5":6,"6":6,"7":5,"8":24,"9":2,"10":1,"11":1,"12":1,"13":1,"14":1,"15":1,"16":18,"17":10,"18":1,"19":2,"20":1,"21":86},"fnMap":{"1":{"name":"constructor","line":70,"loc":{"start":{"line":59,"column":4},"end":{"line":82,"column":4}}},"2":{"name":"isNotPaused","line":86,"loc":{"start":{"line":86,"column":4},"end":{"line":89,"column":4}}},"3":{"name":"_isPresale","line":93,"loc":{"start":{"line":93,"column":4},"end":{"line":96,"column":4}}},"4":{"name":"isPublicSale","line":100,"loc":{"start":{"line":100,"column":4},"end":{"line":103,"column":4}}},"5":{"name":"isValidMerkleProof","line":107,"loc":{"start":{"line":107,"column":4},"end":{"line":113,"column":4}}},"6":{"name":"mintNFT","line":118,"loc":{"start":{"line":118,"column":4},"end":{"line":124,"column":4}}},"7":{"name":"presaleMintNFT","line":138,"loc":{"start":{"line":130,"column":4},"end":{"line":146,"column":4}}},"8":{"name":"reserveTokens","line":151,"loc":{"start":{"line":151,"column":4},"end":{"line":156,"column":4}}},"9":{"name":"tokenURI","line":161,"loc":{"start":{"line":161,"column":4},"end":{"line":164,"column":4}}},"10":{"name":"setBaseURI","line":169,"loc":{"start":{"line":169,"column":4},"end":{"line":172,"column":4}}},"11":{"name":"setBaseExtension","line":177,"loc":{"start":{"line":177,"column":4},"end":{"line":180,"column":4}}},"12":{"name":"setMintPrice","line":185,"loc":{"start":{"line":185,"column":4},"end":{"line":188,"column":4}}},"13":{"name":"setPresaleMintPrice","line":193,"loc":{"start":{"line":193,"column":4},"end":{"line":196,"column":4}}},"14":{"name":"setBulkBuyLimit","line":201,"loc":{"start":{"line":201,"column":4},"end":{"line":204,"column":4}}},"15":{"name":"setMaxAllowListAmount","line":209,"loc":{"start":{"line":209,"column":4},"end":{"line":212,"column":4}}},"16":{"name":"togglePaused","line":216,"loc":{"start":{"line":216,"column":4},"end":{"line":219,"column":4}}},"17":{"name":"togglePresale","line":223,"loc":{"start":{"line":223,"column":4},"end":{"line":226,"column":4}}},"18":{"name":"withdrawETH","line":230,"loc":{"start":{"line":230,"column":4},"end":{"line":233,"column":4}}},"19":{"name":"withdrawERC20","line":238,"loc":{"start":{"line":238,"column":4},"end":{"line":243,"column":4}}},"20":{"name":"typeOf","line":245,"loc":{"start":{"line":245,"column":4},"end":{"line":247,"column":4}}},"21":{"name":"_startTokenId","line":250,"loc":{"start":{"line":250,"column":4},"end":{"line":252,"column":4}}}},"statementMap":{"1":{"start":{"line":81,"column":8},"end":{"line":81,"column":35}},"2":{"start":{"line":87,"column":8},"end":{"line":87,"column":47}},"3":{"start":{"line":94,"column":8},"end":{"line":94,"column":55}},"4":{"start":{"line":101,"column":8},"end":{"line":101,"column":60}},"5":{"start":{"line":108,"column":8},"end":{"line":108,"column":3978}},"6":{"start":{"line":119,"column":8},"end":{"line":119,"column":64}},"7":{"start":{"line":120,"column":8},"end":{"line":120,"column":80}},"8":{"start":{"line":121,"column":8},"end":{"line":121,"column":79}},"9":{"start":{"line":122,"column":8},"end":{"line":122,"column":36}},"10":{"start":{"line":123,"column":8},"end":{"line":123,"column":39}},"11":{"start":{"line":140,"column":8},"end":{"line":140,"column":116}},"12":{"start":{"line":141,"column":8},"end":{"line":141,"column":80}},"13":{"start":{"line":142,"column":8},"end":{"line":142,"column":86}},"14":{"start":{"line":143,"column":8},"end":{"line":143,"column":36}},"15":{"start":{"line":145,"column":8},"end":{"line":145,"column":46}},"16":{"start":{"line":152,"column":8},"end":{"line":152,"column":73}},"17":{"start":{"line":153,"column":8},"end":{"line":153,"column":64}},"18":{"start":{"line":154,"column":8},"end":{"line":154,"column":36}},"19":{"start":{"line":155,"column":8},"end":{"line":155,"column":39}},"20":{"start":{"line":162,"column":8},"end":{"line":162,"column":56}},"21":{"start":{"line":163,"column":8},"end":{"line":163,"column":83}},"22":{"start":{"line":171,"column":8},"end":{"line":171,"column":36}},"23":{"start":{"line":179,"column":8},"end":{"line":179,"column":49}},"24":{"start":{"line":187,"column":8},"end":{"line":187,"column":39}},"25":{"start":{"line":195,"column":8},"end":{"line":195,"column":53}},"26":{"start":{"line":203,"column":8},"end":{"line":203,"column":47}},"27":{"start":{"line":211,"column":8},"end":{"line":211,"column":59}},"28":{"start":{"line":218,"column":8},"end":{"line":218,"column":38}},"29":{"start":{"line":225,"column":8},"end":{"line":225,"column":38}},"30":{"start":{"line":231,"column":8},"end":{"line":231,"column":47}},"31":{"start":{"line":232,"column":8},"end":{"line":232,"column":44}},"32":{"start":{"line":239,"column":8},"end":{"line":239,"column":41}},"33":{"start":{"line":240,"column":8},"end":{"line":240,"column":56}},"34":{"start":{"line":241,"column":8},"end":{"line":241,"column":52}},"35":{"start":{"line":242,"column":8},"end":{"line":242,"column":39}},"36":{"start":{"line":246,"column":8},"end":{"line":246,"column":32}},"37":{"start":{"line":251,"column":8},"end":{"line":251,"column":16}}},"branchMap":{"1":{"line":87,"type":"if","locations":[{"start":{"line":87,"column":8},"end":{"line":87,"column":8}},{"start":{"line":87,"column":8},"end":{"line":87,"column":8}}]},"2":{"line":94,"type":"if","locations":[{"start":{"line":94,"column":8},"end":{"line":94,"column":8}},{"start":{"line":94,"column":8},"end":{"line":94,"column":8}}]},"3":{"line":101,"type":"if","locations":[{"start":{"line":101,"column":8},"end":{"line":101,"column":8}},{"start":{"line":101,"column":8},"end":{"line":101,"column":8}}]},"4":{"line":108,"type":"if","locations":[{"start":{"line":108,"column":8},"end":{"line":108,"column":8}},{"start":{"line":108,"column":8},"end":{"line":108,"column":8}}]},"5":{"line":118,"type":"if","locations":[{"start":{"line":118,"column":52},"end":{"line":118,"column":52}},{"start":{"line":118,"column":52},"end":{"line":118,"column":52}}]},"6":{"line":118,"type":"if","locations":[{"start":{"line":118,"column":64},"end":{"line":118,"column":64}},{"start":{"line":118,"column":64},"end":{"line":118,"column":64}}]},"7":{"line":118,"type":"if","locations":[{"start":{"line":118,"column":77},"end":{"line":118,"column":77}},{"start":{"line":118,"column":77},"end":{"line":118,"column":77}}]},"8":{"line":119,"type":"if","locations":[{"start":{"line":119,"column":8},"end":{"line":119,"column":8}},{"start":{"line":119,"column":8},"end":{"line":119,"column":8}}]},"9":{"line":120,"type":"if","locations":[{"start":{"line":120,"column":8},"end":{"line":120,"column":8}},{"start":{"line":120,"column":8},"end":{"line":120,"column":8}}]},"10":{"line":121,"type":"if","locations":[{"start":{"line":121,"column":8},"end":{"line":121,"column":8}},{"start":{"line":121,"column":8},"end":{"line":121,"column":8}}]},"11":{"line":135,"type":"if","locations":[{"start":{"line":135,"column":8},"end":{"line":135,"column":8}},{"start":{"line":135,"column":8},"end":{"line":135,"column":8}}]},"12":{"line":136,"type":"if","locations":[{"start":{"line":136,"column":8},"end":{"line":136,"column":8}},{"start":{"line":136,"column":8},"end":{"line":136,"column":8}}]},"13":{"line":137,"type":"if","locations":[{"start":{"line":137,"column":8},"end":{"line":137,"column":8}},{"start":{"line":137,"column":8},"end":{"line":137,"column":8}}]},"14":{"line":138,"type":"if","locations":[{"start":{"line":138,"column":8},"
[...]
46,"3":16,"4":6,"5":7,"6":7,"7":6,"8":5,"9":4,"10":3,"11":3,"12":5,"13":4,"14":3,"15":2,"16":2,"17":13,"18":12,"19":1,"20":1,"21":16,"22":10,"23":1,"24":1,"25":1,"26":1,"27":1,"28":1,"29":1,"30":1,"31":1,"32":1,"33":2,"34":2,"35":2,"36":1,"37":4,"38":1,"39":77},"b":{"1":[14,2],"2":[5,1],"3":[6,1],"4":[6,1],"5":[7,1],"6":[6,1],"7":[6,0],"8":[5,1],"9":[4,1],"10":[3,1],"11":[7,1],"12":[6,1],"13":[5,1],"14":[5,0],"15":[4,1],"16":[3,1],"17":[2,1],"18":[13,1],"19":[13,0],"20":[12,1],"21":[1,0],"22":[16,1],"23":[10,1],"24":[1,1],"25":[1,1],"26":[1,1],"27":[1,1],"28":[1,1],"29":[1,1],"30":[1,1],"31":[1,1],"32":[1,1],"33":[2,1],"34":[1,1],"35":[2,1]},"f":{"1":46,"2":16,"3":6,"4":7,"5":7,"6":6,"7":5,"8":13,"9":1,"10":16,"11":10,"12":1,"13":1,"14":1,"15":1,"16":1,"17":1,"18":1,"19":1,"20":1,"21":2,"22":4,"23":1,"24":77},"fnMap":{"1":{"name":"constructor","line":93,"loc":{"start":{"line":91,"column":4},"end":{"line":107,"column":4}}},"2":{"name":"isNotPaused","line":110,"loc":{"start":{"line":110,"column":4},"end":{"line":113,"column":4}}},"3":{"name":"isValidMerkleProof","line":119,"loc":{"start":{"line":119,"column":4},"end":{"line":125,"column":4}}},"4":{"name":"isPublicSale","line":128,"loc":{"start":{"line":128,"column":4},"end":{"line":131,"column":4}}},"5":{"name":"isPreSale","line":135,"loc":{"start":{"line":135,"column":4},"end":{"line":138,"column":4}}},"6":{"name":"mintNFT","line":143,"loc":{"start":{"line":143,"column":4},"end":{"line":149,"column":4}}},"7":{"name":"presaleMintNFT","line":162,"loc":{"start":{"line":154,"column":4},"end":{"line":171,"column":4}}},"8":{"name":"reserveTokens","line":176,"loc":{"start":{"line":176,"column":4},"end":{"line":179,"column":4}}},"9":{"name":"tokenURI","line":183,"loc":{"start":{"line":183,"column":4},"end":{"line":186,"column":4}}},"10":{"name":"togglePaused","line":189,"loc":{"start":{"line":189,"column":4},"end":{"line":192,"column":4}}},"11":{"name":"togglePresale","line":195,"loc":{"start":{"line":195,"column":4},"end":{"line":198,"column":4}}},"12":{"name":"setBaseURI","line":202,"loc":{"start":{"line":202,"column":4},"end":{"line":205,"column":4}}},"13":{"name":"setBaseExtension","line":209,"loc":{"start":{"line":209,"column":4},"end":{"line":212,"column":4}}},"14":{"name":"setMintPrice","line":217,"loc":{"start":{"line":217,"column":4},"end":{"line":220,"column":4}}},"15":{"name":"setPresaleMintPrice","line":224,"loc":{"start":{"line":224,"column":4},"end":{"line":227,"column":4}}},"16":{"name":"setBulkBuyLimit","line":231,"loc":{"start":{"line":231,"column":4},"end":{"line":234,"column":4}}},"17":{"name":"setMaxAllowListAmount","line":238,"loc":{"start":{"line":238,"column":3},"end":{"line":241,"column":4}}},"18":{"name":"setMerkleRoot","line":247,"loc":{"start":{"line":247,"column":4},"end":{"line":249,"column":4}}},"19":{"name":"setRoyalties","line":254,"loc":{"start":{"line":254,"column":4},"end":{"line":257,"column":4}}},"20":{"name":"withdrawETH","line":260,"loc":{"start":{"line":260,"column":4},"end":{"line":263,"column":4}}},"21":{"name":"withdrawERC20","line":267,"loc":{"start":{"line":267,"column":4},"end":{"line":272,"column":4}}},"22":{"name":"supportsInterface","line":274,"loc":{"start":{"line":274,"column":4},"end":{"line":283,"column":4}}},"23":{"name":"typeOf","line":285,"loc":{"start":{"line":285,"column":4},"end":{"line":287,"column":4}}},"24":{"name":"_startTokenId","line":290,"loc":{"start":{"line":290,"column":4},"end":{"line":292,"column":4}}}},"statementMap":{"1":{"start":{"line":105,"column":8},"end":{"line":105,"column":43}},"2":{"start":{"line":106,"column":8},"end":{"line":106,"column":73}},"3":{"start":{"line":111,"column":8},"end":{"line":111,"column":47}},"4":{"start":{"line":120,"column":8},"end":{"line":120,"column":4813}},"5":{"start":{"line":129,"column":8},"end":{"line":129,"column":51}},"6":{"start":{"line":136,"column":8},"end":{"line":136,"column":54}},"7":{"start":{"line":144,"column":8},"end":{"line":144,"column":64}},"8":{"start":{"line":145,"column":8},"end":{"line":145,"column":80}},"9":{"start":{"line":146,"column":8},"end":{"line":146,"column":79}},"10":{"start":{"line":147,"column":8},"end":{"line":147,"column":36}},"11":{"start":{"line":148,"column":8},"end":{"line":148,"column":39}},"12":{"start":{"line":164,"column":8},"end":{"line":164,"column":116}},"13":{"start":{"line":165,"column":8},"end":{"line":165,"column":80}},"14":{"start":{"line":166,"column":8},"end":{"line":166,"column":86}},"15":{"start":{"line":169,"column":8},"end":{"line":169,"column":36}},"16":{"start":{"line":170,"column":8},"end":{"line":170,"column":48}},"17":{"start":{"line":177,"column":8},"end":{"line":177,"column":80}},"18":{"start":{"line":178,"column":8},"end":{"line":178,"column":36}},"19":{"start":{"line":184,"column":8},"end":{"line":184,"column":56}},"20":{"start":{"line":185,"column":8},"end":{"line":185,"column":83}},"21":{"start":{"line":191,"column":8},"end":{"line":191,"column":36}},"22":{"start":{"line":197,"column":8},"end":{"line":197,"column":42}},"23":{"start":{"line":204,"column":8},"end":{"line":204,"column":36}},"24":{"start":{"line":211,"column":8},"end":{"line":211,"column":48}},"25":{"start":{"line":219,"column":8},"end":{"line":219,"column":39}},"26":{"start":{"line":226,"column":8},"end":{"line":226,"column":55}},"27":{"start":{"line":233,"column":8},"end":{"line":233,"column":47}},"28":{"start":{"line":240,"column":8},"end":{"line":240,"column":47}},"29":{"start":{"line":255,"column":8},"end":{"line":255,"column":57}},"30":{"start":{"line":256,"column":8},"end":{"line":256,"column":60}},"31":{"start":{"line":261,"column":8},"end":{"line":261,"column":47}},"32":{"start":{"line":262,"column":8},"end":{"line":262,"column":44}},"33":{"start":{"line":268,"column":8},"end":{"line":268,"column":41}},"34":{"start":{"line":269,"column":8},"end":{"line":269,"column":56}},"35":{"start":{"line":270,"column":8},"end":{"line":270,"column":52}},"36":{"start":{"line":271,"column":8},"end":{"line":271,"column":39}},"37":{"start":{"line":281,"column":8},"end":{"line":281,"column":11506}},"38":{"start":{"line":286,"column":8},"end":{"line":286,"column":36}},"39":{"start":{"line":291,"column":8},"end":{"line":291,"column":16}}},"branchMap":{"1":{"line":111,"type":"if","locations":[{"start":{"line":111,"column":8},"end":{"line":111,"column":8}},{"start":{"line":111,"column":8},"end":{"line":111,"column":8}}]},"2":{"line":120,"type":"if","locations":[{"start":{"line":120,"column":8},"end":{"line":120,"column":8}},{"start":{"line":120,"column":8},"end":{"line":120,"column":8}}]},"3":{"line":129,"type":"if","locations":[{"start":{"line":129,"column":8},"end":{"line":129,"column":8}},{"start":{"line":129,"column":8},"end":{"line":129,"column":8}}]},"4":{"line":136,"type":"if","locations":[{"start":{"line":136,"column":8},"end":{"line":136,"column":8}},{"start":{"line":136,"column":8},"end":{"line":136,"column":8}}]},"5":{"line":143,"type":"if","locations":[{"start":{"line":143,"column":52},"end":{"line":143,"column":52}},{"start":{"line":143,"column":52},"end":{"line":143,"column":52}}]},"6":{"line":143,"type":"if","locations":[{"start":{"line":143,"column":64},"end":{"line":143,"column":64}},{"start":{"line":143,"column":64},"end":{"line":143,"column":64}}]},"7":{"line":143,"type":"if","locations":[{"start":{"line":143,"column":77},"end":{"line":143,"column":77}},{"start":{"line":143,"column":77},"end":{"line":143,"column":77}}]},"8":{"line":144,"type":"if","locations":[{"start":{"line":144,"column":8},"end":{"line":144,"column":8}},{"start":{"line":144,"column":8},"end":{"line":144,"column":8}}]},"9":{"line":145,"type":"if","locations":[{"start":{"line":145,"column":8},"end":{"line":145,"column":8}},{"start":{"line":145,"column":8},"end":{"line":145,"column":8}}]},"10":{"line":146,"type":"if","locations":[{"start":{"line":146,"column":8},"end":{"line":146,"column":8}},{"start":{"line":146,"column":8},"end":{"line":146,"column":8}}]},"11":{"line":159,"type":"if","locations":[{"start":{"line":159,"column":8},"end":{"line":159,"column":8}},{"start":{"line":159,"column":8},"end":{"line":159,"column":8}}]},"12":{"line":160,"type":"if","locations":[{"start":{"line":160,"column":8},"end":{"line":160,"column":8}},{"start":{"line":160,"column":8},"end":{"line":160,"column":8}}]},"13":{"line":161,"type":"if","locations":[{"start":{"line":161,"column":8},"end":{"line":161,"column":8}},{"start":{"line":161,"column":8},"end":{"line":161,"column":8}}]},"14":{"line":162,"type":"if","locations":[{"start":{"line":162,"column":8},"end":{"line":162,"column":8}},{"start":{"line":162,"column":8},"end":{"line":162,"column":8}}]},"15":{"line":164,"type":"if","locations":[{"start":{"line":164,"column":8},"end":{"line":164,"column":8}},{"start":{"line":164,"column":8},"end":{"line":164,"column":8}}]},"16":{"line":165,"type":"if","locations":[{"start":{"line":165,"column":8},"end":{"line":165,"column":8}},{"start":{"line":165,"column":8},"end":{"line":165,"column":8}}]},"17":{"line":166,"type":"if","locations":[{"start":{"line":166,"column":8},"end":{"line":166,"column":8}},{"start":{"line":166,"column":8},"end":{"line":166,"column":8}}]},"18":{"line":176,"type":"if","locations":[{"start":{"line":176,"column":50},"end":{"line":176,"column":50}},{"start":{"line":176,"column":50},"end":{"line":176,"column":50}}]},"19":{"line":176,"type":"if","locations":[{"start":{"line":176,"column":60},"end":{"line":176,"column":60}},{"start":{"line":176,"column":60},"end":{"line":176,"column":60}}]},"20":{"line":177,"type":"if","locations":[{"start":{"line":177,"column":8},"end":{"line":177,"column":8}},{"start":{"line":177,"column":8},"end":{"line":177,"column":8}}]},"21":{"line":184,"type":"if","locations":[{"start":{"line":184,"column":8},"end":{"line":184,"column":8}},{"start":{"line":184,"column":8},"end":{"line":184,"column":8}}]},"22":{"line":189,"type":"if","locations":[{"start":{"line":189,"column":35},"end":{"line":189,"column":35}},{"start":{"line":189,"column":35},"end":{"line":189,"column":35}}]},"23":{"line":195,"type":"if","locations":[{"start":{"line":195,"column":36},"end":{"line":195,"column":36}},{"start":{"line":195,"column":36},"end":{"line":195,"column":36}}]},"24":{"line":202,"type":"if","locations":[{"start":{"line":202,"column":56},"end":{"line":202,"column":56}},{"start":{"line":202,"column":56},"end":{"line":202,"column":56}}]},"25":{"line":209,"type":"if","locations":[{"start":{"line":209,"column":67},"end":{"line":209,"column":67}},{"start":{"line":209,"column":67},"end":{"line":209,"column":67}}]},"26":{"line":217,"type":"if","locations":[{"start":{"line":217,"column":53},"end":{"line":217,"column":53}},{"start":{"line":217,"column":53},"end":{"line":217,"column":53}}]},"27":{"line":224,"type":"if","locations":[{"start":{"line":224,"column":67},"end":{"line":224,"column":67}},{"start":{"line":224,"column":67},"end":{"line":224,"column":67}}]},"28":{"line":231,"type":"if","locations":[{"start":{"line":231,"column":58},"end":{"line":231,"column":58}},{"start":{"line":231,"column":58},"end":{"line":231,"column":58}}]},"29":{"line":238,"type":"if","locations":[{"start":{"line":238,"column":57},"end":{"line":238,"column":57}},{"start":{"line":238,"column":57},"end":{"line":238,"column":57}}]},"30":{"line":247,"type":"if","locations":[{"start":{"line":247,"column":55},"end":{"line":247,"column":55}},{"start":{"line":247,"column":55},"end":{"line":247,"column":55}}]},"31":{"line":254,"type":"if","locations":[{"start":{"line":254,"column":80},"end":{"line":254,"column":80}},{"start":{"line":254,"column":80},"end":{"line":254,"column":80}}]},"32":{"line":260,"type":"if","locations":[{"start":{"line":260,"column":34},"end":{"line":260,"column":34}},{"start":{"line":260,"column":34},"end":{"line":260,"column":34}}]},"33":{"line":267,"type":"if","locations":[{"start":{"line":267,"column":54},"end":{"line":267,"column":54}},{"start":{"line":267,"column":54},"end":{"line":267,"column":54}}]},"34":{"line":270,"type":"if","locations":[{"start":{"line":270,"column":8},"end":{"line":270,"column":8}},{"start":{"line":270,"column":8},"end":{"line":270,"column":8}}]},"35":{"line":281,"type":"cond-expr","locations":[{"start":{"line":281,"column":15},"end":{"line":281,"column":52}},{"start":{"line":282,"column":15},"end":{"line":282,"column":52}}]}}},
"contracts/wizards/SimpleNFTA.sol":{"l":{"46":110,"47":110,"48":110,"49":110,"50":110,"51":110,"52":110,"58":7,"59":6,"63":6,"64":6,"65":6,"66":5,"67":4,"69":3,"70":3,"74":13,"75":12,"76":12,"77":12,"81":2,"82":1,"86":1,"87":1,"91":1,"92":1,"96":1,"97":1,"101":1,"102":1,"106":11,"107":11,"111":1,"112":1,"116":2,"117":2,"118":2,"119":1,"123":1,"127":139},"path":"/home/ser-orphan/Workspace/DecentrAgora/dAgora Contracts/V1 Upgraedable/contracts/wizards/SimpleNFTA.sol","s":{"1":110,"2":7,"3":6,"4":6,"5":6,"6":5,"7":4,"8":3,"9":3,"10":13,"11":12,"12":12,"13":12,"14":2,"15":1,"16":1,"17":1,"18":1,"19":1,"20":11,"21":1,"22":1,"23":2,"24":2,"25":2,"26":1,"27":1,"28":139},"b":{"1":[6,1],"2":[6,1],"3":[6,0],"4":[5,1],"5":[4,1],"6":[3,1],"7":[13,1],"8":[13,0],"9":[12,1],"10":[12,0],"11":[1,1],"12":[1,1],"13":[1,1],"14":[1,1],"15":[1,1],"16":[11,1],"17":[1,1],"18":[2,1],"19":[1,1]},"f":{"1":110,"2":7,"3":6,"4":13,"5":2,"6":1,"7":1,"8":1,"9":1,"10":11,"11":1,"12":2,"13":1,"14":139},"fnMap":{"1":{"name":"constructor","line":45,"loc":{"start":{"line":37,"column":4},"end":{"line":53,"column":4}}},"2":{"name":"isNotPaused","line":57,"loc":{"start":{"line":57,"column":4},"end":{"line":60,"column":4}}},"3":{"name":"mintNFT","line":62,"loc":{"start":{"line":62,"column":4},"end":{"line":71,"column":4}}},"4":{"name":"reserveTokens","line":73,"loc":{"start":{"line":73,"column":4},"end":{"line":78,"column":4}}},"5":{"name":"tokenURI","line":80,"loc":{"start":{"line":80,"column":4},"end":{"line":83,"column":4}}},"6":{"name":"setBaseURI","line":85,"loc":{"start":{"line":85,"column":4},"end":{"line":88,"column":4}}},"7":{"name":"setBaseExtension","line":90,"loc":{"start":{"line":90,"column":4},"end":{"line":93,"column":4}}},"8":{"name":"setMintPrice","line":95,"loc":{"start":{"line":95,"column":4},"end":{"line":98,"column":4}}},"9":{"name":"setBulkBuyLimit","line":100,"loc":{"start":{"line":100,"column":4},"end":{"line":103,"column":4}}},"10":{"name":"togglePaused","line":105,"loc":{"start":{"line":105,"column":4},"end":{"line":108,"column":4}}},"11":{"name":"withdrawETH","line":110,"loc":{"start":{"line":110,"column":4},"end":{"line":113,"column":4}}},"12":{"name":"withdrawERC20","line":115,"loc":{"start":{"line":115,"column":4},"end":{"line":120,"column":4}}},"13":{"name":"typeOf","line":122,"loc":{"start":{"line":122,"column":4},"end":{"line":124,"column":4}}},"14":{"name":"_startTokenId","line":126,"loc":{"start":{"line":126,"column":4},"end":{"line":128,"column":4}}}},"statementMap":{"1":{"start":{"line":52,"column":8},"end":{"line":52,"column":35}},"2":{"start":{"line":58,"column":8},"end":{"line":58,"column":47}},"3":{"start":{"line":63,"column":8},"end":{"line":63,"column":45}},"4":{"start":{"line":64,"column":8},"end":{"line":64,"column":41}},"5":{"start":{"line":65,"column":8},"end":{"line":65,"column":55}},"6":{"start":{"line":66,"column":8},"end":{"line":66,"column":80}},"7":{"start":{"line":67,"column":8},"end":{"line":67,"column":64}},"8":{"start":{"line":69,"column":8},"end":{"line":69,"column":32}},"9":{"start":{"line":70,"column":8},"end":{"line":70,"column":39}},"10":{"start":{"line":74,"column":8},"end":{"line":74,"column":73}},"11":{"start":{"line":75,"column":8},"end":{"line":75,"column":64}},"12":{"start":{"line":76,"column":8},"end":{"line":76,"column":29}},"13":{"start":{"line":77,"column":8},"end":{"line":77,"column":36}},"14":{"start":{"line":81,"column":8},"end":{"line":81,"column":56}},"15":{"start":{"line":82,"column":8},"end":{"line":82,"column":83}},"16":{"start":{"line":87,"column":8},"end":{"line":87,"column":36}},"17":{"start":{"line":92,"column":8},"end":{"line":92,"column":48}},"18":{"start":{"line":97,"column":8},"end":{"line":97,"column":39}},"19":{"start":{"line":102,"column":8},"end":{"line":102,"column":46}},"20":{"start":{"line":107,"column":8},"end":{"line":107,"column":36}},"21":{"start":{"line":111,"column":8},"end":{"line":111,"column":47}},"22":{"start":{"line":112,"column":8},"end":{"line":112,"column":41}},"23":{"start":{"line":116,"column":8},"end":{"line":116,"column":36}},"24":{"start":{"line":117,"column":8},"end":{"line":117,"column":56}},"25":{"start":{"line":118,"column":8},"end":{"line":118,"column":52}},"26":{"start":{"line":119,"column":8},"end":{"line":119,"column":39}},"27":{"start":{"line":123,"column":8},"end":{"line":123,"column":34}},"28":{"start":{"line":127,"column":8},"end":{"line":127,"column":16}}},"branchMap":{"1":{"line":58,"type":"if","locations":[{"start":{"line":58,"column":8},"end":{"line":58,"column":8}},{"start":{"line":58,"column":8},"end":{"line":58,"column":8}}]},"2":{"line":62,"type":"if","locations":[{"start":{"line":62,"column":52},"end":{"line":62,"column":52}},{"start":{"line":62,"column":52},"end":{"line":62,"column":52}}]},"3":{"line":62,"type":"if","locations":[{"start":{"line":62,"column":64},"end":{"line":62,"column":64}},{"start":{"line":62,"column":64},"end":{"line":62,"column":64}}]},"4":{"line":65,"type":"if","locations":[{"start":{"line":65,"column":8},"end":{"line":65,"column":8}},{"start":{"line":65,"column":8},"end":{"line":65,"column":8}}]},"5":{"line":66,"type":"if","locations":[{"start":{"line":66,"column":8},"end":{"line":66,"column":8}},{"start":{"line":66,"column":8},"end":{"line":66,"column":8}}]},"6":{"line":67,"type":"if","locations":[{"start":{"line":67,"column":8},"end":{"line":67,"column":8}},{"start":{"line":67,"column":8},"end":{"line":67,"column":8}}]},"7":{"line":73,"type":"if","locations":[{"start":{"line":73,"column":50},"end":{"line":73,"column":50}},{"start":{"line":73,"column":50},"end":{"line":73,"column":50}}]},"8":{"line":73,"type":"if","locations":[{"start":{"line":73,"column":60},"end":{"line":73,"column":60}},{"start":{"line":73,"column":60},"end":{"line":73,"column":60}}]},"9":{"line":74,"type":"if","locations":[{"start":{"line":74,"column":8},"end":{"line":74,"column":8}},{"start":{"line":74,"column":8},"end":{"line":74,"column":8}}]},"10":{"line":75,"type":"if","locations":[{"start":{"line":75,"column":8},"end":{"line":75,"column":8}},{"start":{"line":75,"column":8},"end":{"line":75,"column":8}}]},"11":{"line":81,"type":"if","locations":[{"start":{"line":81,"column":8},"end":{"line":81,"column":8}},{"start":{"line":81,"column":8},"end":{"line":81,"column":8}}]},"12":{"line":85,"type":"if","locations":[{"start":{"line":85,"column":55},"end":{"line":85,"column":55}},{"start":{"line":85,"column":55},"end":{"line":85,"column":55}}]},"13":{"line":90,"type":"if","locations":[{"start":{"line":90,"column":67},"end":{"line":90,"column":67}},{"start":{"line":90,"column":67},"end":{"line":90,"column":67}}]},"14":{"line":95,"type":"if","locations":[{"start":{"line":95,"column":53},"end":{"line":95,"column":53}},{"start":{"line":95,"column":53},"end":{"line":95,"column":53}}]},"15":{"line":100,"type":"if","locations":[{"start":{"line":100,"column":58},"end":{"line":100,"column":58}},{"start":{"line":100,"column":58},"end":{"line":100,"column":58}}]},"16":{"line":105,"type":"if","locations":[{"start":{"line":105,"column":35},"end":{"line":105,"column":35}},{"start":{"line":105,"column":35},"end":{"line":105,"column":35}}]},"17":{"line":110,"type":"if","locations":[{"start":{"line":110,"column":34},"end":{"line":110,"column":34}},{"start":{"line":110,"column":34},"end":{"line":110,"column":34}}]},"18":{"line":115,"type":"if","locations":[{"start":{"line":115,"column":49},"end":{"line":115,"column":49}},{"start":{"line":115,"column":49},"end":{"line":115,"column":49}}]},"19":{"line":118,"type":"if","locations":[{"start":{"line":118,"column":8},"end":{"line":118,"column":8}},{"start":{"line":118,"column":8},"end":{"line":118,"column":8}}]}}}}
