{
"contracts/factory/DagoraERC20Factory.sol":{"l":{"40":75,"41":75,"42":75,"43":75,"49":24,"50":1,"52":23,"60":23,"61":20,"80":20,"81":19,"82":18,"83":17,"85":17,"86":17,"96":17,"97":17,"98":0,"100":17,"101":17,"102":17,"106":15,"110":26,"114":2,"122":23,"123":1,"126":22,"127":22,"128":1,"131":21,"132":1,"134":20},"path":"/home/ser-orphan/Workspace/DecentrAgora/dAgora Contracts/V1 Upgraedable/contracts/factory/DagoraERC20Factory.sol","s":{"1":75,"2":24,"3":23,"4":20,"5":19,"6":18,"7":17,"8":17,"9":17,"10":17,"11":17,"12":17,"13":17,"14":15,"15":23,"16":22,"17":22,"18":21,"19":20},"b":{"1":[75,1],"2":[1,23],"3":[20,3],"4":[23,1],"5":[20,3],"6":[20,0],"7":[19,1],"8":[18,1],"9":[17,1],"10":[17,0],"11":[0,17],"12":[26,2],"13":[2,1],"14":[1,22],"15":[1,21],"16":[1,20]},"f":{"1":75,"2":24,"3":23,"4":20,"5":15,"6":26,"7":2,"8":23},"fnMap":{"1":{"name":"initialize","line":39,"loc":{"start":{"line":39,"column":4},"end":{"line":44,"column":4}}},"2":{"name":"isNotPaused","line":48,"loc":{"start":{"line":48,"column":4},"end":{"line":53,"column":4}}},"3":{"name":"canCreate","line":59,"loc":{"start":{"line":59,"column":4},"end":{"line":62,"column":4}}},"4":{"name":"createDagoraERC20","line":79,"loc":{"start":{"line":72,"column":4},"end":{"line":103,"column":4}}},"5":{"name":"getUserContracts","line":105,"loc":{"start":{"line":105,"column":4},"end":{"line":107,"column":4}}},"6":{"name":"togglePaused","line":109,"loc":{"start":{"line":109,"column":4},"end":{"line":111,"column":4}}},"7":{"name":"setMinERC20Tier","line":113,"loc":{"start":{"line":113,"column":4},"end":{"line":115,"column":4}}},"8":{"name":"_canCreate","line":121,"loc":{"start":{"line":121,"column":4},"end":{"line":136,"column":4}}}},"statementMap":{"1":{"start":{"line":40,"column":8},"end":{"line":40,"column":23}},"2":{"start":{"line":49,"column":8},"end":{"line":49,"column":2081}},"3":{"start":{"line":60,"column":8},"end":{"line":60,"column":90}},"4":{"start":{"line":80,"column":8},"end":{"line":80,"column":99}},"5":{"start":{"line":81,"column":8},"end":{"line":81,"column":105}},"6":{"start":{"line":82,"column":8},"end":{"line":82,"column":115}},"7":{"start":{"line":83,"column":8},"end":{"line":83,"column":79}},"8":{"start":{"line":85,"column":8},"end":{"line":85,"column":86}},"9":{"start":{"line":86,"column":8},"end":{"line":86,"column":4053}},"10":{"start":{"line":96,"column":8},"end":{"line":96,"column":80}},"11":{"start":{"line":97,"column":8},"end":{"line":97,"column":4411}},"12":{"start":{"line":100,"column":8},"end":{"line":100,"column":56}},"13":{"start":{"line":102,"column":8},"end":{"line":102,"column":61}},"14":{"start":{"line":106,"column":8},"end":{"line":106,"column":35}},"15":{"start":{"line":122,"column":8},"end":{"line":122,"column":5451}},"16":{"start":{"line":126,"column":8},"end":{"line":126,"column":96}},"17":{"start":{"line":127,"column":8},"end":{"line":127,"column":5737}},"18":{"start":{"line":131,"column":8},"end":{"line":131,"column":5859}},"19":{"start":{"line":134,"column":12},"end":{"line":134,"column":23}}},"branchMap":{"1":{"line":39,"type":"if","locations":[{"start":{"line":39,"column":66},"end":{"line":39,"column":66}},{"start":{"line":39,"column":66},"end":{"line":39,"column":66}}]},"2":{"line":49,"type":"if","locations":[{"start":{"line":49,"column":8},"end":{"line":49,"column":8}},{"start":{"line":49,"column":8},"end":{"line":49,"column":8}}]},"3":{"line":60,"type":"if","locations":[{"start":{"line":60,"column":8},"end":{"line":60,"column":8}},{"start":{"line":60,"column":8},"end":{"line":60,"column":8}}]},"4":{"line":79,"type":"if","locations":[{"start":{"line":79,"column":15},"end":{"line":79,"column":15}},{"start":{"line":79,"column":15},"end":{"line":79,"column":15}}]},"5":{"line":79,"type":"if","locations":[{"start":{"line":79,"column":27},"end":{"line":79,"column":27}},{"start":{"line":79,"column":27},"end":{"line":79,"column":27}}]},"6":{"line":79,"type":"if","locations":[{"start":{"line":79,"column":56},"end":{"line":79,"column":56}},{"start":{"line":79,"column":56},"end":{"line":79,"column":56}}]},"7":{"line":80,"type":"if","locations":[{"start":{"line":80,"column":8},"end":{"line":80,"column":8}},{"start":{"line":80,"column":8},"end":{"line":80,"column":8}}]},"8":{"line":81,"type":"if","locations":[{"start":{"line":81,"column":8},"end":{"line":81,"column":8}},{"start":{"line":81,"column":8},"end":{"line":81,"column":8}}]},"9":{"line":82,"type":"if","locations":[{"start":{"line":82,"column":8},"end":{"line":82,"column":8}},{"start":{"line":82,"column":8},"end":{"line":82,"column":8}}]},"10":{"line":83,"type":"if","locations":[{"start":{"line":83,"column":8},"end":{"line":83,"column":8}},{"start":{"line":83,"column":8},"end":{"line":83,"column":8}}]},"11":{"line":97,"type":"if","locations":[{"start":{"line":97,"column":8},"end":{"line":97,"column":8}},{"start":{"line":97,"column":8},"end":{"line":97,"column":8}}]},"12":{"line":109,"type":"if","locations":[{"start":{"line":109,"column":37},"end":{"line":109,"column":37}},{"start":{"line":109,"column":37},"end":{"line":109,"column":37}}]},"13":{"line":113,"type":"if","locations":[{"start":{"line":113,"column":54},"end":{"line":113,"column":54}},{"start":{"line":113,"column":54},"end":{"line":113,"column":54}}]},"14":{"line":122,"type":"if","locations":[{"start":{"line":122,"column":8},"end":{"line":122,"column":8}},{"start":{"line":122,"column":8},"end":{"line":122,"column":8}}]},"15":{"line":127,"type":"if","locations":[{"start":{"line":127,"column":8},"end":{"line":127,"column":8}},{"start":{"line":127,"column":8},"end":{"line":127,"column":8}}]},"16":{"line":131,"type":"if","locations":[{"start":{"line":131,"column":8},"end":{"line":131,"column":8}},{"start":{"line":131,"column":8},"end":{"line":131,"column":8}}]}}},
"contracts/factory/DagoraNFTAPlusFactory.sol":{"l":{"40":147,"41":147,"42":147,"43":147,"49":47,"50":1,"52":46,"60":46,"61":43,"90":43,"91":43,"92":43,"93":43,"94":43,"95":43,"96":43,"98":43,"99":43,"114":43,"115":43,"116":0,"118":43,"119":43,"120":43,"124":41,"128":50,"132":2,"140":46,"141":1,"144":45,"145":45,"146":1,"149":44,"150":1,"152":43},"path":"/home/ser-orphan/Workspace/DecentrAgora/dAgora Contracts/V1 Upgraedable/contracts/factory/DagoraNFTAPlusFactory.sol","s":{"1":147,"2":47,"3":46,"4":43,"5":43,"6":43,"7":43,"8":43,"9":43,"10":43,"11":43,"12":43,"13":43,"14":43,"15":43,"16":43,"17":41,"18":46,"19":45,"20":45,"21":44,"22":43},"b":{"1":[147,1],"2":[1,46],"3":[43,3],"4":[46,1],"5":[43,3],"6":[43,0],"7":[43,0],"8":[43,0],"9":[43,0],"10":[43,0],"11":[43,0],"12":[43,0],"13":[43,0],"14":[0,43],"15":[50,2],"16":[2,1],"17":[1,45],"18":[1,44],"19":[1,43]},"f":{"1":147,"2":47,"3":46,"4":43,"5":41,"6":50,"7":2,"8":46},"fnMap":{"1":{"name":"initialize","line":39,"loc":{"start":{"line":39,"column":4},"end":{"line":44,"column":4}}},"2":{"name":"isNotPaused","line":48,"loc":{"start":{"line":48,"column":4},"end":{"line":53,"column":4}}},"3":{"name":"canCreate","line":59,"loc":{"start":{"line":59,"column":4},"end":{"line":62,"column":4}}},"4":{"name":"createNFTAPlus","line":89,"loc":{"start":{"line":77,"column":4},"end":{"line":121,"column":4}}},"5":{"name":"getUserContracts","line":123,"loc":{"start":{"line":123,"column":4},"end":{"line":125,"column":4}}},"6":{"name":"togglePaused","line":127,"loc":{"start":{"line":127,"column":4},"end":{"line":129,"column":4}}},"7":{"name":"setMinNFTAPlusTier","line":131,"loc":{"start":{"line":131,"column":4},"end":{"line":133,"column":4}}},"8":{"name":"_canCreate","line":139,"loc":{"start":{"line":139,"column":4},"end":{"line":154,"column":4}}}},"statementMap":{"1":{"start":{"line":40,"column":8},"end":{"line":40,"column":23}},"2":{"start":{"line":49,"column":8},"end":{"line":49,"column":2081}},"3":{"start":{"line":60,"column":8},"end":{"line":60,"column":90}},"4":{"start":{"line":90,"column":8},"end":{"line":90,"column":72}},"5":{"start":{"line":91,"column":8},"end":{"line":91,"column":81}},"6":{"start":{"line":92,"column":8},"end":{"line":92,"column":62}},"7":{"start":{"line":93,"column":8},"end":{"line":93,"column":116}},"8":{"start":{"line":94,"column":8},"end":{"line":94,"column":100}},"9":{"start":{"line":95,"column":8},"end":{"line":95,"column":113}},"10":{"start":{"line":96,"column":8},"end":{"line":96,"column":68}},"11":{"start":{"line":98,"column":8},"end":{"line":98,"column":86}},"12":{"start":{"line":99,"column":8},"end":{"line":99,"column":4735}},"13":{"start":{"line":114,"column":8},"end":{"line":114,"column":80}},"14":{"start":{"line":115,"column":8},"end":{"line":115,"column":5242}},"15":{"start":{"line":118,"column":8},"end":{"line":118,"column":56}},"16":{"start":{"line":120,"column":8},"end":{"line":120,"column":58}},"17":{"start":{"line":124,"column":8},"end":{"line":124,"column":35}},"18":{"start":{"line":140,"column":8},"end":{"line":140,"column":6301}},"19":{"start":{"line":144,"column":8},"end":{"line":144,"column":96}},"20":{"start":{"line":145,"column":8},"end":{"line":145,"column":6587}},"21":{"start":{"line":149,"column":8},"end":{"line":149,"column":6709}},"22":{"start":{"line":152,"column":12},"end":{"line":152,"column":23}}},"branchMap":{"1":{"line":39,"type":"if","locations":[{"start":{"line":39,"column":66},"end":{"line":39,"column":66}},{"start":{"line":39,"column":66},"end":{"line":39,"column":66}}]},"2":{"line":49,"type":"if","locations":[{"start":{"line":49,"column":8},"end":{"line":49,"column":8}},{"start":{"line":49,"column":8},"end":{"line":49,"column":8}}]},"3":{"line":60,"type":"if","locations":[{"start":{"line":60,"column":8},"end":{"line":60,"column":8}},{"start":{"line":60,"column":8},"end":{"line":60,"column":8}}]},"4":{"line":89,"type":"if","locations":[{"start":{"line":89,"column":15},"end":{"line":89,"column":15}},{"start":{"line":89,"column":15},"end":{"line":89,"column":15}}]},"5":{"line":89,"type":"if","locations":[{"start":{"line":89,"column":27},"end":{"line":89,"column":27}},{"start":{"line":89,"column":27},"end":{"line":89,"column":27}}]},"6":{"line":89,"type":"if","locations":[{"start":{"line":89,"column":59},"end":{"line":89,"column":59}},{"start":{"line":89,"column":59},"end":{"line":89,"column":59}}]},"7":{"line":90,"type":"if","locations":[{"start":{"line":90,"column":8},"end":{"line":90,"column":8}},{"start":{"line":90,"column":8},"end":{"line":90,"column":8}}]},"8":{"line":91,"type":"if","locations":[{"start":{"line":91,"column":8},"end":{"line":91,"column":8}},{"start":{"line":91,"column":8},"end":{"line":91,"column":8}}]},"9":{"line":92,"type":"if","locations":[{"start":{"line":92,"column":8},"end":{"line":92,"column":8}},{"start":{"line":92,"column":8},"end":{"line":92,"column":8}}]},"10":{"line":93,"type":"if","locations":[{"start":{"line":93,"column":8},"end":{"line":93,"column":8}},{"start":{"line":93,"column":8},"end":{"line":93,"column":8}}]},"11":{"line":94,"type":"if","locations":[{"start":{"line":94,"column":8},"end":{"line":94,"column":8}},{"start":{"line":94,"column":8},"end":{"line":94,"column":8}}]},"12":{"line":95,"type":"if","locations":[{"start":{"line":95,"column":8},"end":{"line":95,"column":8}},{"start":{"line":95,"column":8},"end":{"line":95,"column":8}}]},"13":{"line":96,"type":"if","locations":[{"start":{"line":96,"column":8},"end":{"line":96,"column":8}},{"start":{"line":96,"column":8},"end":{"line":96,"column":8}}]},"14":{"line":115,"type":"if","locations":[{"start":{"line":115,"column":8},"end":{"line":115,"column":8}},{"start":{"line":115,"column":8},"end":{"line":115,"column":8}}]},"15":{"line":127,"type":"if","locations":[{"start":{"line":127,"column":37},"end":{"line":127,"column":37}},{"start":{"line":127,"column":37},"end":{"line":127,"column":37}}]},"16":{"line":131,"type":"if","locations":[{"start":{"line":131,"column":65},"end":{"line":131,"column":65}},{"start":{"line":131,"column":65},"end":{"line":131,"column":65}}]},"17":{"line":140,"type":"if","locations":[{"start":{"line":140,"column":8},"end":{"line":140,"column":8}},{"start":{"line":140,"column":8},"end":{"line":140,"column":8}}]},"18":{"line":145,"type":"if","locations":[{"start":{"line":145,"column":8},"end":{"line":145,"column":8}},{"start":{"line":145,"column":8},"end":{"line":145,"column":8}}]},"19":{"line":149,"type":"if","locations":[{"start":{"line":149,"column":8},"end":{"line":149,"column":8}},{"start":{"line":149,"column":8},"end":{"line":149,"column":8}}]}}},
"contracts/factory/DagoraPaymentSplitterNFTFactory.sol":{"l":{"52":0,"53":0,"54":0,"55":0,"62":0,"63":0,"65":0,"73":0,"74":0,"82":0,"83":0,"84":0,"85":0,"86":0,"87":0,"88":0,"89":0,"90":0,"92":0,"94":0,"95":0,"96":0,"99":0,"100":0,"101":0,"106":0,"111":0,"116":0,"120":0,"121":0,"122":0,"124":0,"128":0,"143":0,"144":0,"152":0,"153":0,"156":0,"157":0,"158":0,"161":0,"162":0,"164":0},"path":"/home/ser-orphan/Workspace/DecentrAgora/dAgora Contracts/V1 Upgraedable/contracts/factory/DagoraPaymentSplitterNFTFactory.sol","s":{"1":0,"2":0,"3":0,"4":0,"5":0,"6":0,"7":0,"8":0,"9":0,"10":0,"11":0,"12":0,"13":0,"14":0,"15":0,"16":0,"17":0,"18":0,"19":0,"20":0,"21":0,"22":0,"23":0,"24":0,"25":0,"26":0,"27":0,"28":0},"b":{"1":[0,0],"2":[0,0],"3":[0,0],"4":[0,0],"5":[0,0],"6":[0,0],"7":[0,0],"8":[0,0],"9":[0,0],"10":[0,0],"11":[0,0],"12":[0,0],"13":[0,0],"14":[0,0],"15":[0,0],"16":[0,0],"17":[0,0],"18":[0,0],"19":[0,0],"20":[0,0],"21":[0,0]},"f":{"1":0,"2":0,"3":0,"4":0,"5":0,"6":0,"7":0,"8":0,"9":0,"10":0},"fnMap":{"1":{"name":"initialize","line":51,"loc":{"start":{"line":51,"column":4},"end":{"line":56,"column":4}}},"2":{"name":"isNotPaused","line":61,"loc":{"start":{"line":61,"column":4},"end":{"line":66,"column":4}}},"3":{"name":"canCreate","line":72,"loc":{"start":{"line":72,"column":4},"end":{"line":75,"column":4}}},"4":{"name":"createNFT","line":81,"loc":{"start":{"line":78,"column":4},"end":{"line":102,"column":4}}},"5":{"name":"getUserContracts","line":105,"loc":{"start":{"line":105,"column":4},"end":{"line":107,"column":4}}},"6":{"name":"togglePaused","line":110,"loc":{"start":{"line":110,"column":4},"end":{"line":112,"column":4}}},"7":{"name":"setMinTier","line":115,"loc":{"start":{"line":115,"column":4},"end":{"line":117,"column":4}}},"8":{"name":"paymentSharesTotal","line":119,"loc":{"start":{"line":119,"column":4},"end":{"line":125,"column":4}}},"9":{"name":"createNFTImpl","line":127,"loc":{"start":{"line":127,"column":4},"end":{"line":145,"column":4}}},"10":{"name":"_canCreate","line":151,"loc":{"start":{"line":151,"column":4},"end":{"line":166,"column":4}}}},"statementMap":{"1":{"start":{"line":52,"column":8},"end":{"line":52,"column":23}},"2":{"start":{"line":62,"column":8},"end":{"line":62,"column":2353}},"3":{"start":{"line":73,"column":8},"end":{"line":73,"column":90}},"4":{"start":{"line":82,"column":8},"end":{"line":82,"column":78}},"5":{"start":{"line":83,"column":8},"end":{"line":83,"column":87}},"6":{"start":{"line":84,"column":8},"end":{"line":84,"column":68}},"7":{"start":{"line":85,"column":8},"end":{"line":85,"column":77}},"8":{"start":{"line":86,"column":8},"end":{"line":86,"column":112}},"9":{"start":{"line":87,"column":8},"end":{"line":87,"column":112}},"10":{"start":{"line":88,"column":8},"end":{"line":88,"column":85}},"11":{"start":{"line":89,"column":8},"end":{"line":89,"column":79}},"12":{"start":{"line":90,"column":8},"end":{"line":90,"column":79}},"13":{"start":{"line":92,"column":8},"end":{"line":92,"column":92}},"14":{"start":{"line":95,"column":8},"end":{"line":95,"column":4106}},"15":{"start":{"line":99,"column":8},"end":{"line":99,"column":56}},"16":{"start":{"line":101,"column":8},"end":{"line":101,"column":66}},"17":{"start":{"line":106,"column":8},"end":{"line":106,"column":35}},"18":{"start":{"line":120,"column":8},"end":{"line":120,"column":27}},"19":{"start":{"line":121,"column":8},"end":{"line":121,"column":5068}},"20":{"start":{"line":124,"column":8},"end":{"line":124,"column":26}},"21":{"start":{"line":128,"column":8},"end":{"line":128,"column":5303}},"22":{"start":{"line":143,"column":8},"end":{"line":143,"column":80}},"23":{"start":{"line":144,"column":8},"end":{"line":144,"column":32}},"24":{"start":{"line":152,"column":8},"end":{"line":152,"column":6352}},"25":{"start":{"line":156,"column":8},"end":{"line":156,"column":96}},"26":{"start":{"line":157,"column":8},"end":{"line":157,"column":6638}},"27":{"start":{"line":161,"column":8},"end":{"line":161,"column":6760}},"28":{"start":{"line":164,"column":12},"end":{"line":164,"column":23}}},"branchMap":{"1":{"line":51,"type":"if","locations":[{"start":{"line":51,"column":66},"end":{"line":51,"column":66}},{"start":{"line":51,"column":66},"end":{"line":51,"column":66}}]},"2":{"line":62,"type":"if","locations":[{"start":{"line":62,"column":8},"end":{"line":62,"column":8}},{"start":{"line":62,"column":8},"end":{"line":62,"column":8}}]},"3":{"line":73,"type":"if","locations":[{"start":{"line":73,"column":8},"end":{"line":73,"column":8}},{"start":{"line":73,"column":8},"end":{"line":73,"column":8}}]},"4":{"line":81,"type":"if","locations":[{"start":{"line":81,"column":13},"end":{"line":81,"column":13}},{"start":{"line":81,"column":13},"end":{"line":81,"column":13}}]},"5":{"line":81,"type":"if","locations":[{"start":{"line":81,"column":25},"end":{"line":81,"column":25}},{"start":{"line":81,"column":25},"end":{"line":81,"column":25}}]},"6":{"line":81,"type":"if","locations":[{"start":{"line":81,"column":48},"end":{"line":81,"column":48}},{"start":{"line":81,"column":48},"end":{"line":81,"column":48}}]},"7":{"line":82,"type":"if","locations":[{"start":{"line":82,"column":8},"end":{"line":82,"column":8}},{"start":{"line":82,"column":8},"end":{"line":82,"column":8}}]},"8":{"line":83,"type":"if","locations":[{"start":{"line":83,"column":8},"end":{"line":83,"column":8}},{"start":{"line":83,"column":8},"end":{"line":83,"column":8}}]},"9":{"line":84,"type":"if","locations":[{"start":{"line":84,"column":8},"end":{"line":84,"column":8}},{"start":{"line":84,"column":8},"end":{"line":84,"column":8}}]},"10":{"line":85,"type":"if","locations":[{"start":{"line":85,"column":8},"end":{"line":85,"column":8}},{"start":{"line":85,"column":8},"end":{"line":85,"column":8}}]},"11":{"line":86,"type":"if","locations":[{"start":{"line":86,"column":8},"end":{"line":86,"column":8}},{"start":{"line":86,"column":8},"end":{"line":86,"column":8}}]},"12":{"line":87,"type":"if","locations":[{"start":{"line":87,"column":8},"end":{"line":87,"column":8}},{"start":{"line":87,"column":8},"end":{"line":87,"column":8}}]},"13":{"line":88,"type":"if","locations":[{"start":{"line":88,"column":8},"end":{"line":88,"column":8}},{"start":{"line":88,"column":8},"end":{"line":88,"column":8}}]},"14":{"line":89,"type":"if","locations":[{"start":{"line":89,"column":8},"end":{"line":89,"column":8}},{"start":{"line":89,"column":8},"end":{"line":89,"column":8}}]},"15":{"line":90,"type":"if","locations":[{"start":{"line":90,"column":8},"end":{"line":90,"column":8}},{"start":{"line":90,"column":8},"end":{"line":90,"column":8}}]},"16":{"line":95,"type":"if","locations":[{"start":{"line":95,"column":8},"end":{"line":95,"column":8}},{"start":{"line":95,"column":8},"end":{"line":95,"column":8}}]},"17":{"line":110,"type":"if","locations":[{"start":{"line":110,"column":37},"end":{"line":110,"column":37}},{"start":{"line":110,"column":37},"end":{"line":110,"column":37}}]},"18":{"line":115,"type":"if","locations":[{"start":{"line":115,"column":49},"end":{"line":115,"column":49}},{"start":{"line":115,"column":49},"end":{"line":115,"column":49}}]},"19":{"line":152,"type":"if","locations":[{"start":{"line":152,"column":8},"end":{"line":152,"column":8}},{"start":{"line":152,"column":8},"end":{"line":152,"column":8}}]},"20":{"line":157,"type":"if","locations":[{"start":{"line":157,"column":8},"end":{"line":157,"column":8}},{"start":{"line":157,"column":8},"end":{"line":157,"column":8}}]},"21":{"line":161,"type":"if","locations":[{"start":{"line":161,"column":8},"end":{"line":161,"column":8}},{"start":{"line":161,"column":8},"end":{"line":161,"column":8}}]}}},
"contracts/factory/DagoraPowerNFTFactory.sol":{"l":{"44":117,"45":117,"46":117,"47":117,"53":37,"54":1,"56":36,"64":36,"65":33,"92":33,"93":33,"94":33,"95":33,"96":33,"97":33,"99":33,"100":33,"114":33,"115":33,"116":0,"118":33,"119":33,"120":33,"124":31,"128":40,"132":2,"140":36,"141":1,"144":35,"145":35,"146":1,"149":34,"150":1,"152":33},"path":"/home/ser-orphan/Workspace/DecentrAgora/dAgora Contracts/V1 Upgraedable/contracts/factory/DagoraPowerNFTFactory.sol","s":{"1":117,"2":37,"3":36,"4":33,"5":33,"6":33,"7":33,"8":33,"9":33,"10":33,"11":33,"12":33,"13":33,"14":33,"15":33,"16":31,"17":36,"18":35,"19":35,"20":34,"21":33},"b":{"1":[117,1],"2":[1,36],"3":[33,3],"4":[36,1],"5":[33,3],"6":[33,0],"7":[33,0],"8":[33,0],"9":[33,0],"10":[33,0],"11":[33,0],"12":[33,0],"13":[0,33],"14":[40,2],"15":[2,1],"16":[1,35],"17":[1,34],"18":[1,33]},"f":{"1":117,"2":37,"3":36,"4":33,"5":31,"6":40,"7":2,"8":36},"fnMap":{"1":{"name":"initialize","line":43,"loc":{"start":{"line":43,"column":4},"end":{"line":48,"column":4}}},"2":{"name":"isNotPaused","line":52,"loc":{"start":{"line":52,"column":4},"end":{"line":57,"column":4}}},"3":{"name":"canCreate","line":63,"loc":{"start":{"line":63,"column":4},"end":{"line":66,"column":4}}},"4":{"name":"createPowerNFT","line":91,"loc":{"start":{"line":80,"column":4},"end":{"line":121,"column":4}}},"5":{"name":"getUserContracts","line":123,"loc":{"start":{"line":123,"column":4},"end":{"line":125,"column":4}}},"6":{"name":"togglePaused","line":127,"loc":{"start":{"line":127,"column":4},"end":{"line":129,"column":4}}},"7":{"name":"setMinPowerNFTATier","line":131,"loc":{"start":{"line":131,"column":4},"end":{"line":133,"column":4}}},"8":{"name":"_canCreate","line":139,"loc":{"start":{"line":139,"column":4},"end":{"line":154,"column":4}}}},"statementMap":{"1":{"start":{"line":44,"column":8},"end":{"line":44,"column":23}},"2":{"start":{"line":53,"column":8},"end":{"line":53,"column":2155}},"3":{"start":{"line":64,"column":8},"end":{"line":64,"column":90}},"4":{"start":{"line":92,"column":8},"end":{"line":92,"column":72}},"5":{"start":{"line":93,"column":8},"end":{"line":93,"column":81}},"6":{"start":{"line":94,"column":8},"end":{"line":94,"column":88}},"7":{"start":{"line":95,"column":8},"end":{"line":95,"column":62}},"8":{"start":{"line":96,"column":8},"end":{"line":96,"column":66}},"9":{"start":{"line":97,"column":8},"end":{"line":97,"column":100}},"10":{"start":{"line":99,"column":8},"end":{"line":99,"column":86}},"11":{"start":{"line":100,"column":8},"end":{"line":100,"column":4446}},"12":{"start":{"line":114,"column":8},"end":{"line":114,"column":80}},"13":{"start":{"line":115,"column":8},"end":{"line":115,"column":4917}},"14":{"start":{"line":118,"column":8},"end":{"line":118,"column":56}},"15":{"start":{"line":120,"column":8},"end":{"line":120,"column":59}},"16":{"start":{"line":124,"column":8},"end":{"line":124,"column":35}},"17":{"start":{"line":140,"column":8},"end":{"line":140,"column":5981}},"18":{"start":{"line":144,"column":8},"end":{"line":144,"column":96}},"19":{"start":{"line":145,"column":8},"end":{"line":145,"column":6267}},"20":{"start":{"line":149,"column":8},"end":{"line":149,"column":6389}},"21":{"start":{"line":152,"column":12},"end":{"line":152,"column":23}}},"branchMap":{"1":{"line":43,"type":"if","locations":[{"start":{"line":43,"column":66},"end":{"line":43,"column":66}},{"start":{"line":43,"column":66},"end":{"line":43,"column":66}}]},"2":{"line":53,"type":"if","locations":[{"start":{"line":53,"column":8},"end":{"line":53,"column":8}},{"start":{"line":53,"column":8},"end":{"line":53,"column":8}}]},"3":{"line":64,"type":"if","locations":[{"start":{"line":64,"column":8},"end":{"line":64,"column":8}},{"start":{"line":64,"column":8},"end":{"line":64,"column":8}}]},"4":{"line":91,"type":"if","locations":[{"start":{"line":91,"column":15},"end":{"line":91,"column":15}},{"start":{"line":91,"column":15},"end":{"line":91,"column":15}}]},"5":{"line":91,"type":"if","locations":[{"start":{"line":91,"column":27},"end":{"line":91,"column":27}},{"start":{"line":91,"column":27},"end":{"line":91,"column":27}}]},"6":{"line":91,"type":"if","locations":[{"start":{"line":91,"column":60},"end":{"line":91,"column":60}},{"start":{"line":91,"column":60},"end":{"line":91,"column":60}}]},"7":{"line":92,"type":"if","locations":[{"start":{"line":92,"column":8},"end":{"line":92,"column":8}},{"start":{"line":92,"column":8},"end":{"line":92,"column":8}}]},"8":{"line":93,"type":"if","locations":[{"start":{"line":93,"column":8},"end":{"line":93,"column":8}},{"start":{"line":93,"column":8},"end":{"line":93,"column":8}}]},"9":{"line":94,"type":"if","locations":[{"start":{"line":94,"column":8},"end":{"line":94,"column":8}},{"start":{"line":94,"column":8},"end":{"line":94,"column":8}}]},"10":{"line":95,"type":"if","locations":[{"start":{"line":95,"column":8},"end":{"line":95,"column":8}},{"start":{"line":95,"column":8},"end":{"line":95,"column":8}}]},"11":{"line":96,"type":"if","locations":[{"start":{"line":96,"column":8},"end":{"line":96,"column":8}},{"start":{"line":96,"column":8},"end":{"line":96,"column":8}}]},"12":{"line":97,"type":"if","locations":[{"start":{"line":97,"column":8},"end":{"line":97,"column":8}},{"start":{"line":97,"column":8},"end":{"line":97,"column":8}}]},"13":{"line":115,"type":"if","locations":[{"start":{"line":115,"column":8},"end":{"line":115,"column":8}},{"start":{"line":115,"column":8},"end":{"line":115,"column":8}}]},"14":{"line":127,"type":"if","locations":[{"start":{"line":127,"column":37},"end":{"line":127,"column":37}},{"start":{"line":127,"column":37},"end":{"line":127,"column":37}}]},"15":{"line":131,"type":"if","locations":[{"start":{"line":131,"column":67},"end":{"line":131,"column":67}},{"start":{"line":131,"column":67},"end":{"line":131,"column":67}}]},"16":{"line":140,"type":"if","locations":[{"start":{"line":140,"column":8},"end":{"line":140,"column":8}},{"start":{"line":140,"column":8},"end":{"line":140,"column":8}}]},"17":{"line":145,"type":"if","locations":[{"start":{"line":145,"column":8},"end":{"line":145,"column":8}},{"start":{"line":145,"column":8},"end":{"line":145,"column":8}}]},"18":{"line":149,"type":"if","locations":[{"start":{"line":149,"column":8},"end":{"line":149,"column":8}},{"start":{"line":149,"column":8},"end":{"line":149,"column":8}}]}}},
"contracts/factory/DagoraPowerPlusFactory.sol":{"l":{"43":159,"44":159,"45":159,"46":159,"52":51,"53":1,"55":50,"63":50,"64":47,"79":47,"80":47,"81":47,"82":47,"83":47,"84":47,"85":47,"86":47,"87":47,"89":47,"90":47,"96":47,"97":47,"98":0,"100":47,"101":47,"102":47,"107":45,"111":54,"115":1,"123":50,"124":1,"127":49,"128":49,"129":1,"132":48,"133":1,"135":47},"path":"/home/ser-orphan/Workspace/DecentrAgora/dAgora Contracts/V1 Upgraedable/contracts/factory/DagoraPowerPlusFactory.sol","s":{"1":159,"2":51,"3":50,"4":47,"5":47,"6":47,"7":47,"8":47,"9":47,"10":47,"11":47,"12":47,"13":47,"14":47,"15":47,"16":47,"17":47,"18":47,"19":45,"20":50,"21":49,"22":49,"23":48,"24":47},"b":{"1":[159,1],"2":[1,50],"3":[47,3],"4":[50,1],"5":[47,3],"6":[47,0],"7":[47,0],"8":[47,0],"9":[47,0],"10":[47,0],"11":[47,0],"12":[47,0],"13":[47,0],"14":[47,0],"15":[47,0],"16":[0,47],"17":[54,2],"18":[1,1],"19":[1,49],"20":[1,48],"21":[1,47]},"f":{"1":159,"2":51,"3":50,"4":47,"5":45,"6":54,"7":1,"8":50},"fnMap":{"1":{"name":"initialize","line":42,"loc":{"start":{"line":42,"column":4},"end":{"line":47,"column":4}}},"2":{"name":"isNotPaused","line":51,"loc":{"start":{"line":51,"column":4},"end":{"line":56,"column":4}}},"3":{"name":"canCreate","line":62,"loc":{"start":{"line":62,"column":4},"end":{"line":65,"column":4}}},"4":{"name":"createPowerPlusNFT","line":77,"loc":{"start":{"line":71,"column":4},"end":{"line":103,"column":4}}},"5":{"name":"getUserContracts","line":106,"loc":{"start":{"line":106,"column":4},"end":{"line":108,"column":4}}},"6":{"name":"togglePaused","line":110,"loc":{"start":{"line":110,"column":4},"end":{"line":112,"column":4}}},"7":{"name":"setMinPowerNFTATier","line":114,"loc":{"start":{"line":114,"column":4},"end":{"line":116,"column":4}}},"8":{"name":"_canCreate","line":122,"loc":{"start":{"line":122,"column":4},"end":{"line":137,"column":4}}}},"statementMap":{"1":{"start":{"line":43,"column":8},"end":{"line":43,"column":23}},"2":{"start":{"line":52,"column":8},"end":{"line":52,"column":2104}},"3":{"start":{"line":63,"column":8},"end":{"line":63,"column":90}},"4":{"start":{"line":79,"column":8},"end":{"line":79,"column":79}},"5":{"start":{"line":80,"column":8},"end":{"line":80,"column":88}},"6":{"start":{"line":81,"column":8},"end":{"line":81,"column":95}},"7":{"start":{"line":82,"column":8},"end":{"line":82,"column":104}},"8":{"start":{"line":83,"column":8},"end":{"line":83,"column":69}},"9":{"start":{"line":84,"column":8},"end":{"line":84,"column":130}},"10":{"start":{"line":85,"column":8},"end":{"line":85,"column":114}},"11":{"start":{"line":86,"column":8},"end":{"line":86,"column":127}},"12":{"start":{"line":87,"column":8},"end":{"line":87,"column":75}},"13":{"start":{"line":89,"column":8},"end":{"line":89,"column":93}},"14":{"start":{"line":90,"column":8},"end":{"line":90,"column":4479}},"15":{"start":{"line":96,"column":8},"end":{"line":96,"column":80}},"16":{"start":{"line":97,"column":8},"end":{"line":97,"column":4727}},"17":{"start":{"line":100,"column":8},"end":{"line":100,"column":56}},"18":{"start":{"line":102,"column":8},"end":{"line":102,"column":70}},"19":{"start":{"line":107,"column":8},"end":{"line":107,"column":35}},"20":{"start":{"line":123,"column":8},"end":{"line":123,"column":5811}},"21":{"start":{"line":127,"column":8},"end":{"line":127,"column":96}},"22":{"start":{"line":128,"column":8},"end":{"line":128,"column":6097}},"23":{"start":{"line":132,"column":8},"end":{"line":132,"column":6219}},"24":{"start":{"line":135,"column":12},"end":{"line":135,"column":23}}},"branchMap":{"1":{"line":42,"type":"if","locations":[{"start":{"line":42,"column":66},"end":{"line":42,"column":66}},{"start":{"line":42,"column":66},"end":{"line":42,"column":66}}]},"2":{"line":52,"type":"if","locations":[{"start":{"line":52,"column":8},"end":{"line":52,"column":8}},{"start":{"line":52,"column":8},"end":{"line":52,"column":8}}]},"3":{"line":63,"type":"if","locations":[{"start":{"line":63,"column":8},"end":{"line":63,"column":8}},{"start":{"line":63,"column":8},"end":{"line":63,"column":8}}]},"4":{"line":75,"type":"if","locations":[{"start":{"line":75,"column":8},"end":{"line":75,"column":8}},{"start":{"line":75,"column":8},"end":{"line":75,"column":8}}]},"5":{"line":76,"type":"if","locations":[{"start":{"line":76,"column":8},"end":{"line":76,"column":8}},{"start":{"line":76,"column":8},"end":{"line":76,"column":8}}]},"6":{"line":77,"type":"if","locations":[{"start":{"line":77,"column":8},"end":{"line":77,"column":8}},{"start":{"line":77,"column":8},"end":{"line":77,"column":8}}]},"7":{"line":79,"type":"if","locations":[{"start":{"line":79,"column":8},"end":{"line":79,"column":8}},{"start":{"line":79,"column":8},"end":{"line":79,"column":8}}]},"8":{"line":80,"type":"if","locations":[{"start":{"line":80,"column":8},"end":{"line":80,"column":8}},{"start":{"line":80,"column":8},"end":{"line":80,"column":8}}]},"9":{"line":81,"type":"if","locations":[{"start":{"line":81,"column":8},"end":{"line":81,"column":8}},{"start":{"line":81,"column":8},"end":{"line":81,"column":8}}]},"10":{"line":82,"type":"if","locations":[{"start":{"line":82,"column":8},"end":{"line":82,"column":8}},{"start":{"line":82,"column":8},"end":{"line":82,"column":8}}]},"11":{"line":83,"type":"if","locations":[{"start":{"line":83,"column":8},"end":{"line":83,"column":8}},{"start":{"line":83,"column":8},"end":{"line":83,"column":8}}]},"12":{"line":84,"type":"if","locations":[{"start":{"line":84,"column":8},"end":{"line":84,"column":8}},{"start":{"line":84,"column":8},"end":{"line":84,"column":8}}]},"13":{"line":85,"type":"if","locations":[{"start":{"line":85,"column":8},"end":{"line":85,"column":8}},{"start":{"line":85,"column":8},"end":{"line":85,"column":8}}]},"14":{"line":86,"type":"if","locations":[{"start":{"line":86,"column":8},"end":{"line":86,"column":8}},{"start":{"line":86,"column":8},"end":{"line":86,"column":8}}]},"15":{"line":87,"type":"if","locations":[{"start":{"line":87,"column":8},"end":{"line":87,"column":8}},{"start":{"line":87,"column":8},"end":{"line":87,"column":8}}]},"16":{"line":97,"type":"if","locations":[{"start":{"line":97,"column":8},"end":{"line":97,"column":8}},{"start":{"line":97,"column":8},"end":{"line":97,"column":8}}]},"17":{"line":110,"type":"if","locations":[{"start":{"line":110,"column":37},"end":{"line":110,"column":37}},{"start":{"line":110,"column":37},"end":{"line":110,"column":37}}]},"18":{"line":114,"type":"if","locations":[{"start":{"line":114,"column":67},"end":{"line":114,"column":67}},{"start":{"line":114,"column":67},"end":{"line":114,"column":67}}]},"19":{"line":123,"type":"if","locations":[{"start":{"line":123,"column":8},"end":{"line":123,"column":8}},{"start":{"line":123,"column":8},"end":{"line":123,"column":8}}]},"20":{"line":128,"type":"if","locations":[{"start":{"line":128,"column":8},"end":{"line":128,"column":8}},{"start":{"line":128,"column":8},"end":{"line":128,"column":8}}]},"21":{"line":132,"type":"if","locations":[{"start":{"line":132,"column":8},"end":{"line":132,"column":8}},{"start":{"line":132,"column":8},"end":{"line":132,"column":8}}]}}},
"contracts/factory/DagoraSimpleNFTFactory.sol":{"l":{"40":105,"41":105,"42":105,"43":105,"49":33,"50":1,"52":32,"60":32,"61":29,"85":29,"86":29,"87":29,"88":29,"89":29,"91":29,"92":29,"104":29,"105":29,"106":0,"108":29,"109":29,"110":29,"114":27,"118":36,"122":2,"131":32,"132":1,"135":31,"136":31,"137":1,"140":30,"141":1,"143":29},"path":"/home/ser-orphan/Workspace/DecentrAgora/dAgora Contracts/V1 Upgraedable/contracts/factory/DagoraSimpleNFTFactory.sol","s":{"1":105,"2":33,"3":32,"4":29,"5":29,"6":29,"7":29,"8":29,"9":29,"10":29,"11":29,"12":29,"13":29,"14":29,"15":27,"16":32,"17":31,"18":31,"19":30,"20":29},"b":{"1":[105,1],"2":[1,32],"3":[29,3],"4":[32,1],"5":[29,3],"6":[29,0],"7":[29,0],"8":[29,0],"9":[29,0],"10":[29,0],"11":[29,0],"12":[0,29],"13":[36,1],"14":[2,1],"15":[1,31],"16":[1,30],"17":[1,29]},"f":{"1":105,"2":33,"3":32,"4":29,"5":27,"6":36,"7":2,"8":32},"fnMap":{"1":{"name":"initialize","line":39,"loc":{"start":{"line":39,"column":4},"end":{"line":44,"column":4}}},"2":{"name":"isNotPaused","line":48,"loc":{"start":{"line":48,"column":4},"end":{"line":53,"column":4}}},"3":{"name":"canCreate","line":59,"loc":{"start":{"line":59,"column":4},"end":{"line":62,"column":4}}},"4":{"name":"createSimpleNFTA","line":84,"loc":{"start":{"line":75,"column":4},"end":{"line":111,"column":4}}},"5":{"name":"getUserContracts","line":113,"loc":{"start":{"line":113,"column":4},"end":{"line":115,"column":4}}},"6":{"name":"togglePaused","line":117,"loc":{"start":{"line":117,"column":4},"end":{"line":119,"column":4}}},"7":{"name":"setMinSimpleNFTATier","line":121,"loc":{"start":{"line":121,"column":4},"end":{"line":123,"column":4}}},"8":{"name":"_canCreate","line":130,"loc":{"start":{"line":130,"column":4},"end":{"line":145,"column":4}}}},"statementMap":{"1":{"start":{"line":40,"column":8},"end":{"line":40,"column":23}},"2":{"start":{"line":49,"column":8},"end":{"line":49,"column":2154}},"3":{"start":{"line":60,"column":8},"end":{"line":60,"column":90}},"4":{"start":{"line":85,"column":8},"end":{"line":85,"column":86}},"5":{"start":{"line":86,"column":8},"end":{"line":86,"column":98}},"6":{"start":{"line":87,"column":8},"end":{"line":87,"column":74}},"7":{"start":{"line":88,"column":8},"end":{"line":88,"column":81}},"8":{"start":{"line":89,"column":8},"end":{"line":89,"column":109}},"9":{"start":{"line":91,"column":8},"end":{"line":91,"column":86}},"10":{"start":{"line":92,"column":8},"end":{"line":92,"column":4347}},"11":{"start":{"line":104,"column":8},"end":{"line":104,"column":80}},"12":{"start":{"line":105,"column":8},"end":{"line":105,"column":4756}},"13":{"start":{"line":108,"column":8},"end":{"line":108,"column":56}},"14":{"start":{"line":110,"column":8},"end":{"line":110,"column":60}},"15":{"start":{"line":114,"column":8},"end":{"line":114,"column":35}},"16":{"start":{"line":131,"column":8},"end":{"line":131,"column":5826}},"17":{"start":{"line":135,"column":8},"end":{"line":135,"column":96}},"18":{"start":{"line":136,"column":8},"end":{"line":136,"column":6112}},"19":{"start":{"line":140,"column":8},"end":{"line":140,"column":6234}},"20":{"start":{"line":143,"column":12},"end":{"line":143,"column":23}}},"branchMap":{"1":{"line":39,"type":"if","locations":[{"start":{"line":39,"column":66},"end":{"line":39,"column":66}},{"start":{"line":39,"column":66},"end":{"line":39,"column":66}}]},"2":{"line":49,"type":"if","locations":[{"start":{"line":49,"column":8},"end":{"line":49,"column":8}},{"start":{"line":49,"column":8},"end":{"line":49,"column":8}}]},"3":{"line":60,"type":"if","locations":[{"start":{"line":60,"column":8},"end":{"line":60,"column":8}},{"start":{"line":60,"column":8},"end":{"line":60,"column":8}}]},"4":{"line":84,"type":"if","locations":[{"start":{"line":84,"column":13},"end":{"line":84,"column":13}},{"start":{"line":84,"column":13},"end":{"line":84,"column":13}}]},"5":{"line":84,"type":"if","locations":[{"start":{"line":84,"column":25},"end":{"line":84,"column":25}},{"start":{"line":84,"column":25},"end":{"line":84,"column":25}}]},"6":{"line":84,"type":"if","locations":[{"start":{"line":84,"column":59},"end":{"line":84,"column":59}},{"start":{"line":84,"column":59},"end":{"line":84,"column":59}}]},"7":{"line":85,"type":"if","locations":[{"start":{"line":85,"column":8},"end":{"line":85,"column":8}},{"start":{"line":85,"column":8},"end":{"line":85,"column":8}}]},"8":{"line":86,"type":"if","locations":[{"start":{"line":86,"column":8},"end":{"line":86,"column":8}},{"start":{"line":86,"column":8},"end":{"line":86,"column":8}}]},"9":{"line":87,"type":"if","locations":[{"start":{"line":87,"column":8},"end":{"line":87,"column":8}},{"start":{"line":87,"column":8},"end":{"line":87,"column":8}}]},"10":{"line":88,"type":"if","locations":[{"start":{"line":88,"column":8},"end":{"line":88,"column":8}},{"start":{"line":88,"column":8},"end":{"line":88,"column":8}}]},"11":{"line":89,"type":"if","locations":[{"start":{"line":89,"column":8},"end":{"line":89,"column":8}},{"start":{"line":89,"column":8},"end":{"line":89,"column":8}}]},"12":{"line":105,"type":"if","locations":[{"start":{"line":105,"column":8},"end":{"line":105,"column":8}},{"start":{"line":105,"column":8},"end":{"line":105,"column":8}}]},"13":{"line":117,"type":"if","locations":[{"start":{"line":117,"column":37},"end":{"line":117,"column":37}},{"start":{"line":117,"column":37},"end":{"line":117,"column":37}}]},"14":{"line":121,"type":"if","locations":[{"start":{"line":121,"column":69},"end":{"line":121,"column":69}},{"start":{"line":121,"column":69},"end":{"line":121,"column":69}}]},"15":{"line":131,"type":"if","locations":[{"start":{"line":131,"column":8},"end":{"line":131,"column":8}},{"start":{"line":131,"column":8},"end":{"line":131,"column":8}}]},"16":{"line":136,"type":"if","locations":[{"start":{"line":136,"column":8},"end":{"line":136,"column":8}},{"start":{"line":136,"column":8},"end":{"line":136,"column":8}}]},"17":{"line":140,"type":"if","locations":[{"start":{"line":140,"column":8},"end":{"line":140,"column":8}},{"start":{"line":140,"column":8},"end":{"line":140,"column":8}}]}}},
"contracts/interfaces/IAttestationStation.sol":{"l":{},"path":"/home/ser-orphan/Workspace/DecentrAgora/dAgora Contracts/V1 Upgraedable/contracts/interfaces/IAttestationStation.sol","s":{},"b":{},"f":{},"fnMap":{},"statementMap":{},"branchMap":{}},
"contracts/interfaces/IDagoraMembershipsV1.sol":{"l":{},"path":"/home/ser-orphan/Workspace/DecentrAgora/dAgora Contracts/V1 Upgraedable/contracts/interfaces/IDagoraMembershipsV1.sol","s":{},"b":{},"f":{},"fnMap":{},"statementMap":{},"branchMap":{}},
"contracts/memberships/DagoraMemberships_V1.sol":{"l":{"171":867,"172":867,"173":867,"174":867,"175":867,"176":867,"177":867,"178":867,"179":867,"180":867,"181":867,"182":867,"183":867,"184":867,"185":867,"186":867,"187":867,"188":867,"189":867,"194":93,"195":85,"200":41,"201":39,"207":30,"211":27,"216":39,"217":39,"223":253,"224":251,"229":42,"230":38,"235":2,"238":2,"264":32,"265":30,"266":30,"267":30,"268":30,"270":30,"271":29,"272":28,"273":28,"275":28,"276":28,"277":28,"278":28,"279":28,"285":5,"286":5,"288":5,"289":5,"290":5,"291":5,"292":5,"319":2,"320":2,"321":2,"322":2,"323":2,"324":2,"326":2,"327":2,"328":2,"329":2,"357":7,"358":7,"359":7,"360":7,"361":7,"362":7,"363":7,"364":7,"371":1,"372":1,"373":1,"388":25,"389":25,"390":24,"391":23,"392":22,"393":22,"394":22,"395":22,"410":1,"411":1,"412":1,"413":1,"415":1,"416":1,"417":1,"418":1,"433":1,"434":1,"435":1,"436":1,"437":1,"439":1,"440":1,"441":1,"444":1,"459":215,"460":214,"461":213,"462":213,"463":213,"465":213,"466":213,"467":213,"468":213,"469":213,"476":4,"477":4,"478":2,"479":2,"480":1,"493":1,"494":1,"495":1,"496":1,"502":49,"508":1,"514":1,"520":1,"526":1,"532":1,"538":1,"544":1,"550":1,"556":1,"562":1,"569":42,"575":1,"576":1,"577":1,"583":1,"584":1,"591":177,"598":183,"605":1,"612":188,"617":4,"618":4,"619":10,"620":4,"629":14,"638":188,"639":183,"641":5,"650":70,"651":4,"652":1,"653":1,"655":1,"656":1,"658":1,"659":1,"661":1,"664":66,"665":27,"666":27,"668":9,"669":9,"671":28,"672":28,"674":1,"677":70,"686":14,"687":14,"688":14,"689":14,"691":14,"692":14,"693":6,"694":2,"696":2,"698":2,"701":4,"702":2,"704":2,"707":4,"709":14,"717":13,"718":4,"719":1,"720":1,"722":1,"723":1,"725":1,"726":1,"728":1,"729":1,"732":9,"733":3,"735":2,"737":3,"739":1,"742":13,"749":1,"750":1,"760":190,"761":1,"762":1,"765":189,"771":1555,"777":248,"792":247,"796":246,"807":27,"808":27,"809":50,"810":2,"813":25},"path":"/home/ser-orphan/Workspace/DecentrAgora/dAgora Contracts/V1 Upgraedable/contracts/memberships/DagoraMemberships_V1.sol","s":{"1":867,"2":867,"3":867,"4":867,"5":867,"6":93,"7":41,"8":30,"9":39,"10":253,"11":42,"12":2,"13":32,"14":30,"15":30,"16":30,"17":30,"18":30,"19":29,"20":28,"21":28,"22":28,"23":28,"24":5,"25":5,"26":5,"27":5,"28":2,"29":2,"30":2,"31":2,"32":2,"33":2,"34":2,"35":2,"36":7,"37":7,"38":7,"39":7,"40":7,"41":7,"42":7,"43":1,"44":25,"45":25,"46":24,"47":23,"48":22,"49":22,"50":22,"51":22,"52":1,"53":1,"54":1,"55":1,"56":1,"57":1,"58":1,"59":1,"60":1,"61":1,"62":1,"63":1,"64":1,"65":1,"66":215,"67":214,"68":213,"69":213,"70":213,"71":213,"72":213,"73":4,"74":4,"75":2,"76":2,"77":1,"78":1,"79":1,"80":1,"81":1,"82":1,"83":1,"84":177,"85":183,"86":1,"87":188,"88":4,"89":4,"90":10,"91":4,"92":14,"93":188,"94":70,"95":4,"96":1,"97":3,"98":1,"99":2,"100":1,"101":1,"102":66,"103":27,"104":39,"105":9,"106":30,"107":28,"108":2,"109":70,"110":14,"111":14,"112":14,"113":14,"114":14,"115":14,"116":6,"117":4,"118":2,"119":8,"120":4,"121":2,"122":4,"123":14,"124":13,"125":4,"126":1,"127":3,"128":1,"129":2,"130":1,"131":1,"132":1,"133":9,"134":6,"135":4,"136":1,"137":13,"138":1,"139":1,"140":190,"141":1,"142":1,"143":189,"144":1555,"145":248,"146":247,"147":246,"148":27,"149":27,"150":50,"151":2,"152":25},"b":{"1":[867,1],"2":[867,0],"3":[867,0],"4":[85,8],"5":[39,2],"6":[27,3],"7":[39,0],"8":[251,2],"9":[38,4],"10":[2,0],"11":[1,1],"12":[35,1],"13":[34,1],"14":[32,2],"15":[32,0],"16":[30,2],"17":[30,0],"18":[29,1],"19":[28,0],"20":[6,1],"21":[5,1],"22":[5,0],"23":[2,1],"24":[2,0],"25":[2,0],"26":[2,0],"27":[2,0],"28":[2,0],"29":[7,1],"30":[7,0],"31":[7,0],"32":[7,0],"33":[7,0],"34":[7,0],"35":[7,0],"36":[7,0],"37":[1,1],"38":[1,0],"39":[1,0],"40":[1,0],"41":[29,1],"42":[29,0],"43":[28,1],"44":[25,3],"45":[25,0],"46":[24,1],"47":[23,1],"48":[22,1],"49":[22,0],"50":[22,0],"51":[3,1],"52":[1,2],"53":[1,0],"54":[1,0],"55":[1,0],"56":[1,0],"57":[1,0],"58":[1,0],"59":[1,0],"60":[2,1],"61":[1,1],"62":[1,0],"63":[1,0],"64":[1,0],"65":[1,0],"66":[1,0],"67":[1,0],"68":[1,0],"69":[1,0],"70":[1,0],"71":[216,0],"72":[215,1],"73":[214,1],"74":[213,1],"75":[213,0],"76":[4,1],"77":[2,2],"78":[2,0],"79":[1,1],"80":[1,0],"81":[1,0],"82":[1,0],"83":[49,1],"84":[1,1],"85":[1,1],"86":[1,1],"87":[1,1],"88":[1,1],"89":[1,1],"90":[1,1],"91":[1,1],"92":[1,1],"93":[1,1],"94":[42,1],"95":[1,0],"96":[1,0],"97":[1,2],"98":[4,6],"99":[183,5],"100":[0,183],"101":[4,66],"102":[1,3],"103":[1,2],"104":[1,1],"105":[1,0],"106":[27,39],"107":[9,30],"108":[28,2],"109":[1,1],"110":[14,0],"111":[14,0],"112":[14,0],"113":[14,0],"114":[6,8],"115":[2,4],"116":[2,2],"117":[2,0],"118":[4,4],"119":[2,2],"120":[2,0],"121":[4,0],"122":[4,9],"123":[1,3],"124":[1,2],"125":[1,1],"126":[1,0],"127":[3,6],"128":[2,4],"129":[3,1],"130":[1,0],"131":[1,0],"132":[1,0],"133":[246,1],"134":[2,48]},"f":{"1":867,"2":93,"3":41,"4":30,"5":39,"6":253,"7":42,"8":2,"9":32,"10":5,"11":2,"12":7,"13":1,"14":25,"15":1,"16":1,"17":215,"18":4,"19":1,"20":49,"21":1,"22":1,"23":1,"24":1,"25":1,"26":1,"27":1,"28":1,"29":1,"30":1,"31":42,"32":1,"33":1,"34":177,"35":183,"36":1,"37":188,"38":4,"39":14,"40":188,"41":70,"42":14,"43":13,"44":1,"45":190,"46":1555,"47":248,"48":247,"49":27},"fnMap":{"1":{"name":"initialize","line":170,"loc":{"start":{"line":164,"column":4},"end":{"line":190,"column":4}}},"2":{"name":"isNotPaused","line":193,"loc":{"start":{"line":193,"column":4},"end":{"line":196,"column":4}}},"3":{"name":"isNotMember","line":199,"loc":{"start":{"line":199,"column":4},"end":{"line":202,"column":4}}},"4":{"name":"isPerclesian","line":206,"loc":{"start":{"line":206,"column":4},"end":{"line":212,"column":4}}},"5":{"name":"_isValidMembership","line":215,"loc":{"start":{"line":215,"column":4},"end":{"line":218,"column":4}}},"6":{"name":"durationCheck","line":222,"loc":{"start":{"line":222,"column":4},"end":{"line":225,"column":4}}},"7":{"name":"onlyController","line":228,"loc":{"start":{"line":228,"column":4},"end":{"line":231,"column":4}}},"8":{"name":"onlyDelegateeAndOwner","line":234,"loc":{"start":{"line":234,"column":4},"end":{"line":239,"column":4}}},"9":{"name":"mintMembership","line":262,"loc":{"start":{"line":250,"column":4},"end":{"line":280,"column":4}}},"10":{"name":"freeMint","line":284,"loc":{"start":{"line":284,"column":4},"end":{"line":293,"column":4}}},"11":{"name":"renewMembership","line":317,"loc":{"start":{"line":305,"column":4},"end":{"line":330,"column":4}}},"12":{"name":"upgradeMembership","line":355,"loc":{"start":{"line":342,"column":4},"end":{"line":365,"column":4}}},"13":{"name":"cancelMembership","line":369,"loc":{"start":{"line":369,"column":4},"end":{"line":374,"column":4}}},"14":{"name":"addDelegate","line":386,"loc":{"start":{"line":379,"column":4},"end":{"line":396,"column":4}}},"15":{"name":"removeDelegate","line":408,"loc":{"start":{"line":402,"column":4},"end":{"line":419,"column":4}}},"16":{"name":"swapDelegate","line":431,"loc":{"start":{"line":425,"column":4},"end":{"line":445,"column":4}}},"17":{"name":"giftMembership","line":457,"loc":{"start":{"line":451,"column":4},"end":{"line":470,"column":4}}},"18":{"name":"giftUpgrade","line":475,"loc":{"start":{"line":475,"column":4},"end":{"line":481,"column":4}}},"19":{"name":"giftExtension","line":491,"loc":{"start":{"line":486,"column":4},"end":{"line":497,"column":4}}},"20":{"name":"togglePaused","line":501,"loc":{"start":{"line":501,"column":4},"end":{"line":503,"column":4}}},"21":{"name":"setBaseURI","line":507,"loc":{"start":{"line":507,"column":4},"end":{"line":509,"column":4}}},"22":{"name":"setDiscount","line":513,"loc":{"start":{"line":513,"column":4},"end":{"line":515,"column":4}}},"23":{"name":"setPercelsiaPrice","line":519,"loc":{"start":{"line":519,"column":4},"end":{"line":521,"column":4}}},"24":{"name":"setHoplitePrice","line":525,"loc":{"start":{"line":525,"column":4},"end":{"line":527,"column":4}}},"25":{"name":"setDagorianPrice","line":531,"loc":{"start":{"line":531,"column":4},"end":{"line":533,"column":4}}},"26":{"name":"setEcclesiaPrice","line":537,"loc":{"start":{"line":537,"column":4},"end":{"line":539,"column":4}}},"27":{"name":"setPercelsiaRenewPrice","line":543,"loc":{"start":{"line":543,"column":4},"end":{"line":545,"column":4}}},"28":{"name":"setHopliteRenewPrice","line":549,"loc":{"start":{"line":549,"column":4},"end":{"line":551,"column":4}}},"29":{"name":"setDagorianRenewPrice","line":555,"loc":{"start":{"line":555,"column":4},"end":{"line":557,"column":4}}},"30":{"name":"setDagoraTreasury","line":561,"loc":{"start":{"line":561,"column":4},"end":{"line":563,"column":4}}},"31":{"name":"setProxyAddress","line":568,"loc":{"start":{"line":568,"column":4},"end":{"line":570,"column":4}}},"32":{"name":"withdrawERC20","line":574,"loc":{"start":{"line":574,"column":4},"end":{"line":578,"column":4}}},"33":{"name":"withdrawETH","line":582,"loc":{"start":{"line":582,"column":4},"end":{"line":585,"column":4}}},"34":{"name":"getMembership","line":590,"loc":{"start":{"line":590,"column":4},"end":{"line":592,"column":4}}},"35":{"name":"getMembershipTier","line":597,"loc":{"start":{"line":597,"column":4},"end":{"line":599,"column":4}}},"36":{"name":"getExpiration","line":604,"loc":{"start":{"line":604,"column":4},"end":{"line":606,"column":4}}},"37":{"name":"isValidMembership","line":611,"loc":{"start":{"line":611,"column":4},"end":{"line":613,"column":4}}},"38":{"name":"addressTokenIds","line":615,"loc":{"start":{"line":615,"column":4},"end":{"line":623,"column":4}}},"39":{"name":"getTokenDelegates","line":628,"loc":{"start":{"line":628,"column":4},"end":{"line":630,"column":4}}},"40":{"name":"isOwnerOrDelegate","line":637,"loc":{"start":{"line":637,"column":4},"end":{"line":643,"column":4}}},"41":{"name":"getMintPrice","line":649,"loc":{"start":{"line":649,"column":4},"end":{"line":678,"column":4}}},"42":{"name":"_getUpgradePrice","line":685,"loc":{"start":{"line":685,"column":4},"end":{"line":710,"column":4}}},"43":{"name":"getRenewalPrice","line":716,"loc":{"start":{"line":716,"column":4},"end":{"line":743,"column":4}}},"44":{"name":"tokenURI","line":748,"loc":{"start":{"line":748,"column":4},"end":{"line":751,"column":4}}},"45":{"name":"_isDelegatee","line":759,"loc":{"start":{"line":759,"column":4},"end":{"line":766,"column":4}}},"46":{"name":"_startTokenId","line":770,"loc":{"start":{"line":770,"column":4},"end":{"line":772,"column":4}}},"47":{"name":"_getNextTokenId","line":776,"loc":{"start":{"line":776,"column":4},"end":{"line":778,"column":4}}},"48":{"name":"_beforeTokenTransfers","line":786,"loc":{"start":{"line":786,"column":4},"end":{"line":797,"column":4}}},"49":{"name":"_contains","line":806,"loc":{"start":{"line":806,"column":4},"end":{"line":814,"column":4}}}},"statementMap":{"1":{"start":{"line":171,"column":8},"end":{"line":171,"column":73}},"2":{"start":{"line":172,"column":8},"end":{"line":172,"column":37}},"3":{"start":{"line":173,"column":8},"end":{"line":173,"column":23}},"4":{"start":{"line":174,"column":8},"end":{"line":174,"column":31}},"5":{"start":{"line":176,"column":8},"end":{"line":176,"column":41}},"6":{"start":{"line":194,"column":8},"end":{"line":194,"column":66}},"7":{"start":{"line":200,"column":8},"end":{"line":200,"column":75}},"8":{"start":{"line":207,"column":8},"end":{"line":207,"column":8253}},"9":{"start":{"line":216,"column":8},"end":{"line":216,"column":109}},"10":{"start":{"line":223,"column":8},"end":{"line":223,"column":77}},"11":{"start":{"line":229,"column":8},"end":{"line":229,"column":85}},"12":{"start":{"line":235,"column":8},"end":{"line":235,"column":9345}},"13":{"start":{"line":264,"column":8},"end":{"line":264,"column":73}},"14":{"start":{"line":265,"column":8},"end":{"line":265,"column":81}},"15":{"start":{"line":266,"column":8},"end":{"line":266,"column":55}},"16":{"start":{"line":267,"column":8},"end":{"line":267,"column":63}},"17":{"start":{"line":268,"column":8},"end":{"line":268,"column":44}},"18":{"start":{"line":270,"column":8},"end":{"line":270,"column":113}},"19":{"start":{"line":271,"column":8},"end":{"line":271,"column":93}},"20":{"start":{"line":272,"column":8},"end":{"line":272,"column":94}},"21":{"start":{"line":273,"column":8},"end":{"line":273,"column":61}},"22":{"start":{"line":278,"column":8},"end":{"line":278,"column":27}},"23":{"start":{"line":279,"column":8},"end":{"line":279,"column":83}},"24":{"start":{"line":285,"column":8},"end":{"line":285,"column":44}},"25":{"start":{"line":286,"column":8},"end":{"line":286,"column":60}},"26":{"start":{"line":291,"column":8},"end":{"line":291,"column":27}},"27":{"start":{"line":292,"column":8},"end":{"line":292,"column":81}},"28":{"start":{"line":319,"column":8},"end":{"line":319,"column":81}},"29":{"start":{"line":320,"column":8},"end":{"line":320,"column":55}},"30":{"start":{"line":321,"column":8},"end":{"line":321,"column":87}},"31":{"start":{"line":322,"column":8},"end":{"line":322,"column":93}},"32":{"start":{"line":323,"column":8},"end":{"line":323,"column":94}},"33":{"start":{"line":324,"column":8},"end":{"line":324,"column":61}},"34":{"start":{"line":326,"column":8},"end":{"line":326,"column":63}},"35":{"start":{"line":329,"column":8},"end":{"line":329,"column":66}},"36":{"start":{"line":357,"column":8},"end":{"line":357,"column":71}},"37":{"start":{"line":358,"column":8},"end":{"line":358,"column":77}},"38":{"start":{"line":359,"column":8},"end":{"line":359,"column":81}},"39":{"start":{"line":360,"column":8},"end":{"line":360,"column":68}},"40":{"start":{"line":361,"column":8},"end":{"line":361,"column":89}},"41":{"start":{"line":362,"column":8},"end":{"line":362,"column":94}},"42":{"start":{"line":363,"column":8},"end":{"line":363,"column":61}},"43":{"start":{"line":373,"column":8},"end":{"line":373,"column":84}},"44":{"start":{"line":388,"column":8},"end":{"line":388,"column":93}},"45":{"start":{"line":389,"column":8},"end":{"line":389,"column":100}},"46":{"start":{"line":390,"column":8},"end":{"line":390,"column":86}},"47":{"start":{"line":391,"column":8},"end":{"line":391,"column":92}},"48":{"start":{"line":392,"column":8},"end":{"line":392,"column":98}},"49":{"start":{"line":393,"column":8},"end":{"line":393,"column":94}},"50":{"start":{"line":394,"column":8},"end":{"line":394,"column":48}},"51":{"start":{"line":395,"column":8},"end":{"line":395,"column":60}},"52":{"start":{"line":410,"column":8},"end":{"line":410,"column":76}},"53":{"start":{"line":411,"column":8},"end":{"line":411,"column":95}},"54":{"start":{"line":412,"column":8},"end":{"line":412,"column":98}},"55":{"start":{"line":413,"column":8},"end":{"line":413,"column":107}},"56":{"start":{"line":417,"column":8},"end":{"line":417,"column":37}},"57":{"start":{"line":418,"column":8},"end":{"line":418,"column":62}},"58":{"start":{"line":433,"column":8},"end":{"line":433,"column":76}},"59":{"start":{"line":434,"column":8},"end":{"line":434,"column":104}},"60":{"start":{"line":435,"column":8},"end":{"line":435,"column":87}},"61":{"start":{"line":436,"column":8},"end":{"line":436,"column":93}},"62":{"start":{"line":437,"column":8},"end":{"line":437,"column":99}},"63":{"start":{"line":439,"column":8},"end":{"line":439,"column":18900}},"64":{"start":{"line":440,"column":12},"end":{"line":440,"column":18978}},"65":{"start":{"line":444,"column":8},"end":{"line":444,"column":76}},"66":{"start":{"line":459,"column":8},"end":{"line":459,"column":79}},"67":{"start":{"line":460,"column":8},"end":{"line":460,"column":59}},"68":{"start":{"line":461,"column":8},"end":{"line":461,"column":83}},"69":{"start":{"line":462,"column":8},"end":{"line":462,"column":74}},"70":{"start":{"line":463,"column":8},"end":{"line":463,"column":44}},"71":{"start":{"line":468,"column":8},"end":{"line":468,"column":19}},"72":{"start":{"line":469,"column":8},"end":{"line":469,"column":71}},"73":{"start":{"line":476,"column":8},"end":{"line":476,"column":47}},"74":{"start":{"line":477,"column":8},"end":{"line":477,"column":71}},"75":{"start":{"line":478,"column":8},"end":{"line":478,"column":70}},"76":{"start":{"line":479,"column":8},"end":{"line":479,"column":63}},"77":{"start":{"line":493,"column":8},"end":{"line":493,"column":70}},"78":{"start":{"line":494,"column":8},"end":{"line":494,"column":56}},"79":{"start":{"line":575,"column":8},"end":{"line":575,"column":76}},"80":{"start":{"line":576,"column":8},"end":{"line":576,"column":78}},"81":{"start":{"line":577,"column":8},"end":{"line":577,"column":61}},"82":{"start":{"line":583,"column":8},"end":{"line":583,"column":47}},"83":{"start":{"line":584,"column":8},"end":{"line":584,"column":48}},"84":{"start":{"line":591,"column":8},"end":{"line":591,"column":36}},"85":{"start":{"line":598,"column":8},"end":{"line":598,"column":41}},"86":{"start":{"line":605,"column":8},"end":{"line":605,"column":35}},"87":{"start":{"line":612,"column":8},"end":{"line":612,"column":53}},"88":{"start":{"line":617,"column":8},"end":{"line":617,"column":48}},"89":{"start":{"line":618,"column":8},"end":{"line":618,"column":26296}},"90":{"start":{"line":619,"column":12},"end":{"line":619,"column":26362}},"91":{"start":{"line":620,"column":16},"end":{"line":620,"column":24}},"92":{"start":{"line":629,"column":8},"end":{"line":629,"column":39}},"93":{"start":{"line":638,"column":8},"end":{"line":638,"column":27081}},"94":{"start":{"line":650,"column":8},"end":{"line":650,"column":27610}},"95":{"start":{"line":651,"column":12},"end":{"line":651,"column":27657}},"96":{"start":{"line":652,"column":16},"end":{"line":652,"column":77}},"97":{"start":{"line":654,"column":19},"end":{"line":654,"column":27874}},"98":{"start":{"line":655,"column":16},"end":{"line":655,"column":75}},"99":{"start":{"line":657,"column":19},"end":{"line":657,"column":28082}},"100":{"start":{"line":658,"column":16},"end":{"line":658,"column":74}},"101":{"start":{"line":660,"column":19},"end":{"line":660,"column":28290}},"102":{"start":{"line":664,"column":12},"end":{"line":664,"column":28411}},"103":{"start":{"line":665,"column":16},"end":{"line":665,"column":77}},"104":{"start":{"line":667,"column":19},"end":{"line":667,"column":28604}},"105":{"start":{"line":668,"column":16},"end":{"line":668,"column":75}},"106":{"start":{"line":670,"column":19},"end":{"line":670,"column":28790}},"107":{"start":{"line":671,"column":16},"end":{"line":671,"column":74}},"108":{"start":{"line":673,"column":19},"end":{"line":673,"column":28977}},"109":{"start":{"line":677,"column":8},"end":{"line":677,"column":21}},"110":{"start":{"line":686,"column":8},"end":{"line":686,"column":80}},"111":{"start":{"line":687,"column":8},"end":{"line":687,"column":108}},"112":{"start":{"line":688,"column":8},"end":{"line":688,"column":84}},"113":{"start":{"line":689,"column":8},"end":{"line":689,"column":114}},"114":{"start":{"line":691,"column":8},"end":{"line":691,"column":76}},"115":{"start":{"line":692,"column":8},"end":{"line":692,"column":30021}},"116":{"start":{"line":693,"column":12},"end":{"line":693,"column":30077}},"117":{"start":{"line":695,"column":19},"end":{"line":695,"column":30208}},"118":{"start":{"line":697,"column":19},"end":{"line":697,"column":30338}},"119":{"start":{"line":700,"column":15},"end":{"line":700,"column":30481}},"120":{"start":{"line":701,"column":12},"end":{"line":701,"column":30537}},"121":{"start":{"line":703,"column":19},"end":{"line":703,"column":30718}},"122":{"start":{"line":706,"column":15},"end":{"line":706,"column":30913}},"123":{"start":{"line":709,"column":8},"end":{"line":709,"column":21}},"124":{"start":{"line":717,"column":8},"end":{"line":717,"column":31476}},"125":{"start":{"line":718,"column":12},"end":{"line":718,"column":31517}},"126":{"start":{"line":719,"column":16},"end":{"line":719,"column":72}},"127":{"start":{"line":721,"column":19},"end":{"line":721,"column":31716}},"128":{"start":{"line":722,"column":16},"end":{"line":722,"column":70}},"129":{"start":{"line":724,"column":19},"end":{"line":724,"column":31908}},"130":{"start":{"line":725,"column":16},"end":{"line":725,"column":69}},"131":{"start":{"line":727,"column":19},"end":{"line":727,"column":32099}},"132":{"start":{"line":728,"column":16},"end":{"line":728,"column":71}},"133":{"start":{"line":732,"column":12},"end":{"line":732,"column":32318}},"134":{"start":{"line":734,"column":19},"end":{"line":734,"column":32444}},"135":{"start":{"line":736,"column":19},"end":{"line":736,"column":32565}},"136":{"start":{"line":738,"column":19},"end":{"line":738,"column":32686}},"137":{"start":{"line":742,"column":8},"end":{"line":742,"column":21}},"138":{"start":{"line":749,"column":8},"end":{"line":749,"column":83}},"139":{"start":{"line":750,"column":8},"end":{"line":750,"column":68}},"140":{"start":{"line":760,"column":8},"end":{"line":760,"column":33669}},"141":{"start":{"line":761,"column":12},"end":{"line":761,"column":33749}},"142":{"start":{"line":762,"column":16},"end":{"line":762,"column":27}},"143":{"start":{"line":765,"column":8},"end":{"line":765,"column":20}},"144":{"start":{"line":771,"column":8},"end":{"line":771,"column":16}},"145":{"start":{"line":777,"column":8},"end":{"line":777,"column":32}},"146":{"start":{"line":792,"column":8},"end":{"line":792,"column":34769}},"147":{"start":{"line":796,"column":8},"end":{"line":796,"column":63}},"148":{"start":{"line":807,"column":8},"end":{"line":807,"column":53}},"149":{"start":{"line":808,"column":8},"end":{"line":808,"column":35444}},"150":{"start":{"line":809,"column":12},"end":{"line":809,"column":35496}},"151":{"start":{"line":810,"column":16},"end":{"line":810,"column":27}},"152":{"start":{"line":813,"column":8},"end":{"line":813,"column":20}}},"branchMap":{"1":{"line":170,"type":"if","locations":[{"start":{"line":170,"column":13},"end":{"line":170,"column":13}},{"start":{"line":170,"column":13},"end":{"line":170,"column":13}}]},"2":{"line":170,"type":"if","locations":[{"start":{"line":170,"column":32},"end":{"line":170,"column":32}},{"start":{"line":170,"column":32},"end":{"line":170,"column":32}}]},"3":{"line":171,"type":"if","locations":[{"start":{"line":171,"column":8},"end":{"line":171,"column":8}},{"start":{"line":171,"column":8},"end":{"line":171,"column":8}}]},"4":{"line":194,"type":"if","locations":[{"start":{"line":194,"column":8},"end":{"line":194,"column":8}},{"start":{"line":194,"column":8},"end":{"line":194,"column":8}}]},"5":{"line":200,"type":"if","locations":[{"start":{"line":200,"column":8},"end":{"line":200,"column":8}},{"start":{"line":200,"column":8},"end":{"line":200,"column":8}}]},"6":{"line":207,"type":"if","locations":[{"start":{"line":207,"column":8},"end":{"line":207,"column":8}},{"start":{"line":207,"column":8},"end":{"line":207,"column":8}}]},"7":{"line":216,"type":"if","locations":[{"start":{"line":216,"column":8},"end":{"line":216,"column":8}},{"start":{"line":216,"column":8},"end":{"line":216,"column":8}}]},"8":{"line":223,"type":"if","locations":[{"start":{"line":223,"column":8},"end":{"line":223,"column":8}},{"start":{"line":223,"column":8},"end":{"line":223,"column":8}}]},"9":{"line":229,"type":"if","locations":[{"start":{"line":229,"column":8},"end":{"line":229,"column":8}},{"start":{"line":229,"column":8},"end":{"line":229,"column":8}}]},"10":{"line":235,"type":"if","locations":[{"start":{"line":235,"column":8},"end":{"line":235,"column":8}},{"start":{"line":235,"column":8},"end":{"line":235,"column":8}}]},"11":{"line":236,"type":"cond-expr","locations":[{"start":{"line":236,"column":12},"end":{"line":236,"column":45}},{"start":{"line":236,"column":50},"end":{"line":236,"column":80}}]},"12":{"line":259,"type":"if","locations":[{"start":{"line":259,"column":8},"end":{"line":259,"column":8}},{"start":{"line":259,"column":8},"end":{"line":259,"column":8}}]},"13":{"line":260,"type":"if","locations":[{"start":{"line":260,"column":8},"end":{"line":260,"column":8}},{"start":{"line":260,"column":8},"end":{"line":260,"column":8}}]},"14":{"line":261,"type":"if","locations":[{"start":{"line":261,"column":8},"end":{"line":261,"column":8}},{"start":{"line":261,"column":8},"end":{"line":261,"column":8}}]},"15":{"line":262,"type":"if","locations":[{"start":{"line":262,"column":8},"end":{"line":262,"column":8}},{"start":{"line":262,"column":8},"end":{"line":262,"column":8}}]},"16":{"line":264,"type":"if","locations":[{"start":{"line":264,"column":8},"end":{"line":264,"column":8}},{"start":{"line":264,"column":8},"end":{"line":264,"column":8}}]},"17":{"line":265,"type":"if","locations":[{"start":{"line":265,"column":8},"end":{"line":265,"column":8}},{"start":{"line":265,"column":8},"end":{"line":265,"column":8}}]},"18":{"line":270,"type":"if","locations":[{"start":{"line":270,"column":8},"end":{"line":270,"column":8}},{"start":{"line":270,"column":8},"end":{"line":270,"column":8}}]},"19":{"line":273,"type":"if","locations":[{"start":{"line":273,"column":8},"end":{"line":273,"column":8}},{"start":{"line":273,"column":8},"end":{"line":273,"column":8}}]},"20":{"line":284,"type":"if","locations":[{"start":{"line":284,"column":31},"end":{"line":284,"column":31}},{"start":{"line":284,"column":31},"end":{"line":284,"column":31}}]},"21":{"line":284,"type":"if","locations":[{"start":{"line":284,"column":43},"end":{"line":284,"column":43}},{"start":{"line":284,"column":43},"end":{"line":284,"column":43}}]},"22":{"line":284,"type":"if","locations":[{"start":{"line":284,"column":55},"end":{"line":284,"column":55}},{"start":{"line":284,"column":55},"end":{"line":284,"column":55}}]},"23":{"line":314,"type":"if","locations":[{"start":{"line":314,"column":8},"end":{"line":314,"column":8}},{"start":{"line":314,"column":8},"end":{"line":314,"column":8}}]},"24":{"line":315,"type":"if","locations":[{"start":{"line":315,"column":8},"end":{"line":315,"column":8}},{"start":{"line":315,"column":8},"end":{"line":315,"column":8}}]},"25":{"line":316,"type":"if","locations":[{"start":{"line":316,"column":8},"end":{"line":316,"column":8}},{"start":{"line":316,"column":8},"end":{"line":316,"column":8}}]},"26":{"line":317,"type":"if","locations":[{"start":{"line":317,"column":8},"end":{"line":317,"column":8}},{"start":{"line":317,"column":8},"end":{"line":317,"column":8}}]},"27":{"line":319,"type":"if","locations":[{"start":{"line":319,"column":8},"end":{"line":319,"column":8}},{"start":{"line":319,"column":8},"end":{"line":319,"column":8}}]},"28":{"line":324,"type":"if","locations":[{"start":{"line":324,"column":8},"end":{"line":324,"column":8}},{"start":{"line":324,"column":8},"end":{"line":324,"column":8}}]},"29":{"line":352,"type":"if","locations":[{"start":{"line":352,"column":8},"end":{"line":352,"column":8}},{"start":{"line":352,"column":8},"end":{"line":352,"column":8}}]},"30":{"line":353,"type":"if","locations":[{"start":{"line":353,"column":8},"end":{"line":353,"column":8}},{"start":{"line":353,"column":8},"end":{"line":353,"column":8}}]},"31":{"line":354,"type":"if","locations":[{"start":{"line":354,"column":8},"end":{"line":354,"column":8}},{"start":{"line":354,"column":8},"end":{"line":354,"column":8}}]},"32":{"line":355,"type":"if","locations":[{"start":{"line":355,"column":8},"end":{"line":355,"column":8}},{"start":{"line":355,"column":8},"end":{"line":355,"column":8}}]},"33":{"line":357,"type":"if","locations":[{"start":{"line":357,"column":8},"end":{"line":357,"column":8}},{"start":{"line":357,"column":8},"end":{"line":357,"column":8}}]},"34":{"line":358,"type":"if","locations":[{"start":{"line":358,"column":8},"end":{"line":358,"column":8}},{"start":{"line":358,"column":8},"end":{"line":358,"column":8}}]},"35":{"line":359,"type":"if","locations":[{"start":{"line":359,"column":8},"end":{"line":359,"column":8}},{"start":{"line":359,"column":8},"end":{"line":359,"column":8}}]},"36":{"line":363,"type":"if","locations":[{"start":{"line":363,"column":8},"end":{"line":363,"column":8}},{"start":{"line":363,"column":8},"end":{"line":363,"column":8}}]},"37":{"line":369,"type":"if","locations":[{"start":{"line":369,"column":54},"end":{"line":369,"column":54}},{"start":{"line":369,"column":54},"end":{"line":369,"column":54}}]},"38":{"line":369,"type":"if","locations":[{"start":{"line":369,"column":66},"end":{"line":369,"column":66}},{"start":{"line":369,"column":66},"end":{"line":369,"column":66}}]},"39":{"line":369,"type":"if","locations":[{"start":{"line":369,"column":90},"end":{"line":369,"column":90}},{"start":{"line":369,"column":90},"end":{"line":369,"column":90}}]},"40":{"line":369,"type":"if","locations":[{"start":{"line":369,"column":118},"end":{"line":369,"column":118}},{"start":{"line":369,"column":118},"end":{"line":369,"column":118}}]},"41":{"line":383,"type":"if","locations":[{"start":{"line":383,"column":8},"end":{"line":383,"column":8}},{"start":{"line":383,"column":8},"end":{"line":383,"column":8}}]},"42":{"line":384,"type":"if","locations":[{"start":{"line":384,"column":8},"end":{"line":384,"column":8}},{"start":{"line":384,"column":8},"end":{"line":384,"column":8}}]},"43":{"line":385,"type":"if","locations":[{"start":{"line":385,"column":8},"end":{"line":385,"column":8}},{"start":{"line":385,"column":8},"end":{"line":385,"column":8}}]},"44":{"line":386,"type":"if","locations":[{"start":{"line":386,"column":8},"end":{"line":386,"column":8}},{"start":{"line":386,"column":8},"end":{"line":386,"column":8}}]},"45":{"line":388,"type":"if","locations":[{"start":{"line":388,"column":8},"end":{"line":388,"column":8}},{"start":{"line":388,"column":8},"end":{"line":388,"column":8}}]},"46":{"line":389,"type":"if","locations":[{"start":{"line":389,"column":8},"end":{"line":389,"column":8}},{"start":{"line":389,"column":8},"end":{"line":389,"column":8}}]},"47":{"line":390,"type":"if","locations":[{"start":{"line":390,"column":8},"end":{"line":390,"column":8}},{"start":{"line":390,"column":8},"end":{"line":390,"column":8}}]},"48":{"line":391,"type":"if","locations":[{"start":{"line":391,"column":8},"end":{"line":391,"column":8}},{"start":{"line":391,"column":8},"end":{"line":391,"column":8}}]},"49":{"line":392,"type":"if","locations":[{"start":{"line":392,"column":8},"end":{"line":392,"column":8}},{"start":{"line":392,"column":8},"end":{"line":392,"column":8}}]},"50":{"line":393,"type":"if","locations":[{"start":{"line":393,"column":8},"end":{"line":393,"column":8}},{"start":{"line":393,"column":8},"end":{"line":393,"column":8}}]},"51":{"line":404,"type":"if","locations":[{"start":{"line":404,"column":8},"end":{"line":404,"column":8}},{"start":{"line":404,"column":8},"end":{"line":404,"column":8}}]},"52":{"line":405,"type":"if","locations":[{"start":{"line":405,"column":8},"end":{"line":405,"column":8}},{"start":{"line":405,"column":8},"end":{"line":405,"column":8}}]},"53":{"line":406,"type":"if","locations":[{"start":{"line":406,"column":8},"end":{"line":406,"column":8}},{"start":{"line":406,"column":8},"end":{"line":406,"column":8}}]},"54":{"line":407,"type":"if","locations":[{"start":{"line":407,"column":8},"end":{"line":407,"column":8}},{"start":{"line":407,"column":8},"end":{"line":407,"column":8}}]},"55":{"line":408,"type":"if","locations":[{"start":{"line":408,"column":8},"end":{"line":408,"column":8}},{"start":{"line":408,"column":8},"end":{"line":408,"column":8}}]},"56":{"line":410,"type":"if","locations":[{"start":{"line":410,"column":8},"end":{"line":410,"column":8}},{"start":{"line":410,"column":8},"end":{"line":410,"column":8}}]},"57":{"line":411,"type":"if","locations":[{"start":{"line":411,"column":8},"end":{"line":411,"column":8}},{"start":{"line":411,"column":8},"end":{"line":411,"column":8}}]},"58":{"line":412,"type":"if","locations":[{"start":{"line":412,"column":8},"end":{"line":412,"column":8}},{"start":{"line":412,"column":8},"end":{"line":412,"column":8}}]},"59":{"line":413,"type":"if","locations":[{"start":{"line":413,"column":8},"end":{"line":413,"column":8}},{"start":{"line":413,"column":8},"end":{"line":413,"column":8}}]},"60":{"line":427,"type":"if","locations":[{"start":{"line":427,"column":8},"end":{"line":427,"column":8}},{"start":{"line":427,"column":8},"end":{"line":427,"column":8}}]},"61":{"line":428,"type":"if","locations":[{"start":{"line":428,"column":8},"end":{"line":428,"column":8}},{"start":{"line":428,"column":8},"end":{"line":428,"column":8}}]},"62":{"line":429,"type":"if","locations":[{"start":{"line":429,"column":8},"end":{"line":429,"column":8}},{"start":{"line":429,"column":8},"end":{"line":429,"column":8}}]},"63":{"line":430,"type":"if","locations":[{"start":{"line":430,"column":8},"end":{"line":430,"column":8}},{"start":{"line":430,"column":8},"end":{"line":430,"column":8}}]},"64":{"line":431,"type":"if","locations":[{"start":{"line":431,"column":8},"end":{"line":431,"column":8}},{"start":{"line":431,"column":8},"end":{"line":431,"column":8}}]},"65":{"line":433,"type":"if","locations":[{"start":{"line":433,"column":8},"end":{"line":433,"column":8}},{"start":{"line":433,"column":8},"end":{"line":433,"column":8}}]},"66":{"line":434,"type":"if","locations":[{"start":{"line":434,"column":8},"end":{"line":434,"column":8}},{"start":{"line":434,"column":8},"end":{"line":434,"column":8}}]},"67":{"line":435,"type":"if","locations":[{"start":{"line":435,"column":8},"end":{"line":435,"column":8}},{"start":{"line":435,"column":8},"end":{"line":435,"column":8}}]},"68":{"line":436,"type":"if","locations":[{"start":{"line":436,"column":8},"end":{"line":436,"column":8}},{"start":{"line":436,"column":8},"end":{"line":436,"column":8}}]},"69":{"line":437,"type":"if","locations":[{"start":{"line":437,"column":8},"end":{"line":437,"column":8}},{"start":{"line":437,"column":8},"end":{"line":437,"column":8}}]},"70":{"line":440,"type":"if","locations":[{"start":{"line":440,"column":12},"end":{"line":440,"column":12}},{"start":{"line":440,"column":12},"end":{"line":440,"column":12}}]},"71":{"line":456,"type":"if","locations":[{"start":{"line":456,"column":8},"end":{"line":456,"column":8}},{"start":{"line":456,"column":8},"end":{"line":456,"column":8}}]},"72":{"line":457,"type":"if","locations":[{"start":{"line":457,"column":8},"end":{"line":457,"column":8}},{"start":{"line":457,"column":8},"end":{"line":457,"column":8}}]},"73":{"line":459,"type":"if","locations":[{"start":{"line":459,"column":8},"end":{"line":459,"column":8}},{"start":{"line":459,"column":8},"end":{"line":459,"column":8}}]},"74":{"line":460,"type":"if","locations":[{"start":{"line":460,"column":8},"end":{"line":460,"column":8}},{"start":{"line":460,"column":8},"end":{"line":460,"column":8}}]},"75":{"line":461,"type":"if","locations":[{"start":{"line":461,"column":8},"end":{"line":461,"column":8}},{"start":{"line":461,"column":8},"end":{"line":461,"column":8}}]},"76":{"line":475,"type":"if","locations":[{"start":{"line":475,"column":63},"end":{"line":475,"column":63}},{"start":{"line":475,"column":63},"end":{"line":475,"column":63}}]},"77":{"line":477,"type":"if","locations":[{"start":{"line":477,"column":8},"end":{"line":477,"column":8}},{"start":{"line":477,"column":8},"end":{"line":477,"column":8}}]},"78":{"line":478,"type":"if","locations":[{"start":{"line":478,"column":8},"end":{"line":478,"column":8}},{"start":{"line":478,"column":8},"end":{"line":478,"column":8}}]},"79":{"line":479,"type":"if","locations":[{"start":{"line":479,"column":8},"end":{"line":479,"column":8}},{"start":{"line":479,"column":8},"end":{"line":479,"column":8}}]},"80":{"line":490,"type":"if","locations":[{"start":{"line":490,"column":8},"end":{"line":490,"column":8}},{"start":{"line":490,"column":8},"end":{"line":490,"column":8}}]},"81":{"line":491,"type":"if","locations":[{"start":{"line":491,"column":8},"end":{"line":491,"column":8}},{"start":{"line":491,"column":8},"end":{"line":491,"column":8}}]},"82":{"line":493,"type":"if","locations":[{"start":{"line":493,"column":8},"end":{"line":493,"column":8}},{"start":{"line":493,"column":8},"end":{"line":493,"column":8}}]},"83":{"line":501,"type":"if","locations":[{"start":{"line":501,"column":37},"end":{"line":501,"column":37}},{"start":{"line":501,"column":37},"end":{"line":501,"column":37}}]},"84":{"line":507,"type":"if","locations":[{"start":{"line":507,"column":57},"end":{"line":507,"column":57}},{"start":{"line":507,"column":57},"end":{"line":507,"column":57}}]},"85":{"line":513,"type":"if","locations":[{"start":{"line":513,"column":53},"end":{"line":513,"column":53}},{"start":{"line":513,"column":53},"end":{"line":513,"column":53}}]},"86":{"line":519,"type":"if","locations":[{"start":{"line":519,"column":56},"end":{"line":519,"column":56}},{"start":{"line":519,"column":56},"end":{"line":519,"column":56}}]},"87":{"line":525,"type":"if","locations":[{"start":{"line":525,"column":54},"end":{"line":525,"column":54}},{"start":{"line":525,"column":54},"end":{"line":525,"column":54}}]},"88":{"line":531,"type":"if","locations":[{"start":{"line":531,"column":55},"end":{"line":531,"column":55}},{"start":{"line":531,"column":55},"end":{"line":531,"column":55}}]},"89":{"line":537,"type":"if","locations":[{"start":{"line":537,"column":55},"end":{"line":537,"column":55}},{"start":{"line":537,"column":55},"end":{"line":537,"column":55}}]},"90":{"line":543,"type":"if","locations":[{"start":{"line":543,"column":61},"end":{"line":543,"column":61}},{"start":{"line":543,"column":61},"end":{"line":543,"column":61}}]},"91":{"line":549,"type":"if","locations":[{"start":{"line":549,"column":59},"end":{"line":549,"column":59}},{"start":{"line":549,"column":59},"end":{"line":549,"column":59}}]},"92":{"line":555,"type":"if","locations":[{"start":{"line":555,"column":60},"end":{"line":555,"column":60}},{"start":{"line":555,"column":60},"end":{"line":555,"column":60}}]},"93":{"line":561,"type":"if","locations":[{"start":{"line":561,"column":65},"end":{"line":561,"column":65}},{"start":{"line":561,"column":65},"end":{"line":561,"column":65}}]},"94":{"line":568,"type":"if","locations":[{"start":{"line":568,"column":61},"end":{"line":568,"column":61}},{"start":{"line":568,"column":61},"end":{"line":568,"column":61}}]},"95":{"line":574,"type":"if","locations":[{"start":{"line":574,"column":52},"end":{"line":574,"column":52}},{"start":{"line":574,"column":52},"end":{"line":574,"column":52}}]},"96":{"line":577,"type":"if","locations":[{"start":{"line":577,"column":8},"end":{"line":577,"column":8}},{"start":{"line":577,"column":8},"end":{"line":577,"column":8}}]},"97":{"line":582,"type":"if","locations":[{"start":{"line":582,"column":36},"end":{"line":582,"column":36}},{"start":{"line":582,"column":36},"end":{"line":582,"column":36}}]},"98":{"line":619,"type":"if","locations":[{"start":{"line":619,"column":12},"end":{"line":619,"column":12}},{"start":{"line":619,"column":12},"end":{"line":619,"column":12}}]},"99":{"line":638,"type":"if","locations":[{"start":{"line":638,"column":8},"end":{"line":638,"column":8}},{"start":{"line":638,"column":8},"end":{"line":638,"column":8}}]},"100":{"line":638,"type":"cond-expr","locations":[{"start":{"line":638,"column":12},"end":{"line":638,"column":39}},{"start":{"line":638,"column":44},"end":{"line":638,"column":68}}]},"101":{"line":650,"type":"if","locations":[{"start":{"line":650,"column":8},"end":{"line":650,"column":8}},{"start":{"line":650,"column":8},"end":{"line":650,"column":8}}]},"102":{"line":651,"type":"if","locations":[{"start":{"line":651,"column":12},"end":{"line":651,"column":12}},{"start":{"line":651,"column":12},"end":{"line":651,"column":12}}]},"103":{"line":654,"type":"if","locations":[{"start":{"line":654,"column":19},"end":{"line":654,"column":19}},{"start":{"line":654,"column":19},"end":{"line":654,"column":19}}]},"104":{"line":657,"type":"if","locations":[{"start":{"line":657,"column":19},"end":{"line":657,"column":19}},{"start":{"line":657,"column":19},"end":{"line":657,"column":19}}]},"105":{"line":660,"type":"if","locations":[{"start":{"line":660,"column":19},"end":{"line":660,"column":19}},{"start":{"line":660,"column":19},"end":{"line":660,"column":19}}]},"106":{"line":664,"type":"if","locations":[{"start":{"line":664,"column":12},"end":{"line":664,"column":12}},{"start":{"line":664,"column":12},"end":{"line":664,"column":12}}]},"107":{"line":667,"type":"if","locations":[{"start":{"line":667,"column":19},"end":{"line":667,"column":19}},{"start":{"line":667,"co
[...]
line":239,"loc":{"start":{"line":239,"column":4},"end":{"line":242,"column":4}}},"16":{"name":"setBulkBuyLimit","line":246,"loc":{"start":{"line":246,"column":4},"end":{"line":249,"column":4}}},"17":{"name":"setMaxAllowListAmount","line":253,"loc":{"start":{"line":253,"column":3},"end":{"line":256,"column":4}}},"18":{"name":"setMerkleRoot","line":262,"loc":{"start":{"line":262,"column":4},"end":{"line":264,"column":4}}},"19":{"name":"setRoyalties","line":269,"loc":{"start":{"line":269,"column":4},"end":{"line":272,"column":4}}},"20":{"name":"withdrawETH","line":275,"loc":{"start":{"line":275,"column":4},"end":{"line":278,"column":4}}},"21":{"name":"withdrawERC20","line":282,"loc":{"start":{"line":282,"column":4},"end":{"line":287,"column":4}}},"22":{"name":"supportsInterface","line":289,"loc":{"start":{"line":289,"column":4},"end":{"line":298,"column":4}}},"23":{"name":"_beforeTokenTransfers","line":306,"loc":{"start":{"line":306,"column":4},"end":{"line":316,"column":4}}},"24":{"name":"typeOf","line":320,"loc":{"start":{"line":320,"column":4},"end":{"line":322,"column":4}}},"25":{"name":"version","line":326,"loc":{"start":{"line":326,"column":4},"end":{"line":328,"column":4}}},"26":{"name":"_startTokenId","line":332,"loc":{"start":{"line":332,"column":4},"end":{"line":334,"column":4}}}},"statementMap":{"1":{"start":{"line":118,"column":8},"end":{"line":118,"column":43}},"2":{"start":{"line":119,"column":8},"end":{"line":119,"column":73}},"3":{"start":{"line":124,"column":8},"end":{"line":124,"column":47}},"4":{"start":{"line":133,"column":8},"end":{"line":133,"column":5731}},"5":{"start":{"line":142,"column":8},"end":{"line":142,"column":51}},"6":{"start":{"line":149,"column":8},"end":{"line":149,"column":54}},"7":{"start":{"line":157,"column":8},"end":{"line":157,"column":59}},"8":{"start":{"line":158,"column":8},"end":{"line":158,"column":60}},"9":{"start":{"line":159,"column":8},"end":{"line":159,"column":64}},"10":{"start":{"line":160,"column":8},"end":{"line":160,"column":80}},"11":{"start":{"line":161,"column":8},"end":{"line":161,"column":79}},"12":{"start":{"line":162,"column":8},"end":{"line":162,"column":36}},"13":{"start":{"line":163,"column":8},"end":{"line":163,"column":39}},"14":{"start":{"line":179,"column":8},"end":{"line":179,"column":116}},"15":{"start":{"line":180,"column":8},"end":{"line":180,"column":80}},"16":{"start":{"line":181,"column":8},"end":{"line":181,"column":86}},"17":{"start":{"line":184,"column":8},"end":{"line":184,"column":36}},"18":{"start":{"line":185,"column":8},"end":{"line":185,"column":48}},"19":{"start":{"line":192,"column":8},"end":{"line":192,"column":80}},"20":{"start":{"line":193,"column":8},"end":{"line":193,"column":36}},"21":{"start":{"line":199,"column":8},"end":{"line":199,"column":56}},"22":{"start":{"line":200,"column":8},"end":{"line":200,"column":83}},"23":{"start":{"line":206,"column":8},"end":{"line":206,"column":36}},"24":{"start":{"line":212,"column":8},"end":{"line":212,"column":42}},"25":{"start":{"line":219,"column":8},"end":{"line":219,"column":36}},"26":{"start":{"line":226,"column":8},"end":{"line":226,"column":48}},"27":{"start":{"line":234,"column":8},"end":{"line":234,"column":39}},"28":{"start":{"line":241,"column":8},"end":{"line":241,"column":55}},"29":{"start":{"line":248,"column":8},"end":{"line":248,"column":47}},"30":{"start":{"line":255,"column":8},"end":{"line":255,"column":47}},"31":{"start":{"line":270,"column":8},"end":{"line":270,"column":57}},"32":{"start":{"line":271,"column":8},"end":{"line":271,"column":60}},"33":{"start":{"line":276,"column":8},"end":{"line":276,"column":47}},"34":{"start":{"line":277,"column":8},"end":{"line":277,"column":44}},"35":{"start":{"line":283,"column":8},"end":{"line":283,"column":41}},"36":{"start":{"line":284,"column":8},"end":{"line":284,"column":56}},"37":{"start":{"line":285,"column":8},"end":{"line":285,"column":52}},"38":{"start":{"line":286,"column":8},"end":{"line":286,"column":39}},"39":{"start":{"line":296,"column":8},"end":{"line":296,"column":12561}},"40":{"start":{"line":312,"column":8},"end":{"line":312,"column":13170}},"41":{"start":{"line":313,"column":12},"end":{"line":313,"column":39}},"42":{"start":{"line":315,"column":8},"end":{"line":315,"column":63}},"43":{"start":{"line":321,"column":8},"end":{"line":321,"column":36}},"44":{"start":{"line":327,"column":8},"end":{"line":327,"column":22}},"45":{"start":{"line":333,"column":8},"end":{"line":333,"column":16}}},"branchMap":{"1":{"line":124,"type":"if","locations":[{"start":{"line":124,"column":8},"end":{"line":124,"column":8}},{"start":{"line":124,"column":8},"end":{"line":124,"column":8}}]},"2":{"line":133,"type":"if","locations":[{"start":{"line":133,"column":8},"end":{"line":133,"column":8}},{"start":{"line":133,"column":8},"end":{"line":133,"column":8}}]},"3":{"line":142,"type":"if","locations":[{"start":{"line":142,"column":8},"end":{"line":142,"column":8}},{"start":{"line":142,"column":8},"end":{"line":142,"column":8}}]},"4":{"line":149,"type":"if","locations":[{"start":{"line":149,"column":8},"end":{"line":149,"column":8}},{"start":{"line":149,"column":8},"end":{"line":149,"column":8}}]},"5":{"line":156,"type":"if","locations":[{"start":{"line":156,"column":64},"end":{"line":156,"column":64}},{"start":{"line":156,"column":64},"end":{"line":156,"column":64}}]},"6":{"line":156,"type":"if","locations":[{"start":{"line":156,"column":76},"end":{"line":156,"column":76}},{"start":{"line":156,"column":76},"end":{"line":156,"column":76}}]},"7":{"line":156,"type":"if","locations":[{"start":{"line":156,"column":89},"end":{"line":156,"column":89}},{"start":{"line":156,"column":89},"end":{"line":156,"column":89}}]},"8":{"line":157,"type":"if","locations":[{"start":{"line":157,"column":8},"end":{"line":157,"column":8}},{"start":{"line":157,"column":8},"end":{"line":157,"column":8}}]},"9":{"line":158,"type":"if","locations":[{"start":{"line":158,"column":8},"end":{"line":158,"column":8}},{"start":{"line":158,"column":8},"end":{"line":158,"column":8}}]},"10":{"line":159,"type":"if","locations":[{"start":{"line":159,"column":8},"end":{"line":159,"column":8}},{"start":{"line":159,"column":8},"end":{"line":159,"column":8}}]},"11":{"line":160,"type":"if","locations":[{"start":{"line":160,"column":8},"end":{"line":160,"column":8}},{"start":{"line":160,"column":8},"end":{"line":160,"column":8}}]},"12":{"line":161,"type":"if","locations":[{"start":{"line":161,"column":8},"end":{"line":161,"column":8}},{"start":{"line":161,"column":8},"end":{"line":161,"column":8}}]},"13":{"line":174,"type":"if","locations":[{"start":{"line":174,"column":8},"end":{"line":174,"column":8}},{"start":{"line":174,"column":8},"end":{"line":174,"column":8}}]},"14":{"line":175,"type":"if","locations":[{"start":{"line":175,"column":8},"end":{"line":175,"column":8}},{"start":{"line":175,"column":8},"end":{"line":175,"column":8}}]},"15":{"line":176,"type":"if","locations":[{"start":{"line":176,"column":8},"end":{"line":176,"column":8}},{"start":{"line":176,"column":8},"end":{"line":176,"column":8}}]},"16":{"line":177,"type":"if","locations":[{"start":{"line":177,"column":8},"end":{"line":177,"column":8}},{"start":{"line":177,"column":8},"end":{"line":177,"column":8}}]},"17":{"line":179,"type":"if","locations":[{"start":{"line":179,"column":8},"end":{"line":179,"column":8}},{"start":{"line":179,"column":8},"end":{"line":179,"column":8}}]},"18":{"line":180,"type":"if","locations":[{"start":{"line":180,"column":8},"end":{"line":180,"column":8}},{"start":{"line":180,"column":8},"end":{"line":180,"column":8}}]},"19":{"line":181,"type":"if","locations":[{"start":{"line":181,"column":8},"end":{"line":181,"column":8}},{"start":{"line":181,"column":8},"end":{"line":181,"column":8}}]},"20":{"line":191,"type":"if","locations":[{"start":{"line":191,"column":50},"end":{"line":191,"column":50}},{"start":{"line":191,"column":50},"end":{"line":191,"column":50}}]},"21":{"line":191,"type":"if","locations":[{"start":{"line":191,"column":60},"end":{"line":191,"column":60}},{"start":{"line":191,"column":60},"end":{"line":191,"column":60}}]},"22":{"line":192,"type":"if","locations":[{"start":{"line":192,"column":8},"end":{"line":192,"column":8}},{"start":{"line":192,"column":8},"end":{"line":192,"column":8}}]},"23":{"line":199,"type":"if","locations":[{"start":{"line":199,"column":8},"end":{"line":199,"column":8}},{"start":{"line":199,"column":8},"end":{"line":199,"column":8}}]},"24":{"line":204,"type":"if","locations":[{"start":{"line":204,"column":35},"end":{"line":204,"column":35}},{"start":{"line":204,"column":35},"end":{"line":204,"column":35}}]},"25":{"line":210,"type":"if","locations":[{"start":{"line":210,"column":36},"end":{"line":210,"column":36}},{"start":{"line":210,"column":36},"end":{"line":210,"column":36}}]},"26":{"line":217,"type":"if","locations":[{"start":{"line":217,"column":56},"end":{"line":217,"column":56}},{"start":{"line":217,"column":56},"end":{"line":217,"column":56}}]},"27":{"line":224,"type":"if","locations":[{"start":{"line":224,"column":67},"end":{"line":224,"column":67}},{"start":{"line":224,"column":67},"end":{"line":224,"column":67}}]},"28":{"line":232,"type":"if","locations":[{"start":{"line":232,"column":53},"end":{"line":232,"column":53}},{"start":{"line":232,"column":53},"end":{"line":232,"column":53}}]},"29":{"line":239,"type":"if","locations":[{"start":{"line":239,"column":67},"end":{"line":239,"column":67}},{"start":{"line":239,"column":67},"end":{"line":239,"column":67}}]},"30":{"line":246,"type":"if","locations":[{"start":{"line":246,"column":58},"end":{"line":246,"column":58}},{"start":{"line":246,"column":58},"end":{"line":246,"column":58}}]},"31":{"line":253,"type":"if","locations":[{"start":{"line":253,"column":57},"end":{"line":253,"column":57}},{"start":{"line":253,"column":57},"end":{"line":253,"column":57}}]},"32":{"line":262,"type":"if","locations":[{"start":{"line":262,"column":55},"end":{"line":262,"column":55}},{"start":{"line":262,"column":55},"end":{"line":262,"column":55}}]},"33":{"line":269,"type":"if","locations":[{"start":{"line":269,"column":80},"end":{"line":269,"column":80}},{"start":{"line":269,"column":80},"end":{"line":269,"column":80}}]},"34":{"line":275,"type":"if","locations":[{"start":{"line":275,"column":34},"end":{"line":275,"column":34}},{"start":{"line":275,"column":34},"end":{"line":275,"column":34}}]},"35":{"line":282,"type":"if","locations":[{"start":{"line":282,"column":54},"end":{"line":282,"column":54}},{"start":{"line":282,"column":54},"end":{"line":282,"column":54}}]},"36":{"line":285,"type":"if","locations":[{"start":{"line":285,"column":8},"end":{"line":285,"column":8}},{"start":{"line":285,"column":8},"end":{"line":285,"column":8}}]},"37":{"line":296,"type":"cond-expr","locations":[{"start":{"line":296,"column":15},"end":{"line":296,"column":52}},{"start":{"line":297,"column":15},"end":{"line":297,"column":52}}]},"38":{"line":312,"type":"if","locations":[{"start":{"line":312,"column":8},"end":{"line":312,"column":8}},{"start":{"line":312,"column":8},"end":{"line":312,"column":8}}]}}},
"contracts/wizards/SimpleNFTA.sol":{"l":{"77":110,"78":110,"79":110,"80":110,"81":110,"82":110,"83":110,"89":7,"90":6,"97":6,"98":6,"99":6,"100":5,"101":4,"104":3,"105":3,"112":13,"113":12,"114":12,"115":12,"123":2,"124":1,"131":1,"132":1,"139":1,"140":1,"147":1,"148":1,"155":1,"156":1,"162":3,"163":3,"169":1,"170":1,"177":2,"178":2,"179":2,"180":1,"196":15,"197":0,"199":15,"205":1,"211":0,"217":134},"path":"/home/ser-orphan/Workspace/DecentrAgora/dAgora Contracts/V1 Upgraedable/contracts/wizards/SimpleNFTA.sol","s":{"1":110,"2":7,"3":6,"4":6,"5":6,"6":5,"7":4,"8":3,"9":3,"10":13,"11":12,"12":12,"13":12,"14":2,"15":1,"16":1,"17":1,"18":1,"19":1,"20":3,"21":1,"22":1,"23":2,"24":2,"25":2,"26":1,"27":15,"28":0,"29":15,"30":1,"31":0,"32":134},"b":{"1":[6,1],"2":[6,1],"3":[6,0],"4":[6,0],"5":[6,0],"6":[5,1],"7":[4,1],"8":[3,1],"9":[13,1],"10":[13,0],"11":[12,1],"12":[12,0],"13":[1,1],"14":[1,1],"15":[1,1],"16":[1,1],"17":[1,1],"18":[3,1],"19":[1,1],"20":[2,1],"21":[1,1],"22":[0,15]},"f":{"1":110,"2":7,"3":6,"4":13,"5":2,"6":1,"7":1,"8":1,"9":1,"10":3,"11":1,"12":2,"13":15,"14":1,"15":0,"16":134},"fnMap":{"1":{"name":"constructor","line":76,"loc":{"start":{"line":68,"column":4},"end":{"line":84,"column":4}}},"2":{"name":"isNotPaused","line":88,"loc":{"start":{"line":88,"column":4},"end":{"line":91,"column":4}}},"3":{"name":"mintNFT","line":96,"loc":{"start":{"line":96,"column":4},"end":{"line":106,"column":4}}},"4":{"name":"reserveTokens","line":111,"loc":{"start":{"line":111,"column":4},"end":{"line":116,"column":4}}},"5":{"name":"tokenURI","line":122,"loc":{"start":{"line":122,"column":4},"end":{"line":125,"column":4}}},"6":{"name":"setBaseURI","line":130,"loc":{"start":{"line":130,"column":4},"end":{"line":133,"column":4}}},"7":{"name":"setBaseExtension","line":138,"loc":{"start":{"line":138,"column":4},"end":{"line":141,"column":4}}},"8":{"name":"setMintPrice","line":146,"loc":{"start":{"line":146,"column":4},"end":{"line":149,"column":4}}},"9":{"name":"setBulkBuyLimit","line":154,"loc":{"start":{"line":154,"column":4},"end":{"line":157,"column":4}}},"10":{"name":"togglePaused","line":161,"loc":{"start":{"line":161,"column":4},"end":{"line":164,"column":4}}},"11":{"name":"withdrawETH","line":168,"loc":{"start":{"line":168,"column":4},"end":{"line":171,"column":4}}},"12":{"name":"withdrawERC20","line":176,"loc":{"start":{"line":176,"column":4},"end":{"line":181,"column":4}}},"13":{"name":"_beforeTokenTransfers","line":190,"loc":{"start":{"line":190,"column":4},"end":{"line":200,"column":4}}},"14":{"name":"typeOf","line":204,"loc":{"start":{"line":204,"column":4},"end":{"line":206,"column":4}}},"15":{"name":"version","line":210,"loc":{"start":{"line":210,"column":4},"end":{"line":212,"column":4}}},"16":{"name":"_startTokenId","line":216,"loc":{"start":{"line":216,"column":4},"end":{"line":218,"column":4}}}},"statementMap":{"1":{"start":{"line":83,"column":8},"end":{"line":83,"column":35}},"2":{"start":{"line":89,"column":8},"end":{"line":89,"column":47}},"3":{"start":{"line":97,"column":8},"end":{"line":97,"column":59}},"4":{"start":{"line":98,"column":8},"end":{"line":98,"column":60}},"5":{"start":{"line":99,"column":8},"end":{"line":99,"column":73}},"6":{"start":{"line":100,"column":8},"end":{"line":100,"column":64}},"7":{"start":{"line":101,"column":8},"end":{"line":101,"column":69}},"8":{"start":{"line":104,"column":8},"end":{"line":104,"column":24}},"9":{"start":{"line":105,"column":8},"end":{"line":105,"column":31}},"10":{"start":{"line":112,"column":8},"end":{"line":112,"column":73}},"11":{"start":{"line":113,"column":8},"end":{"line":113,"column":64}},"12":{"start":{"line":114,"column":8},"end":{"line":114,"column":29}},"13":{"start":{"line":115,"column":8},"end":{"line":115,"column":36}},"14":{"start":{"line":123,"column":8},"end":{"line":123,"column":56}},"15":{"start":{"line":124,"column":8},"end":{"line":124,"column":83}},"16":{"start":{"line":132,"column":8},"end":{"line":132,"column":36}},"17":{"start":{"line":140,"column":8},"end":{"line":140,"column":48}},"18":{"start":{"line":148,"column":8},"end":{"line":148,"column":39}},"19":{"start":{"line":156,"column":8},"end":{"line":156,"column":46}},"20":{"start":{"line":163,"column":8},"end":{"line":163,"column":36}},"21":{"start":{"line":169,"column":8},"end":{"line":169,"column":47}},"22":{"start":{"line":170,"column":8},"end":{"line":170,"column":41}},"23":{"start":{"line":177,"column":8},"end":{"line":177,"column":36}},"24":{"start":{"line":178,"column":8},"end":{"line":178,"column":56}},"25":{"start":{"line":179,"column":8},"end":{"line":179,"column":52}},"26":{"start":{"line":180,"column":8},"end":{"line":180,"column":39}},"27":{"start":{"line":196,"column":8},"end":{"line":196,"column":8182}},"28":{"start":{"line":197,"column":12},"end":{"line":197,"column":39}},"29":{"start":{"line":199,"column":8},"end":{"line":199,"column":63}},"30":{"start":{"line":205,"column":8},"end":{"line":205,"column":34}},"31":{"start":{"line":211,"column":8},"end":{"line":211,"column":22}},"32":{"start":{"line":217,"column":8},"end":{"line":217,"column":16}}},"branchMap":{"1":{"line":89,"type":"if","locations":[{"start":{"line":89,"column":8},"end":{"line":89,"column":8}},{"start":{"line":89,"column":8},"end":{"line":89,"column":8}}]},"2":{"line":96,"type":"if","locations":[{"start":{"line":96,"column":64},"end":{"line":96,"column":64}},{"start":{"line":96,"column":64},"end":{"line":96,"column":64}}]},"3":{"line":96,"type":"if","locations":[{"start":{"line":96,"column":76},"end":{"line":96,"column":76}},{"start":{"line":96,"column":76},"end":{"line":96,"column":76}}]},"4":{"line":97,"type":"if","locations":[{"start":{"line":97,"column":8},"end":{"line":97,"column":8}},{"start":{"line":97,"column":8},"end":{"line":97,"column":8}}]},"5":{"line":98,"type":"if","locations":[{"start":{"line":98,"column":8},"end":{"line":98,"column":8}},{"start":{"line":98,"column":8},"end":{"line":98,"column":8}}]},"6":{"line":99,"type":"if","locations":[{"start":{"line":99,"column":8},"end":{"line":99,"column":8}},{"start":{"line":99,"column":8},"end":{"line":99,"column":8}}]},"7":{"line":100,"type":"if","locations":[{"start":{"line":100,"column":8},"end":{"line":100,"column":8}},{"start":{"line":100,"column":8},"end":{"line":100,"column":8}}]},"8":{"line":101,"type":"if","locations":[{"start":{"line":101,"column":8},"end":{"line":101,"column":8}},{"start":{"line":101,"column":8},"end":{"line":101,"column":8}}]},"9":{"line":111,"type":"if","locations":[{"start":{"line":111,"column":50},"end":{"line":111,"column":50}},{"start":{"line":111,"column":50},"end":{"line":111,"column":50}}]},"10":{"line":111,"type":"if","locations":[{"start":{"line":111,"column":60},"end":{"line":111,"column":60}},{"start":{"line":111,"column":60},"end":{"line":111,"column":60}}]},"11":{"line":112,"type":"if","locations":[{"start":{"line":112,"column":8},"end":{"line":112,"column":8}},{"start":{"line":112,"column":8},"end":{"line":112,"column":8}}]},"12":{"line":113,"type":"if","locations":[{"start":{"line":113,"column":8},"end":{"line":113,"column":8}},{"start":{"line":113,"column":8},"end":{"line":113,"column":8}}]},"13":{"line":123,"type":"if","locations":[{"start":{"line":123,"column":8},"end":{"line":123,"column":8}},{"start":{"line":123,"column":8},"end":{"line":123,"column":8}}]},"14":{"line":130,"type":"if","locations":[{"start":{"line":130,"column":55},"end":{"line":130,"column":55}},{"start":{"line":130,"column":55},"end":{"line":130,"column":55}}]},"15":{"line":138,"type":"if","locations":[{"start":{"line":138,"column":67},"end":{"line":138,"column":67}},{"start":{"line":138,"column":67},"end":{"line":138,"column":67}}]},"16":{"line":146,"type":"if","locations":[{"start":{"line":146,"column":53},"end":{"line":146,"column":53}},{"start":{"line":146,"column":53},"end":{"line":146,"column":53}}]},"17":{"line":154,"type":"if","locations":[{"start":{"line":154,"column":58},"end":{"line":154,"column":58}},{"start":{"line":154,"column":58},"end":{"line":154,"column":58}}]},"18":{"line":161,"type":"if","locations":[{"start":{"line":161,"column":35},"end":{"line":161,"column":35}},{"start":{"line":161,"column":35},"end":{"line":161,"column":35}}]},"19":{"line":168,"type":"if","locations":[{"start":{"line":168,"column":34},"end":{"line":168,"column":34}},{"start":{"line":168,"column":34},"end":{"line":168,"column":34}}]},"20":{"line":176,"type":"if","locations":[{"start":{"line":176,"column":49},"end":{"line":176,"column":49}},{"start":{"line":176,"column":49},"end":{"line":176,"column":49}}]},"21":{"line":179,"type":"if","locations":[{"start":{"line":179,"column":8},"end":{"line":179,"column":8}},{"start":{"line":179,"column":8},"end":{"line":179,"column":8}}]},"22":{"line":196,"type":"if","locations":[{"start":{"line":196,"column":8},"end":{"line":196,"column":8}},{"start":{"line":196,"column":8},"end":{"line":196,"column":8}}]}}}}
