TN:
SF:/home/ser-orphan/Workspace/DecentrAgora/dAgora Contracts/V1 Upgraedable/contracts/factory/DagoraERC20Factory.sol
FN:37,initialize
FN:46,isNotPaused
FN:57,canCreate
FN:69,createDagoraERC20
FN:87,getUserContracts
FN:91,togglePaused
FN:95,setMinERC20Tier
FN:103,_canCreate
FNF:8
FNH:8
FNDA:69,initialize
FNDA:21,isNotPaused
FNDA:20,canCreate
FNDA:17,createDagoraERC20
FNDA:15,getUserContracts
FNDA:24,togglePaused
FNDA:2,setMinERC20Tier
FNDA:20,_canCreate
DA:38,69
DA:39,69
DA:40,69
DA:41,69
DA:47,21
DA:48,1
DA:50,20
DA:58,20
DA:59,17
DA:70,17
DA:71,17
DA:81,17
DA:82,17
DA:83,17
DA:84,17
DA:88,15
DA:92,24
DA:96,2
DA:104,20
DA:105,1
DA:108,19
DA:109,19
DA:110,1
DA:113,18
DA:114,1
DA:116,17
LF:26
LH:26
BRDA:37,1,0,69
BRDA:37,1,1,1
BRDA:47,2,0,1
BRDA:47,2,1,20
BRDA:58,3,0,17
BRDA:58,3,1,3
BRDA:69,4,0,20
BRDA:69,4,1,1
BRDA:69,5,0,17
BRDA:69,5,1,3
BRDA:69,6,0,17
BRDA:69,6,1,0
BRDA:91,7,0,24
BRDA:91,7,1,2
BRDA:95,8,0,2
BRDA:95,8,1,1
BRDA:104,9,0,1
BRDA:104,9,1,19
BRDA:109,10,0,1
BRDA:109,10,1,18
BRDA:113,11,0,1
BRDA:113,11,1,17
BRF:22
BRH:21
end_of_record
TN:
SF:/home/ser-orphan/Workspace/DecentrAgora/dAgora Contracts/V1 Upgraedable/contracts/factory/DagoraNFTAPlusFactory.sol
FN:37,initialize
FN:46,isNotPaused
FN:57,canCreate
FN:74,createNFTAPlus
FN:97,getUserContracts
FN:101,togglePaused
FN:105,setMinNFTAPlusTier
FN:113,_canCreate
FNF:8
FNH:8
FNDA:147,initialize
FNDA:47,isNotPaused
FNDA:46,canCreate
FNDA:43,createNFTAPlus
FNDA:41,getUserContracts
FNDA:50,togglePaused
FNDA:2,setMinNFTAPlusTier
FNDA:46,_canCreate
DA:38,147
DA:39,147
DA:40,147
DA:41,147
DA:47,47
DA:48,1
DA:50,46
DA:58,46
DA:59,43
DA:75,43
DA:76,43
DA:91,43
DA:92,43
DA:93,43
DA:94,43
DA:98,41
DA:102,50
DA:106,2
DA:114,46
DA:115,1
DA:118,45
DA:119,45
DA:120,1
DA:123,44
DA:124,1
DA:126,43
LF:26
LH:26
BRDA:37,1,0,147
BRDA:37,1,1,1
BRDA:47,2,0,1
BRDA:47,2,1,46
BRDA:58,3,0,43
BRDA:58,3,1,3
BRDA:74,4,0,46
BRDA:74,4,1,1
BRDA:74,5,0,43
BRDA:74,5,1,3
BRDA:74,6,0,43
BRDA:74,6,1,0
BRDA:101,7,0,50
BRDA:101,7,1,2
BRDA:105,8,0,2
BRDA:105,8,1,1
BRDA:114,9,0,1
BRDA:114,9,1,45
BRDA:119,10,0,1
BRDA:119,10,1,44
BRDA:123,11,0,1
BRDA:123,11,1,43
BRF:22
BRH:21
end_of_record
TN:
SF:/home/ser-orphan/Workspace/DecentrAgora/dAgora Contracts/V1 Upgraedable/contracts/factory/DagoraPowerNFTFactory.sol
FN:40,initialize
FN:49,isNotPaused
FN:60,canCreate
FN:76,createPowerNFT
FN:98,getUserContracts
FN:102,togglePaused
FN:106,setMinPowerNFTATier
FN:114,_canCreate
FNF:8
FNH:8
FNDA:117,initialize
FNDA:37,isNotPaused
FNDA:36,canCreate
FNDA:33,createPowerNFT
FNDA:31,getUserContracts
FNDA:40,togglePaused
FNDA:2,setMinPowerNFTATier
FNDA:36,_canCreate
DA:41,117
DA:42,117
DA:43,117
DA:44,117
DA:50,37
DA:51,1
DA:53,36
DA:61,36
DA:62,33
DA:77,33
DA:78,33
DA:92,33
DA:93,33
DA:94,33
DA:95,33
DA:99,31
DA:103,40
DA:107,2
DA:115,36
DA:116,1
DA:119,35
DA:120,35
DA:121,1
DA:124,34
DA:125,1
DA:127,33
LF:26
LH:26
BRDA:40,1,0,117
BRDA:40,1,1,1
BRDA:50,2,0,1
BRDA:50,2,1,36
BRDA:61,3,0,33
BRDA:61,3,1,3
BRDA:76,4,0,36
BRDA:76,4,1,1
BRDA:76,5,0,33
BRDA:76,5,1,3
BRDA:76,6,0,33
BRDA:76,6,1,0
BRDA:102,7,0,40
BRDA:102,7,1,2
BRDA:106,8,0,2
BRDA:106,8,1,1
BRDA:115,9,0,1
BRDA:115,9,1,35
BRDA:120,10,0,1
BRDA:120,10,1,34
BRDA:124,11,0,1
BRDA:124,11,1,33
BRF:22
BRH:21
end_of_record
TN:
SF:/home/ser-orphan/Workspace/DecentrAgora/dAgora Contracts/V1 Upgraedable/contracts/factory/DagoraPowerPlusFactory.sol
FN:42,initialize
FN:51,isNotPaused
FN:62,canCreate
FN:73,createPowerPlusNFT
FN:89,getUserContracts
FN:93,togglePaused
FN:97,setMinPowerNFTATier
FN:105,_canCreate
FNF:8
FNH:8
FNDA:156,initialize
FNDA:50,isNotPaused
FNDA:49,canCreate
FNDA:46,createPowerPlusNFT
FNDA:44,getUserContracts
FNDA:53,togglePaused
FNDA:1,setMinPowerNFTATier
FNDA:49,_canCreate
DA:43,156
DA:44,156
DA:45,156
DA:46,156
DA:52,50
DA:53,1
DA:55,49
DA:63,49
DA:64,46
DA:75,46
DA:76,46
DA:82,46
DA:83,46
DA:84,46
DA:85,46
DA:90,44
DA:94,53
DA:98,1
DA:106,49
DA:107,1
DA:110,48
DA:111,48
DA:112,1
DA:115,47
DA:116,1
DA:118,46
LF:26
LH:26
BRDA:42,1,0,156
BRDA:42,1,1,1
BRDA:52,2,0,1
BRDA:52,2,1,49
BRDA:63,3,0,46
BRDA:63,3,1,3
BRDA:71,4,0,49
BRDA:71,4,1,1
BRDA:72,5,0,46
BRDA:72,5,1,3
BRDA:73,6,0,46
BRDA:73,6,1,0
BRDA:93,7,0,53
BRDA:93,7,1,2
BRDA:97,8,0,1
BRDA:97,8,1,1
BRDA:106,9,0,1
BRDA:106,9,1,48
BRDA:111,10,0,1
BRDA:111,10,1,47
BRDA:115,11,0,1
BRDA:115,11,1,46
BRF:22
BRH:21
end_of_record
TN:
SF:/home/ser-orphan/Workspace/DecentrAgora/dAgora Contracts/V1 Upgraedable/contracts/factory/DagoraSimpleNFTFactory.sol
FN:39,initialize
FN:48,isNotPaused
FN:59,canCreate
FN:74,createSimpleNFTA
FN:94,getUserContracts
FN:98,togglePaused
FN:102,setMinSimpleNFTATier
FN:111,_canCreate
FNF:8
FNH:8
FNDA:105,initialize
FNDA:33,isNotPaused
FNDA:32,canCreate
FNDA:29,createSimpleNFTA
FNDA:27,getUserContracts
FNDA:36,togglePaused
FNDA:2,setMinSimpleNFTATier
FNDA:32,_canCreate
DA:40,105
DA:41,105
DA:42,105
DA:43,105
DA:49,33
DA:50,1
DA:52,32
DA:60,32
DA:61,29
DA:75,29
DA:76,29
DA:88,29
DA:89,29
DA:90,29
DA:91,29
DA:95,27
DA:99,36
DA:103,2
DA:112,32
DA:113,1
DA:116,31
DA:117,31
DA:118,1
DA:121,30
DA:122,1
DA:124,29
LF:26
LH:26
BRDA:39,1,0,105
BRDA:39,1,1,1
BRDA:49,2,0,1
BRDA:49,2,1,32
BRDA:60,3,0,29
BRDA:60,3,1,3
BRDA:74,4,0,32
BRDA:74,4,1,1
BRDA:74,5,0,29
BRDA:74,5,1,3
BRDA:74,6,0,29
BRDA:74,6,1,0
BRDA:98,7,0,36
BRDA:98,7,1,1
BRDA:102,8,0,2
BRDA:102,8,1,1
BRDA:112,9,0,1
BRDA:112,9,1,31
BRDA:117,10,0,1
BRDA:117,10,1,30
BRDA:121,11,0,1
BRDA:121,11,1,29
BRF:22
BRH:21
end_of_record
TN:
SF:/home/ser-orphan/Workspace/DecentrAgora/dAgora Contracts/V1 Upgraedable/contracts/interfaces/IAttestationStation.sol
FNF:0
FNH:0
LF:0
LH:0
BRF:0
BRH:0
end_of_record
TN:
SF:/home/ser-orphan/Workspace/DecentrAgora/dAgora Contracts/V1 Upgraedable/contracts/interfaces/IDagoraMembershipsV1.sol
FNF:0
FNH:0
LF:0
LH:0
BRF:0
BRH:0
end_of_record
TN:
SF:/home/ser-orphan/Workspace/DecentrAgora/dAgora Contracts/V1 Upgraedable/contracts/memberships/DagoraMemberships_V1.sol
FN:162,initialize
FN:185,isNotPaused
FN:191,isNotMember
FN:199,isRenewable
FN:208,isPerclesian
FN:217,_isValidMembership
FN:224,durationCheck
FN:230,onlyController
FN:236,onlyDelegateeAndOwner
FN:264,mintMembership
FN:285,freeMint
FN:318,renewMembership
FN:356,upgradeMembership
FN:371,cancelMembership
FN:388,addDelegate
FN:409,removeDelegate
FN:431,swapDelegate
FN:456,giftMembership
FN:473,giftUpgrade
FN:489,giftExtension
FN:499,togglePaused
FN:505,setBaseURI
FN:511,setDiscount
FN:517,setPercelsiaPrice
FN:523,setHoplitePrice
FN:529,setDagorianPrice
FN:535,setEcclesiaPrice
FN:541,setPercelsiaRenewPrice
FN:547,setHopliteRenewPrice
FN:553,setDagorianRenewPrice
FN:559,setDagoraTreasury
FN:566,setProxyAddress
FN:572,withdrawERC20
FN:580,withdrawETH
FN:588,getMembership
FN:595,getMembershipTier
FN:602,getExpiration
FN:609,isValidMembership
FN:613,addressTokenIds
FN:627,getTokenDelegates
FN:636,isOwnerOrDelegate
FN:648,getMintPrice
FN:684,_getUpgradePrice
FN:715,getRenewalPrice
FN:747,tokenURI
FN:758,_isDelegatee
FN:769,_startTokenId
FN:775,_getNextTokenId
FN:785,_beforeTokenTransfers
FN:805,_contains
FNF:50
FNH:49
FNDA:855,initialize
FNDA:93,isNotPaused
FNDA:41,isNotMember
FNDA:2,isRenewable
FNDA:30,isPerclesian
FNDA:39,_isValidMembership
FNDA:246,durationCheck
FNDA:42,onlyController
FNDA:2,onlyDelegateeAndOwner
FNDA:32,mintMembership
FNDA:5,freeMint
FNDA:2,renewMembership
FNDA:7,upgradeMembership
FNDA:1,cancelMembership
FNDA:25,addDelegate
FNDA:1,removeDelegate
FNDA:1,swapDelegate
FNDA:208,giftMembership
FNDA:4,giftUpgrade
FNDA:1,giftExtension
FNDA:48,togglePaused
FNDA:1,setBaseURI
FNDA:1,setDiscount
FNDA:1,setPercelsiaPrice
FNDA:1,setHoplitePrice
FNDA:1,setDagorianPrice
FNDA:1,setEcclesiaPrice
FNDA:1,setPercelsiaRenewPrice
FNDA:1,setHopliteRenewPrice
FNDA:1,setDagorianRenewPrice
FNDA:1,setDagoraTreasury
FNDA:41,setProxyAddress
FNDA:1,withdrawERC20
FNDA:1,withdrawETH
FNDA:176,getMembership
FNDA:179,getMembershipTier
FNDA:1,getExpiration
FNDA:184,isValidMembership
FNDA:0,addressTokenIds
FNDA:14,getTokenDelegates
FNDA:184,isOwnerOrDelegate
FNDA:70,getMintPrice
FNDA:14,_getUpgradePrice
FNDA:13,getRenewalPrice
FNDA:1,tokenURI
FNDA:186,_isDelegatee
FNDA:1527,_startTokenId
FNDA:241,_getNextTokenId
FNDA:240,_beforeTokenTransfers
FNDA:27,_contains
DA:163,855
DA:164,855
DA:165,855
DA:166,855
DA:167,855
DA:168,855
DA:169,855
DA:170,855
DA:171,855
DA:172,855
DA:173,855
DA:174,855
DA:175,855
DA:176,855
DA:177,855
DA:178,855
DA:179,855
DA:180,855
DA:181,855
DA:186,93
DA:187,85
DA:192,41
DA:193,39
DA:200,2
DA:204,2
DA:209,30
DA:213,27
DA:218,39
DA:219,39
DA:225,246
DA:226,244
DA:231,42
DA:232,38
DA:237,2
DA:240,2
DA:266,32
DA:267,30
DA:268,30
DA:269,30
DA:270,30
DA:272,30
DA:273,29
DA:274,28
DA:275,28
DA:277,28
DA:278,28
DA:279,28
DA:280,28
DA:286,5
DA:287,5
DA:289,5
DA:290,5
DA:291,5
DA:292,5
DA:320,2
DA:321,2
DA:322,2
DA:323,2
DA:324,2
DA:325,2
DA:327,2
DA:328,2
DA:329,2
DA:330,2
DA:358,7
DA:359,7
DA:360,7
DA:361,7
DA:362,7
DA:363,7
DA:364,7
DA:366,7
DA:373,1
DA:374,1
DA:375,1
DA:390,25
DA:391,25
DA:392,24
DA:393,23
DA:394,22
DA:395,22
DA:396,22
DA:411,1
DA:412,1
DA:413,1
DA:414,1
DA:416,1
DA:417,1
DA:418,1
DA:433,1
DA:434,1
DA:435,1
DA:436,1
DA:437,1
DA:439,1
DA:440,1
DA:441,1
DA:458,208
DA:459,207
DA:460,206
DA:461,206
DA:462,206
DA:464,206
DA:465,206
DA:466,206
DA:467,206
DA:474,4
DA:475,4
DA:476,2
DA:477,2
DA:478,1
DA:491,1
DA:492,1
DA:493,1
DA:494,1
DA:500,48
DA:506,1
DA:512,1
DA:518,1
DA:524,1
DA:530,1
DA:536,1
DA:542,1
DA:548,1
DA:554,1
DA:560,1
DA:567,41
DA:573,1
DA:574,1
DA:575,1
DA:581,1
DA:582,1
DA:589,176
DA:596,179
DA:603,1
DA:610,184
DA:615,0
DA:616,0
DA:617,0
DA:618,0
DA:621,0
DA:628,14
DA:637,184
DA:638,179
DA:640,5
DA:649,70
DA:650,4
DA:651,1
DA:652,1
DA:654,1
DA:655,1
DA:657,1
DA:658,1
DA:660,1
DA:663,66
DA:664,27
DA:665,27
DA:667,9
DA:668,9
DA:670,28
DA:671,28
DA:673,1
DA:676,70
DA:685,14
DA:686,14
DA:687,14
DA:688,14
DA:690,14
DA:691,14
DA:692,6
DA:693,2
DA:695,2
DA:697,2
DA:700,4
DA:701,2
DA:703,2
DA:706,4
DA:708,14
DA:716,13
DA:717,4
DA:718,1
DA:719,1
DA:721,1
DA:722,1
DA:724,1
DA:725,1
DA:727,1
DA:728,1
DA:731,9
DA:732,3
DA:734,2
DA:736,3
DA:738,1
DA:741,13
DA:748,1
DA:749,1
DA:759,186
DA:760,1
DA:761,1
DA:764,185
DA:770,1527
DA:776,241
DA:791,240
DA:795,239
DA:806,27
DA:807,14
DA:808,2
DA:810,12
DA:813,13
LF:209
LH:204
BRDA:162,1,0,855
BRDA:162,1,1,1
BRDA:162,2,0,855
BRDA:162,2,1,0
BRDA:163,3,0,855
BRDA:163,3,1,0
BRDA:186,4,0,85
BRDA:186,4,1,8
BRDA:192,5,0,39
BRDA:192,5,1,2
BRDA:200,6,0,2
BRDA:200,6,1,0
BRDA:209,7,0,27
BRDA:209,7,1,3
BRDA:218,8,0,39
BRDA:218,8,1,0
BRDA:225,9,0,244
BRDA:225,9,1,2
BRDA:231,10,0,38
BRDA:231,10,1,4
BRDA:237,11,0,2
BRDA:237,11,1,0
BRDA:238,12,0,1
BRDA:238,12,1,1
BRDA:261,13,0,35
BRDA:261,13,1,1
BRDA:262,14,0,34
BRDA:262,14,1,1
BRDA:263,15,0,32
BRDA:263,15,1,2
BRDA:264,16,0,32
BRDA:264,16,1,0
BRDA:266,17,0,30
BRDA:266,17,1,2
BRDA:267,18,0,30
BRDA:267,18,1,0
BRDA:272,19,0,29
BRDA:272,19,1,1
BRDA:275,20,0,28
BRDA:275,20,1,0
BRDA:285,21,0,6
BRDA:285,21,1,1
BRDA:285,22,0,5
BRDA:285,22,1,1
BRDA:285,23,0,5
BRDA:285,23,1,0
BRDA:314,24,0,2
BRDA:314,24,1,1
BRDA:315,25,0,2
BRDA:315,25,1,0
BRDA:316,26,0,2
BRDA:316,26,1,0
BRDA:317,27,0,2
BRDA:317,27,1,0
BRDA:318,28,0,2
BRDA:318,28,1,0
BRDA:320,29,0,2
BRDA:320,29,1,0
BRDA:325,30,0,2
BRDA:325,30,1,0
BRDA:353,31,0,7
BRDA:353,31,1,1
BRDA:354,32,0,7
BRDA:354,32,1,0
BRDA:355,33,0,7
BRDA:355,33,1,0
BRDA:356,34,0,7
BRDA:356,34,1,0
BRDA:358,35,0,7
BRDA:358,35,1,0
BRDA:359,36,0,7
BRDA:359,36,1,0
BRDA:360,37,0,7
BRDA:360,37,1,0
BRDA:364,38,0,7
BRDA:364,38,1,0
BRDA:371,39,0,1
BRDA:371,39,1,1
BRDA:371,40,0,1
BRDA:371,40,1,0
BRDA:371,41,0,1
BRDA:371,41,1,0
BRDA:371,42,0,1
BRDA:371,42,1,0
BRDA:385,43,0,29
BRDA:385,43,1,1
BRDA:386,44,0,29
BRDA:386,44,1,0
BRDA:387,45,0,28
BRDA:387,45,1,1
BRDA:388,46,0,25
BRDA:388,46,1,3
BRDA:390,47,0,25
BRDA:390,47,1,0
BRDA:391,48,0,24
BRDA:391,48,1,1
BRDA:392,49,0,23
BRDA:392,49,1,1
BRDA:393,50,0,22
BRDA:393,50,1,1
BRDA:394,51,0,22
BRDA:394,51,1,0
BRDA:395,52,0,22
BRDA:395,52,1,0
BRDA:405,53,0,3
BRDA:405,53,1,1
BRDA:406,54,0,1
BRDA:406,54,1,2
BRDA:407,55,0,1
BRDA:407,55,1,0
BRDA:408,56,0,1
BRDA:408,56,1,0
BRDA:409,57,0,1
BRDA:409,57,1,0
BRDA:411,58,0,1
BRDA:411,58,1,0
BRDA:412,59,0,1
BRDA:412,59,1,0
BRDA:413,60,0,1
BRDA:413,60,1,0
BRDA:414,61,0,1
BRDA:414,61,1,0
BRDA:427,62,0,2
BRDA:427,62,1,1
BRDA:428,63,0,1
BRDA:428,63,1,1
BRDA:429,64,0,1
BRDA:429,64,1,0
BRDA:430,65,0,1
BRDA:430,65,1,0
BRDA:431,66,0,1
BRDA:431,66,1,0
BRDA:433,67,0,1
BRDA:433,67,1,0
BRDA:434,68,0,1
BRDA:434,68,1,0
BRDA:435,69,0,1
BRDA:435,69,1,0
BRDA:436,70,0,1
BRDA:436,70,1,0
BRDA:437,71,0,1
BRDA:437,71,1,0
BRDA:440,72,0,1
BRDA:440,72,1,0
BRDA:455,73,0,209
BRDA:455,73,1,0
BRDA:456,74,0,208
BRDA:456,74,1,1
BRDA:458,75,0,207
BRDA:458,75,1,1
BRDA:459,76,0,206
BRDA:459,76,1,1
BRDA:460,77,0,206
BRDA:460,77,1,0
BRDA:473,78,0,4
BRDA:473,78,1,1
BRDA:475,79,0,2
BRDA:475,79,1,2
BRDA:476,80,0,2
BRDA:476,80,1,0
BRDA:477,81,0,1
BRDA:477,81,1,1
BRDA:488,82,0,1
BRDA:488,82,1,0
BRDA:489,83,0,1
BRDA:489,83,1,0
BRDA:491,84,0,1
BRDA:491,84,1,0
BRDA:499,85,0,48
BRDA:499,85,1,1
BRDA:505,86,0,1
BRDA:505,86,1,1
BRDA:511,87,0,1
BRDA:511,87,1,1
BRDA:517,88,0,1
BRDA:517,88,1,1
BRDA:523,89,0,1
BRDA:523,89,1,1
BRDA:529,90,0,1
BRDA:529,90,1,1
BRDA:535,91,0,1
BRDA:535,91,1,1
BRDA:541,92,0,1
BRDA:541,92,1,1
BRDA:547,93,0,1
BRDA:547,93,1,1
BRDA:553,94,0,1
BRDA:553,94,1,1
BRDA:559,95,0,1
BRDA:559,95,1,1
BRDA:566,96,0,41
BRDA:566,96,1,1
BRDA:572,97,0,1
BRDA:572,97,1,0
BRDA:575,98,0,1
BRDA:575,98,1,0
BRDA:580,99,0,1
BRDA:580,99,1,2
BRDA:617,100,0,0
BRDA:617,100,1,0
BRDA:637,101,0,179
BRDA:637,101,1,5
BRDA:637,102,0,0
BRDA:637,102,1,179
BRDA:649,103,0,4
BRDA:649,103,1,66
BRDA:650,104,0,1
BRDA:650,104,1,3
BRDA:653,105,0,1
BRDA:653,105,1,2
BRDA:656,106,0,1
BRDA:656,106,1,1
BRDA:659,107,0,1
BRDA:659,107,1,0
BRDA:663,108,0,27
BRDA:663,108,1,39
BRDA:666,109,0,9
BRDA:666,109,1,30
BRDA:669,110,0,28
BRDA:669,110,1,2
BRDA:672,111,0,1
BRDA:672,111,1,1
BRDA:685,112,0,14
BRDA:685,112,1,0
BRDA:686,113,0,14
BRDA:686,113,1,0
BRDA:687,114,0,14
BRDA:687,114,1,0
BRDA:688,115,0,14
BRDA:688,115,1,0
BRDA:691,116,0,6
BRDA:691,116,1,8
BRDA:692,117,0,2
BRDA:692,117,1,4
BRDA:694,118,0,2
BRDA:694,118,1,2
BRDA:696,119,0,2
BRDA:696,119,1,0
BRDA:699,120,0,4
BRDA:699,120,1,4
BRDA:700,121,0,2
BRDA:700,121,1,2
BRDA:702,122,0,2
BRDA:702,122,1,0
BRDA:705,123,0,4
BRDA:705,123,1,0
BRDA:716,124,0,4
BRDA:716,124,1,9
BRDA:717,125,0,1
BRDA:717,125,1,3
BRDA:720,126,0,1
BRDA:720,126,1,2
BRDA:723,127,0,1
BRDA:723,127,1,1
BRDA:726,128,0,1
BRDA:726,128,1,0
BRDA:731,129,0,3
BRDA:731,129,1,6
BRDA:733,130,0,2
BRDA:733,130,1,4
BRDA:735,131,0,3
BRDA:735,131,1,1
BRDA:737,132,0,1
BRDA:737,132,1,0
BRDA:748,133,0,1
BRDA:748,133,1,0
BRDA:760,134,0,1
BRDA:760,134,1,0
BRDA:791,135,0,239
BRDA:791,135,1,1
BRDA:807,136,0,2
BRDA:807,136,1,12
BRF:272
BRH:204
end_of_record
TN:
SF:/home/ser-orphan/Workspace/DecentrAgora/dAgora Contracts/V1 Upgraedable/contracts/mock/dai.sol
FN:8,constructor
FN:10,mint
FNF:2
FNH:2
FNDA:855,constructor
FNDA:691,mint
DA:11,691
LF:1
LH:1
BRF:0
BRH:0
end_of_record
TN:
SF:/home/ser-orphan/Workspace/DecentrAgora/dAgora Contracts/V1 Upgraedable/contracts/mock/ReentrancyAttack.sol
FNF:0
FNH:0
LF:0
LH:0
BRF:0
BRH:0
end_of_record
TN:
SF:/home/ser-orphan/Workspace/DecentrAgora/dAgora Contracts/V1 Upgraedable/contracts/mock/ReentrancyMock.sol
FNF:0
FNH:0
LF:0
LH:0
BRF:0
BRH:0
end_of_record
TN:
SF:/home/ser-orphan/Workspace/DecentrAgora/dAgora Contracts/V1 Upgraedable/contracts/wizards/dAgoraERC20.sol
FN:25,constructor
FN:36,mint
FN:45,burn
FN:50,togglePaused
FN:59,_beforeTokenTransfer
FNF:5
FNH:5
FNDA:17,constructor
FNDA:3,mint
FNDA:1,burn
FNDA:18,togglePaused
FNDA:20,_beforeTokenTransfer
DA:27,17
DA:28,17
DA:29,17
DA:30,17
DA:37,3
DA:38,2
DA:39,1
DA:46,1
DA:51,18
DA:60,20
DA:61,19
LF:11
LH:11
BRDA:36,1,0,3
BRDA:36,1,1,1
BRDA:37,2,0,2
BRDA:37,2,1,1
BRDA:38,3,0,1
BRDA:38,3,1,1
BRDA:45,4,0,1
BRDA:45,4,1,1
BRDA:50,5,0,18
BRDA:50,5,1,1
BRDA:60,6,0,19
BRDA:60,6,1,1
BRF:12
BRH:12
end_of_record
TN:
SF:/home/ser-orphan/Workspace/DecentrAgora/dAgora Contracts/V1 Upgraedable/contracts/wizards/DagoraERC20Upgradeable.sol
FNF:0
FNH:0
LF:0
LH:0
BRF:0
BRH:0
end_of_record
TN:
SF:/home/ser-orphan/Workspace/DecentrAgora/dAgora Contracts/V1 Upgraedable/contracts/wizards/NFTAPlus.sol
FN:70,constructor
FN:86,isNotPaused
FN:93,_isPresale
FN:100,isPublicSale
FN:107,isValidMerkleProof
FN:118,mintNFT
FN:138,presaleMintNFT
FN:151,reserveTokens
FN:161,tokenURI
FN:169,setBaseURI
FN:177,setBaseExtension
FN:185,setMintPrice
FN:193,setPresaleMintPrice
FN:201,setBulkBuyLimit
FN:209,setMaxAllowListAmount
FN:216,togglePaused
FN:223,togglePresale
FN:230,withdrawETH
FN:238,withdrawERC20
FN:245,typeOf
FN:250,_startTokenId
FNF:21
FNH:21
FNDA:43,constructor
FNDA:15,isNotPaused
FNDA:8,_isPresale
FNDA:7,isPublicSale
FNDA:6,isValidMerkleProof
FNDA:6,mintNFT
FNDA:5,presaleMintNFT
FNDA:24,reserveTokens
FNDA:2,tokenURI
FNDA:1,setBaseURI
FNDA:1,setBaseExtension
FNDA:1,setMintPrice
FNDA:1,setPresaleMintPrice
FNDA:1,setBulkBuyLimit
FNDA:1,setMaxAllowListAmount
FNDA:18,togglePaused
FNDA:10,togglePresale
FNDA:1,withdrawETH
FNDA:2,withdrawERC20
FNDA:1,typeOf
FNDA:86,_startTokenId
DA:71,43
DA:72,43
DA:73,43
DA:74,43
DA:75,43
DA:76,43
DA:77,43
DA:78,43
DA:79,43
DA:80,43
DA:81,43
DA:87,15
DA:88,13
DA:94,8
DA:95,7
DA:101,7
DA:102,6
DA:108,6
DA:112,5
DA:119,6
DA:120,5
DA:121,4
DA:122,3
DA:123,3
DA:140,5
DA:141,4
DA:142,3
DA:143,2
DA:144,2
DA:145,2
DA:152,24
DA:153,23
DA:154,22
DA:155,22
DA:162,2
DA:163,1
DA:170,1
DA:171,1
DA:178,1
DA:179,1
DA:186,1
DA:187,1
DA:194,1
DA:195,1
DA:202,1
DA:203,1
DA:210,1
DA:211,1
DA:217,18
DA:218,18
DA:224,10
DA:225,10
DA:231,1
DA:232,1
DA:239,2
DA:240,2
DA:241,2
DA:242,1
DA:246,1
DA:251,86
LF:60
LH:60
BRDA:87,1,0,13
BRDA:87,1,1,2
BRDA:94,2,0,7
BRDA:94,2,1,1
BRDA:101,3,0,6
BRDA:101,3,1,1
BRDA:108,4,0,5
BRDA:108,4,1,1
BRDA:118,5,0,7
BRDA:118,5,1,1
BRDA:118,6,0,6
BRDA:118,6,1,1
BRDA:118,7,0,6
BRDA:118,7,1,0
BRDA:119,8,0,5
BRDA:119,8,1,1
BRDA:120,9,0,4
BRDA:120,9,1,1
BRDA:121,10,0,3
BRDA:121,10,1,1
BRDA:135,11,0,7
BRDA:135,11,1,1
BRDA:136,12,0,6
BRDA:136,12,1,1
BRDA:137,13,0,6
BRDA:137,13,1,0
BRDA:138,14,0,5
BRDA:138,14,1,1
BRDA:140,15,0,4
BRDA:140,15,1,1
BRDA:141,16,0,3
BRDA:141,16,1,1
BRDA:142,17,0,2
BRDA:142,17,1,1
BRDA:151,18,0,24
BRDA:151,18,1,1
BRDA:152,19,0,23
BRDA:152,19,1,1
BRDA:153,20,0,22
BRDA:153,20,1,1
BRDA:162,21,0,1
BRDA:162,21,1,1
BRDA:169,22,0,1
BRDA:169,22,1,1
BRDA:177,23,0,1
BRDA:177,23,1,1
BRDA:185,24,0,1
BRDA:185,24,1,1
BRDA:193,25,0,1
BRDA:193,25,1,1
BRDA:201,26,0,1
BRDA:201,26,1,1
BRDA:209,27,0,1
BRDA:209,27,1,1
BRDA:216,28,0,18
BRDA:216,28,1,1
BRDA:223,29,0,10
BRDA:223,29,1,1
BRDA:230,30,0,1
BRDA:230,30,1,1
BRDA:238,31,0,2
BRDA:238,31,1,1
BRDA:241,32,0,1
BRDA:241,32,1,1
BRF:64
BRH:62
end_of_record
TN:
SF:/home/ser-orphan/Workspace/DecentrAgora/dAgora Contracts/V1 Upgraedable/contracts/wizards/PowerNFTA.sol
FN:66,constructor
FN:79,isNotPaused
FN:87,mintNFT
FN:99,reserveTokens
FN:108,tokenURI
FN:116,setBaseURI
FN:124,setBaseExtension
FN:132,setMintPrice
FN:140,setBulkBuyLimit
FN:147,togglePaused
FN:156,setRoyalties
FN:161,supportsInterface
FN:175,withdrawETH
FN:182,withdrawERC20
FN:188,typeOf
FN:193,_startTokenId
FNF:16
FNH:16
FNDA:33,constructor
FNDA:7,isNotPaused
FNDA:6,mintNFT
FNDA:13,reserveTokens
FNDA:2,tokenURI
FNDA:1,setBaseURI
FNDA:1,setBaseExtension
FNDA:1,setMintPrice
FNDA:1,setBulkBuyLimit
FNDA:12,togglePaused
FNDA:1,setRoyalties
FNDA:4,supportsInterface
FNDA:1,withdrawETH
FNDA:2,withdrawERC20
FNDA:1,typeOf
FNDA:57,_startTokenId
DA:67,33
DA:68,33
DA:69,33
DA:70,33
DA:71,33
DA:72,33
DA:73,33
DA:74,33
DA:75,33
DA:80,7
DA:81,6
DA:88,6
DA:89,5
DA:90,4
DA:92,3
DA:93,3
DA:100,13
DA:102,12
DA:109,2
DA:110,1
DA:117,1
DA:118,1
DA:125,1
DA:126,1
DA:133,1
DA:134,1
DA:141,1
DA:142,1
DA:148,12
DA:149,12
DA:157,1
DA:158,1
DA:168,4
DA:176,1
DA:183,2
DA:184,2
DA:185,2
DA:186,1
DA:189,1
DA:194,57
LF:40
LH:40
BRDA:80,1,0,6
BRDA:80,1,1,1
BRDA:87,2,0,6
BRDA:87,2,1,1
BRDA:87,3,0,6
BRDA:87,3,1,0
BRDA:88,4,0,5
BRDA:88,4,1,1
BRDA:89,5,0,4
BRDA:89,5,1,1
BRDA:90,6,0,3
BRDA:90,6,1,1
BRDA:99,7,0,13
BRDA:99,7,1,1
BRDA:99,8,0,13
BRDA:99,8,1,0
BRDA:100,9,0,12
BRDA:100,9,1,1
BRDA:109,10,0,1
BRDA:109,10,1,1
BRDA:116,11,0,1
BRDA:116,11,1,1
BRDA:124,12,0,1
BRDA:124,12,1,1
BRDA:132,13,0,1
BRDA:132,13,1,1
BRDA:140,14,0,1
BRDA:140,14,1,1
BRDA:147,15,0,12
BRDA:147,15,1,1
BRDA:156,16,0,1
BRDA:156,16,1,1
BRDA:168,17,0,2
BRDA:168,17,1,1
BRDA:175,18,0,1
BRDA:175,18,1,1
BRDA:182,19,0,2
BRDA:182,19,1,1
BRDA:185,20,0,1
BRDA:185,20,1,1
BRF:40
BRH:38
end_of_record
TN:
SF:/home/ser-orphan/Workspace/DecentrAgora/dAgora Contracts/V1 Upgraedable/contracts/wizards/PowerPlusNFT.sol
FN:93,constructor
FN:110,isNotPaused
FN:119,isValidMerkleProof
FN:128,isPublicSale
FN:135,isPreSale
FN:143,mintNFT
FN:162,presaleMintNFT
FN:176,reserveTokens
FN:183,tokenURI
FN:189,togglePaused
FN:195,togglePresale
FN:202,setBaseURI
FN:209,setBaseExtension
FN:217,setMintPrice
FN:224,setPresaleMintPrice
FN:231,setBulkBuyLimit
FN:238,setMaxAllowListAmount
FN:247,setMerkleRoot
FN:254,setRoyalties
FN:260,withdrawETH
FN:267,withdrawERC20
FN:274,supportsInterface
FN:285,typeOf
FN:290,_startTokenId
FNF:24
FNH:24
FNDA:46,constructor
FNDA:16,isNotPaused
FNDA:6,isValidMerkleProof
FNDA:7,isPublicSale
FNDA:7,isPreSale
FNDA:6,mintNFT
FNDA:5,presaleMintNFT
FNDA:13,reserveTokens
FNDA:1,tokenURI
FNDA:16,togglePaused
FNDA:10,togglePresale
FNDA:1,setBaseURI
FNDA:1,setBaseExtension
FNDA:1,setMintPrice
FNDA:1,setPresaleMintPrice
FNDA:1,setBulkBuyLimit
FNDA:1,setMaxAllowListAmount
FNDA:1,setMerkleRoot
FNDA:1,setRoyalties
FNDA:1,withdrawETH
FNDA:2,withdrawERC20
FNDA:4,supportsInterface
FNDA:1,typeOf
FNDA:77,_startTokenId
DA:94,46
DA:95,46
DA:96,46
DA:97,46
DA:98,46
DA:99,46
DA:100,46
DA:101,46
DA:102,46
DA:103,46
DA:104,46
DA:105,46
DA:106,46
DA:111,16
DA:112,14
DA:120,6
DA:124,5
DA:129,7
DA:130,6
DA:136,7
DA:137,6
DA:144,6
DA:145,5
DA:146,4
DA:147,3
DA:148,3
DA:164,5
DA:165,4
DA:166,3
DA:168,2
DA:169,2
DA:170,2
DA:177,13
DA:178,12
DA:184,1
DA:185,1
DA:190,16
DA:191,16
DA:196,10
DA:197,10
DA:203,1
DA:204,1
DA:210,1
DA:211,1
DA:218,1
DA:219,1
DA:225,1
DA:226,1
DA:232,1
DA:233,1
DA:239,1
DA:240,1
DA:248,1
DA:255,1
DA:256,1
DA:261,1
DA:262,1
DA:268,2
DA:269,2
DA:270,2
DA:271,1
DA:281,4
DA:286,1
DA:291,77
LF:64
LH:64
BRDA:111,1,0,14
BRDA:111,1,1,2
BRDA:120,2,0,5
BRDA:120,2,1,1
BRDA:129,3,0,6
BRDA:129,3,1,1
BRDA:136,4,0,6
BRDA:136,4,1,1
BRDA:143,5,0,7
BRDA:143,5,1,1
BRDA:143,6,0,6
BRDA:143,6,1,1
BRDA:143,7,0,6
BRDA:143,7,1,0
BRDA:144,8,0,5
BRDA:144,8,1,1
BRDA:145,9,0,4
BRDA:145,9,1,1
BRDA:146,10,0,3
BRDA:146,10,1,1
BRDA:159,11,0,7
BRDA:159,11,1,1
BRDA:160,12,0,6
BRDA:160,12,1,1
BRDA:161,13,0,5
BRDA:161,13,1,1
BRDA:162,14,0,5
BRDA:162,14,1,0
BRDA:164,15,0,4
BRDA:164,15,1,1
BRDA:165,16,0,3
BRDA:165,16,1,1
BRDA:166,17,0,2
BRDA:166,17,1,1
BRDA:176,18,0,13
BRDA:176,18,1,1
BRDA:176,19,0,13
BRDA:176,19,1,0
BRDA:177,20,0,12
BRDA:177,20,1,1
BRDA:184,21,0,1
BRDA:184,21,1,0
BRDA:189,22,0,16
BRDA:189,22,1,1
BRDA:195,23,0,10
BRDA:195,23,1,1
BRDA:202,24,0,1
BRDA:202,24,1,1
BRDA:209,25,0,1
BRDA:209,25,1,1
BRDA:217,26,0,1
BRDA:217,26,1,1
BRDA:224,27,0,1
BRDA:224,27,1,1
BRDA:231,28,0,1
BRDA:231,28,1,1
BRDA:238,29,0,1
BRDA:238,29,1,1
BRDA:247,30,0,1
BRDA:247,30,1,1
BRDA:254,31,0,1
BRDA:254,31,1,1
BRDA:260,32,0,1
BRDA:260,32,1,1
BRDA:267,33,0,2
BRDA:267,33,1,1
BRDA:270,34,0,1
BRDA:270,34,1,1
BRDA:281,35,0,2
BRDA:281,35,1,1
BRF:70
BRH:66
end_of_record
TN:
SF:/home/ser-orphan/Workspace/DecentrAgora/dAgora Contracts/V1 Upgraedable/contracts/wizards/SimpleNFTA.sol
FN:45,constructor
FN:57,isNotPaused
FN:62,mintNFT
FN:73,reserveTokens
FN:80,tokenURI
FN:85,setBaseURI
FN:90,setBaseExtension
FN:95,setMintPrice
FN:100,setBulkBuyLimit
FN:105,togglePaused
FN:110,withdrawETH
FN:115,withdrawERC20
FN:122,typeOf
FN:126,_startTokenId
FNF:14
FNH:14
FNDA:110,constructor
FNDA:7,isNotPaused
FNDA:6,mintNFT
FNDA:13,reserveTokens
FNDA:2,tokenURI
FNDA:1,setBaseURI
FNDA:1,setBaseExtension
FNDA:1,setMintPrice
FNDA:1,setBulkBuyLimit
FNDA:11,togglePaused
FNDA:1,withdrawETH
FNDA:2,withdrawERC20
FNDA:1,typeOf
FNDA:139,_startTokenId
DA:46,110
DA:47,110
DA:48,110
DA:49,110
DA:50,110
DA:51,110
DA:52,110
DA:58,7
DA:59,6
DA:63,6
DA:64,6
DA:65,6
DA:66,5
DA:67,4
DA:69,3
DA:70,3
DA:74,13
DA:75,12
DA:76,12
DA:77,12
DA:81,2
DA:82,1
DA:86,1
DA:87,1
DA:91,1
DA:92,1
DA:96,1
DA:97,1
DA:101,1
DA:102,1
DA:106,11
DA:107,11
DA:111,1
DA:112,1
DA:116,2
DA:117,2
DA:118,2
DA:119,1
DA:123,1
DA:127,139
LF:40
LH:40
BRDA:58,1,0,6
BRDA:58,1,1,1
BRDA:62,2,0,6
BRDA:62,2,1,1
BRDA:62,3,0,6
BRDA:62,3,1,0
BRDA:65,4,0,5
BRDA:65,4,1,1
BRDA:66,5,0,4
BRDA:66,5,1,1
BRDA:67,6,0,3
BRDA:67,6,1,1
BRDA:73,7,0,13
BRDA:73,7,1,1
BRDA:73,8,0,13
BRDA:73,8,1,0
BRDA:74,9,0,12
BRDA:74,9,1,1
BRDA:75,10,0,12
BRDA:75,10,1,0
BRDA:81,11,0,1
BRDA:81,11,1,1
BRDA:85,12,0,1
BRDA:85,12,1,1
BRDA:90,13,0,1
BRDA:90,13,1,1
BRDA:95,14,0,1
BRDA:95,14,1,1
BRDA:100,15,0,1
BRDA:100,15,1,1
BRDA:105,16,0,11
BRDA:105,16,1,1
BRDA:110,17,0,1
BRDA:110,17,1,1
BRDA:115,18,0,2
BRDA:115,18,1,1
BRDA:118,19,0,1
BRDA:118,19,1,1
BRF:38
BRH:35
end_of_record
