TN:
SF:/home/ser-orphan/Workspace/DecentrAgora/dAgora Contracts/V1 Upgraedable/contracts/factory/DagoraERC20Factory.sol
FN:39,initialize
FN:48,isNotPaused
FN:59,canCreate
FN:79,createDagoraERC20
FN:105,getUserContracts
FN:109,togglePaused
FN:113,setMinERC20Tier
FN:121,_canCreate
FNF:8
FNH:8
FNDA:75,initialize
FNDA:24,isNotPaused
FNDA:23,canCreate
FNDA:20,createDagoraERC20
FNDA:15,getUserContracts
FNDA:26,togglePaused
FNDA:2,setMinERC20Tier
FNDA:23,_canCreate
DA:40,75
DA:41,75
DA:42,75
DA:43,75
DA:49,24
DA:50,1
DA:52,23
DA:60,23
DA:61,20
DA:80,20
DA:81,19
DA:82,18
DA:83,17
DA:85,17
DA:86,17
DA:96,17
DA:97,17
DA:98,0
DA:100,17
DA:101,17
DA:102,17
DA:106,15
DA:110,26
DA:114,2
DA:122,23
DA:123,1
DA:126,22
DA:127,22
DA:128,1
DA:131,21
DA:132,1
DA:134,20
LF:32
LH:31
BRDA:39,1,0,75
BRDA:39,1,1,1
BRDA:49,2,0,1
BRDA:49,2,1,23
BRDA:60,3,0,20
BRDA:60,3,1,3
BRDA:79,4,0,23
BRDA:79,4,1,1
BRDA:79,5,0,20
BRDA:79,5,1,3
BRDA:79,6,0,20
BRDA:79,6,1,0
BRDA:80,7,0,19
BRDA:80,7,1,1
BRDA:81,8,0,18
BRDA:81,8,1,1
BRDA:82,9,0,17
BRDA:82,9,1,1
BRDA:83,10,0,17
BRDA:83,10,1,0
BRDA:97,11,0,0
BRDA:97,11,1,17
BRDA:109,12,0,26
BRDA:109,12,1,2
BRDA:113,13,0,2
BRDA:113,13,1,1
BRDA:122,14,0,1
BRDA:122,14,1,22
BRDA:127,15,0,1
BRDA:127,15,1,21
BRDA:131,16,0,1
BRDA:131,16,1,20
BRF:32
BRH:29
end_of_record
TN:
SF:/home/ser-orphan/Workspace/DecentrAgora/dAgora Contracts/V1 Upgraedable/contracts/factory/DagoraNFTAPlusFactory.sol
FN:39,initialize
FN:48,isNotPaused
FN:59,canCreate
FN:89,createNFTAPlus
FN:123,getUserContracts
FN:127,togglePaused
FN:131,setMinNFTAPlusTier
FN:139,_canCreate
FNF:8
FNH:8
FNDA:147,initialize
FNDA:47,isNotPaused
FNDA:46,canCreate
FNDA:43,createNFTAPlus
FNDA:41,getUserContracts
FNDA:50,togglePaused
FNDA:2,setMinNFTAPlusTier
FNDA:46,_canCreate
DA:40,147
DA:41,147
DA:42,147
DA:43,147
DA:49,47
DA:50,1
DA:52,46
DA:60,46
DA:61,43
DA:90,43
DA:91,43
DA:92,43
DA:93,43
DA:94,43
DA:95,43
DA:96,43
DA:98,43
DA:99,43
DA:114,43
DA:115,43
DA:116,0
DA:118,43
DA:119,43
DA:120,43
DA:124,41
DA:128,50
DA:132,2
DA:140,46
DA:141,1
DA:144,45
DA:145,45
DA:146,1
DA:149,44
DA:150,1
DA:152,43
LF:35
LH:34
BRDA:39,1,0,147
BRDA:39,1,1,1
BRDA:49,2,0,1
BRDA:49,2,1,46
BRDA:60,3,0,43
BRDA:60,3,1,3
BRDA:89,4,0,46
BRDA:89,4,1,1
BRDA:89,5,0,43
BRDA:89,5,1,3
BRDA:89,6,0,43
BRDA:89,6,1,0
BRDA:90,7,0,43
BRDA:90,7,1,0
BRDA:91,8,0,43
BRDA:91,8,1,0
BRDA:92,9,0,43
BRDA:92,9,1,0
BRDA:93,10,0,43
BRDA:93,10,1,0
BRDA:94,11,0,43
BRDA:94,11,1,0
BRDA:95,12,0,43
BRDA:95,12,1,0
BRDA:96,13,0,43
BRDA:96,13,1,0
BRDA:115,14,0,0
BRDA:115,14,1,43
BRDA:127,15,0,50
BRDA:127,15,1,2
BRDA:131,16,0,2
BRDA:131,16,1,1
BRDA:140,17,0,1
BRDA:140,17,1,45
BRDA:145,18,0,1
BRDA:145,18,1,44
BRDA:149,19,0,1
BRDA:149,19,1,43
BRF:38
BRH:29
end_of_record
TN:
SF:/home/ser-orphan/Workspace/DecentrAgora/dAgora Contracts/V1 Upgraedable/contracts/factory/DagoraPaymentSplitterNFTFactory.sol
FN:51,initialize
FN:61,isNotPaused
FN:72,canCreate
FN:81,createNFT
FN:105,getUserContracts
FN:110,togglePaused
FN:115,setMinTier
FN:119,paymentSharesTotal
FN:127,createNFTImpl
FN:151,_canCreate
FNF:10
FNH:0
FNDA:0,initialize
FNDA:0,isNotPaused
FNDA:0,canCreate
FNDA:0,createNFT
FNDA:0,getUserContracts
FNDA:0,togglePaused
FNDA:0,setMinTier
FNDA:0,paymentSharesTotal
FNDA:0,createNFTImpl
FNDA:0,_canCreate
DA:52,0
DA:53,0
DA:54,0
DA:55,0
DA:62,0
DA:63,0
DA:65,0
DA:73,0
DA:74,0
DA:82,0
DA:83,0
DA:84,0
DA:85,0
DA:86,0
DA:87,0
DA:88,0
DA:89,0
DA:90,0
DA:92,0
DA:94,0
DA:95,0
DA:96,0
DA:99,0
DA:100,0
DA:101,0
DA:106,0
DA:111,0
DA:116,0
DA:120,0
DA:121,0
DA:122,0
DA:124,0
DA:128,0
DA:143,0
DA:144,0
DA:152,0
DA:153,0
DA:156,0
DA:157,0
DA:158,0
DA:161,0
DA:162,0
DA:164,0
LF:43
LH:0
BRDA:51,1,0,0
BRDA:51,1,1,0
BRDA:62,2,0,0
BRDA:62,2,1,0
BRDA:73,3,0,0
BRDA:73,3,1,0
BRDA:81,4,0,0
BRDA:81,4,1,0
BRDA:81,5,0,0
BRDA:81,5,1,0
BRDA:81,6,0,0
BRDA:81,6,1,0
BRDA:82,7,0,0
BRDA:82,7,1,0
BRDA:83,8,0,0
BRDA:83,8,1,0
BRDA:84,9,0,0
BRDA:84,9,1,0
BRDA:85,10,0,0
BRDA:85,10,1,0
BRDA:86,11,0,0
BRDA:86,11,1,0
BRDA:87,12,0,0
BRDA:87,12,1,0
BRDA:88,13,0,0
BRDA:88,13,1,0
BRDA:89,14,0,0
BRDA:89,14,1,0
BRDA:90,15,0,0
BRDA:90,15,1,0
BRDA:95,16,0,0
BRDA:95,16,1,0
BRDA:110,17,0,0
BRDA:110,17,1,0
BRDA:115,18,0,0
BRDA:115,18,1,0
BRDA:152,19,0,0
BRDA:152,19,1,0
BRDA:157,20,0,0
BRDA:157,20,1,0
BRDA:161,21,0,0
BRDA:161,21,1,0
BRF:42
BRH:0
end_of_record
TN:
SF:/home/ser-orphan/Workspace/DecentrAgora/dAgora Contracts/V1 Upgraedable/contracts/factory/DagoraPowerNFTFactory.sol
FN:43,initialize
FN:52,isNotPaused
FN:63,canCreate
FN:91,createPowerNFT
FN:123,getUserContracts
FN:127,togglePaused
FN:131,setMinPowerNFTATier
FN:139,_canCreate
FNF:8
FNH:8
FNDA:117,initialize
FNDA:37,isNotPaused
FNDA:36,canCreate
FNDA:33,createPowerNFT
FNDA:31,getUserContracts
FNDA:40,togglePaused
FNDA:2,setMinPowerNFTATier
FNDA:36,_canCreate
DA:44,117
DA:45,117
DA:46,117
DA:47,117
DA:53,37
DA:54,1
DA:56,36
DA:64,36
DA:65,33
DA:92,33
DA:93,33
DA:94,33
DA:95,33
DA:96,33
DA:97,33
DA:99,33
DA:100,33
DA:114,33
DA:115,33
DA:116,0
DA:118,33
DA:119,33
DA:120,33
DA:124,31
DA:128,40
DA:132,2
DA:140,36
DA:141,1
DA:144,35
DA:145,35
DA:146,1
DA:149,34
DA:150,1
DA:152,33
LF:34
LH:33
BRDA:43,1,0,117
BRDA:43,1,1,1
BRDA:53,2,0,1
BRDA:53,2,1,36
BRDA:64,3,0,33
BRDA:64,3,1,3
BRDA:91,4,0,36
BRDA:91,4,1,1
BRDA:91,5,0,33
BRDA:91,5,1,3
BRDA:91,6,0,33
BRDA:91,6,1,0
BRDA:92,7,0,33
BRDA:92,7,1,0
BRDA:93,8,0,33
BRDA:93,8,1,0
BRDA:94,9,0,33
BRDA:94,9,1,0
BRDA:95,10,0,33
BRDA:95,10,1,0
BRDA:96,11,0,33
BRDA:96,11,1,0
BRDA:97,12,0,33
BRDA:97,12,1,0
BRDA:115,13,0,0
BRDA:115,13,1,33
BRDA:127,14,0,40
BRDA:127,14,1,2
BRDA:131,15,0,2
BRDA:131,15,1,1
BRDA:140,16,0,1
BRDA:140,16,1,35
BRDA:145,17,0,1
BRDA:145,17,1,34
BRDA:149,18,0,1
BRDA:149,18,1,33
BRF:36
BRH:28
end_of_record
TN:
SF:/home/ser-orphan/Workspace/DecentrAgora/dAgora Contracts/V1 Upgraedable/contracts/factory/DagoraPowerPlusFactory.sol
FN:42,initialize
FN:51,isNotPaused
FN:62,canCreate
FN:77,createPowerPlusNFT
FN:106,getUserContracts
FN:110,togglePaused
FN:114,setMinPowerNFTATier
FN:122,_canCreate
FNF:8
FNH:8
FNDA:159,initialize
FNDA:51,isNotPaused
FNDA:50,canCreate
FNDA:47,createPowerPlusNFT
FNDA:45,getUserContracts
FNDA:54,togglePaused
FNDA:1,setMinPowerNFTATier
FNDA:50,_canCreate
DA:43,159
DA:44,159
DA:45,159
DA:46,159
DA:52,51
DA:53,1
DA:55,50
DA:63,50
DA:64,47
DA:79,47
DA:80,47
DA:81,47
DA:82,47
DA:83,47
DA:84,47
DA:85,47
DA:86,47
DA:87,47
DA:89,47
DA:90,47
DA:96,47
DA:97,47
DA:98,0
DA:100,47
DA:101,47
DA:102,47
DA:107,45
DA:111,54
DA:115,1
DA:123,50
DA:124,1
DA:127,49
DA:128,49
DA:129,1
DA:132,48
DA:133,1
DA:135,47
LF:37
LH:36
BRDA:42,1,0,159
BRDA:42,1,1,1
BRDA:52,2,0,1
BRDA:52,2,1,50
BRDA:63,3,0,47
BRDA:63,3,1,3
BRDA:75,4,0,50
BRDA:75,4,1,1
BRDA:76,5,0,47
BRDA:76,5,1,3
BRDA:77,6,0,47
BRDA:77,6,1,0
BRDA:79,7,0,47
BRDA:79,7,1,0
BRDA:80,8,0,47
BRDA:80,8,1,0
BRDA:81,9,0,47
BRDA:81,9,1,0
BRDA:82,10,0,47
BRDA:82,10,1,0
BRDA:83,11,0,47
BRDA:83,11,1,0
BRDA:84,12,0,47
BRDA:84,12,1,0
BRDA:85,13,0,47
BRDA:85,13,1,0
BRDA:86,14,0,47
BRDA:86,14,1,0
BRDA:87,15,0,47
BRDA:87,15,1,0
BRDA:97,16,0,0
BRDA:97,16,1,47
BRDA:110,17,0,54
BRDA:110,17,1,2
BRDA:114,18,0,1
BRDA:114,18,1,1
BRDA:123,19,0,1
BRDA:123,19,1,49
BRDA:128,20,0,1
BRDA:128,20,1,48
BRDA:132,21,0,1
BRDA:132,21,1,47
BRF:42
BRH:31
end_of_record
TN:
SF:/home/ser-orphan/Workspace/DecentrAgora/dAgora Contracts/V1 Upgraedable/contracts/factory/DagoraSimpleNFTFactory.sol
FN:39,initialize
FN:48,isNotPaused
FN:59,canCreate
FN:84,createSimpleNFTA
FN:113,getUserContracts
FN:117,togglePaused
FN:121,setMinSimpleNFTATier
FN:130,_canCreate
FNF:8
FNH:8
FNDA:105,initialize
FNDA:33,isNotPaused
FNDA:32,canCreate
FNDA:29,createSimpleNFTA
FNDA:27,getUserContracts
FNDA:36,togglePaused
FNDA:2,setMinSimpleNFTATier
FNDA:32,_canCreate
DA:40,105
DA:41,105
DA:42,105
DA:43,105
DA:49,33
DA:50,1
DA:52,32
DA:60,32
DA:61,29
DA:85,29
DA:86,29
DA:87,29
DA:88,29
DA:89,29
DA:91,29
DA:92,29
DA:104,29
DA:105,29
DA:106,0
DA:108,29
DA:109,29
DA:110,29
DA:114,27
DA:118,36
DA:122,2
DA:131,32
DA:132,1
DA:135,31
DA:136,31
DA:137,1
DA:140,30
DA:141,1
DA:143,29
LF:33
LH:32
BRDA:39,1,0,105
BRDA:39,1,1,1
BRDA:49,2,0,1
BRDA:49,2,1,32
BRDA:60,3,0,29
BRDA:60,3,1,3
BRDA:84,4,0,32
BRDA:84,4,1,1
BRDA:84,5,0,29
BRDA:84,5,1,3
BRDA:84,6,0,29
BRDA:84,6,1,0
BRDA:85,7,0,29
BRDA:85,7,1,0
BRDA:86,8,0,29
BRDA:86,8,1,0
BRDA:87,9,0,29
BRDA:87,9,1,0
BRDA:88,10,0,29
BRDA:88,10,1,0
BRDA:89,11,0,29
BRDA:89,11,1,0
BRDA:105,12,0,0
BRDA:105,12,1,29
BRDA:117,13,0,36
BRDA:117,13,1,1
BRDA:121,14,0,2
BRDA:121,14,1,1
BRDA:131,15,0,1
BRDA:131,15,1,31
BRDA:136,16,0,1
BRDA:136,16,1,30
BRDA:140,17,0,1
BRDA:140,17,1,29
BRF:34
BRH:27
end_of_record
TN:
SF:/home/ser-orphan/Workspace/DecentrAgora/dAgora Contracts/V1 Upgraedable/contracts/interfaces/IAttestationStation.sol
FNF:0
FNH:0
LF:0
LH:0
BRF:0
BRH:0
end_of_record
TN:
SF:/home/ser-orphan/Workspace/DecentrAgora/dAgora Contracts/V1 Upgraedable/contracts/interfaces/IDagoraMembershipsV1.sol
FNF:0
FNH:0
LF:0
LH:0
BRF:0
BRH:0
end_of_record
TN:
SF:/home/ser-orphan/Workspace/DecentrAgora/dAgora Contracts/V1 Upgraedable/contracts/memberships/DagoraMemberships_V1.sol
FN:170,initialize
FN:193,isNotPaused
FN:199,isNotMember
FN:206,isPerclesian
FN:215,_isValidMembership
FN:222,durationCheck
FN:228,onlyController
FN:234,onlyDelegateeAndOwner
FN:262,mintMembership
FN:284,freeMint
FN:317,renewMembership
FN:355,upgradeMembership
FN:369,cancelMembership
FN:386,addDelegate
FN:408,removeDelegate
FN:431,swapDelegate
FN:457,giftMembership
FN:475,giftUpgrade
FN:491,giftExtension
FN:501,togglePaused
FN:507,setBaseURI
FN:513,setDiscount
FN:519,setPercelsiaPrice
FN:525,setHoplitePrice
FN:531,setDagorianPrice
FN:537,setEcclesiaPrice
FN:543,setPercelsiaRenewPrice
FN:549,setHopliteRenewPrice
FN:555,setDagorianRenewPrice
FN:561,setDagoraTreasury
FN:568,setProxyAddress
FN:574,withdrawERC20
FN:582,withdrawETH
FN:590,getMembership
FN:597,getMembershipTier
FN:604,getExpiration
FN:611,isValidMembership
FN:615,addressTokenIds
FN:628,getTokenDelegates
FN:637,isOwnerOrDelegate
FN:649,getMintPrice
FN:685,_getUpgradePrice
FN:716,getRenewalPrice
FN:748,tokenURI
FN:759,_isDelegatee
FN:770,_startTokenId
FN:776,_getNextTokenId
FN:786,_beforeTokenTransfers
FN:806,_contains
FNF:49
FNH:49
FNDA:867,initialize
FNDA:93,isNotPaused
FNDA:41,isNotMember
FNDA:30,isPerclesian
FNDA:39,_isValidMembership
FNDA:253,durationCheck
FNDA:42,onlyController
FNDA:2,onlyDelegateeAndOwner
FNDA:32,mintMembership
FNDA:5,freeMint
FNDA:2,renewMembership
FNDA:7,upgradeMembership
FNDA:1,cancelMembership
FNDA:25,addDelegate
FNDA:1,removeDelegate
FNDA:1,swapDelegate
FNDA:215,giftMembership
FNDA:4,giftUpgrade
FNDA:1,giftExtension
FNDA:49,togglePaused
FNDA:1,setBaseURI
FNDA:1,setDiscount
FNDA:1,setPercelsiaPrice
FNDA:1,setHoplitePrice
FNDA:1,setDagorianPrice
FNDA:1,setEcclesiaPrice
FNDA:1,setPercelsiaRenewPrice
FNDA:1,setHopliteRenewPrice
FNDA:1,setDagorianRenewPrice
FNDA:1,setDagoraTreasury
FNDA:42,setProxyAddress
FNDA:1,withdrawERC20
FNDA:1,withdrawETH
FNDA:177,getMembership
FNDA:183,getMembershipTier
FNDA:1,getExpiration
FNDA:188,isValidMembership
FNDA:4,addressTokenIds
FNDA:14,getTokenDelegates
FNDA:188,isOwnerOrDelegate
FNDA:70,getMintPrice
FNDA:14,_getUpgradePrice
FNDA:13,getRenewalPrice
FNDA:1,tokenURI
FNDA:190,_isDelegatee
FNDA:1555,_startTokenId
FNDA:248,_getNextTokenId
FNDA:247,_beforeTokenTransfers
FNDA:27,_contains
DA:171,867
DA:172,867
DA:173,867
DA:174,867
DA:175,867
DA:176,867
DA:177,867
DA:178,867
DA:179,867
DA:180,867
DA:181,867
DA:182,867
DA:183,867
DA:184,867
DA:185,867
DA:186,867
DA:187,867
DA:188,867
DA:189,867
DA:194,93
DA:195,85
DA:200,41
DA:201,39
DA:207,30
DA:211,27
DA:216,39
DA:217,39
DA:223,253
DA:224,251
DA:229,42
DA:230,38
DA:235,2
DA:238,2
DA:264,32
DA:265,30
DA:266,30
DA:267,30
DA:268,30
DA:270,30
DA:271,29
DA:272,28
DA:273,28
DA:275,28
DA:276,28
DA:277,28
DA:278,28
DA:279,28
DA:285,5
DA:286,5
DA:288,5
DA:289,5
DA:290,5
DA:291,5
DA:292,5
DA:319,2
DA:320,2
DA:321,2
DA:322,2
DA:323,2
DA:324,2
DA:326,2
DA:327,2
DA:328,2
DA:329,2
DA:357,7
DA:358,7
DA:359,7
DA:360,7
DA:361,7
DA:362,7
DA:363,7
DA:364,7
DA:371,1
DA:372,1
DA:373,1
DA:388,25
DA:389,25
DA:390,24
DA:391,23
DA:392,22
DA:393,22
DA:394,22
DA:395,22
DA:410,1
DA:411,1
DA:412,1
DA:413,1
DA:415,1
DA:416,1
DA:417,1
DA:418,1
DA:433,1
DA:434,1
DA:435,1
DA:436,1
DA:437,1
DA:439,1
DA:440,1
DA:441,1
DA:444,1
DA:459,215
DA:460,214
DA:461,213
DA:462,213
DA:463,213
DA:465,213
DA:466,213
DA:467,213
DA:468,213
DA:469,213
DA:476,4
DA:477,4
DA:478,2
DA:479,2
DA:480,1
DA:493,1
DA:494,1
DA:495,1
DA:496,1
DA:502,49
DA:508,1
DA:514,1
DA:520,1
DA:526,1
DA:532,1
DA:538,1
DA:544,1
DA:550,1
DA:556,1
DA:562,1
DA:569,42
DA:575,1
DA:576,1
DA:577,1
DA:583,1
DA:584,1
DA:591,177
DA:598,183
DA:605,1
DA:612,188
DA:617,4
DA:618,4
DA:619,10
DA:620,4
DA:629,14
DA:638,188
DA:639,183
DA:641,5
DA:650,70
DA:651,4
DA:652,1
DA:653,1
DA:655,1
DA:656,1
DA:658,1
DA:659,1
DA:661,1
DA:664,66
DA:665,27
DA:666,27
DA:668,9
DA:669,9
DA:671,28
DA:672,28
DA:674,1
DA:677,70
DA:686,14
DA:687,14
DA:688,14
DA:689,14
DA:691,14
DA:692,14
DA:693,6
DA:694,2
DA:696,2
DA:698,2
DA:701,4
DA:702,2
DA:704,2
DA:707,4
DA:709,14
DA:717,13
DA:718,4
DA:719,1
DA:720,1
DA:722,1
DA:723,1
DA:725,1
DA:726,1
DA:728,1
DA:729,1
DA:732,9
DA:733,3
DA:735,2
DA:737,3
DA:739,1
DA:742,13
DA:749,1
DA:750,1
DA:760,190
DA:761,1
DA:762,1
DA:765,189
DA:771,1555
DA:777,248
DA:792,247
DA:796,246
DA:807,27
DA:808,27
DA:809,50
DA:810,2
DA:813,25
LF:212
LH:212
BRDA:170,1,0,867
BRDA:170,1,1,1
BRDA:170,2,0,867
BRDA:170,2,1,0
BRDA:171,3,0,867
BRDA:171,3,1,0
BRDA:194,4,0,85
BRDA:194,4,1,8
BRDA:200,5,0,39
BRDA:200,5,1,2
BRDA:207,6,0,27
BRDA:207,6,1,3
BRDA:216,7,0,39
BRDA:216,7,1,0
BRDA:223,8,0,251
BRDA:223,8,1,2
BRDA:229,9,0,38
BRDA:229,9,1,4
BRDA:235,10,0,2
BRDA:235,10,1,0
BRDA:236,11,0,1
BRDA:236,11,1,1
BRDA:259,12,0,35
BRDA:259,12,1,1
BRDA:260,13,0,34
BRDA:260,13,1,1
BRDA:261,14,0,32
BRDA:261,14,1,2
BRDA:262,15,0,32
BRDA:262,15,1,0
BRDA:264,16,0,30
BRDA:264,16,1,2
BRDA:265,17,0,30
BRDA:265,17,1,0
BRDA:270,18,0,29
BRDA:270,18,1,1
BRDA:273,19,0,28
BRDA:273,19,1,0
BRDA:284,20,0,6
BRDA:284,20,1,1
BRDA:284,21,0,5
BRDA:284,21,1,1
BRDA:284,22,0,5
BRDA:284,22,1,0
BRDA:314,23,0,2
BRDA:314,23,1,1
BRDA:315,24,0,2
BRDA:315,24,1,0
BRDA:316,25,0,2
BRDA:316,25,1,0
BRDA:317,26,0,2
BRDA:317,26,1,0
BRDA:319,27,0,2
BRDA:319,27,1,0
BRDA:324,28,0,2
BRDA:324,28,1,0
BRDA:352,29,0,7
BRDA:352,29,1,1
BRDA:353,30,0,7
BRDA:353,30,1,0
BRDA:354,31,0,7
BRDA:354,31,1,0
BRDA:355,32,0,7
BRDA:355,32,1,0
BRDA:357,33,0,7
BRDA:357,33,1,0
BRDA:358,34,0,7
BRDA:358,34,1,0
BRDA:359,35,0,7
BRDA:359,35,1,0
BRDA:363,36,0,7
BRDA:363,36,1,0
BRDA:369,37,0,1
BRDA:369,37,1,1
BRDA:369,38,0,1
BRDA:369,38,1,0
BRDA:369,39,0,1
BRDA:369,39,1,0
BRDA:369,40,0,1
BRDA:369,40,1,0
BRDA:383,41,0,29
BRDA:383,41,1,1
BRDA:384,42,0,29
BRDA:384,42,1,0
BRDA:385,43,0,28
BRDA:385,43,1,1
BRDA:386,44,0,25
BRDA:386,44,1,3
BRDA:388,45,0,25
BRDA:388,45,1,0
BRDA:389,46,0,24
BRDA:389,46,1,1
BRDA:390,47,0,23
BRDA:390,47,1,1
BRDA:391,48,0,22
BRDA:391,48,1,1
BRDA:392,49,0,22
BRDA:392,49,1,0
BRDA:393,50,0,22
BRDA:393,50,1,0
BRDA:404,51,0,3
BRDA:404,51,1,1
BRDA:405,52,0,1
BRDA:405,52,1,2
BRDA:406,53,0,1
BRDA:406,53,1,0
BRDA:407,54,0,1
BRDA:407,54,1,0
BRDA:408,55,0,1
BRDA:408,55,1,0
BRDA:410,56,0,1
BRDA:410,56,1,0
BRDA:411,57,0,1
BRDA:411,57,1,0
BRDA:412,58,0,1
BRDA:412,58,1,0
BRDA:413,59,0,1
BRDA:413,59,1,0
BRDA:427,60,0,2
BRDA:427,60,1,1
BRDA:428,61,0,1
BRDA:428,61,1,1
BRDA:429,62,0,1
BRDA:429,62,1,0
BRDA:430,63,0,1
BRDA:430,63,1,0
BRDA:431,64,0,1
BRDA:431,64,1,0
BRDA:433,65,0,1
BRDA:433,65,1,0
BRDA:434,66,0,1
BRDA:434,66,1,0
BRDA:435,67,0,1
BRDA:435,67,1,0
BRDA:436,68,0,1
BRDA:436,68,1,0
BRDA:437,69,0,1
BRDA:437,69,1,0
BRDA:440,70,0,1
BRDA:440,70,1,0
BRDA:456,71,0,216
BRDA:456,71,1,0
BRDA:457,72,0,215
BRDA:457,72,1,1
BRDA:459,73,0,214
BRDA:459,73,1,1
BRDA:460,74,0,213
BRDA:460,74,1,1
BRDA:461,75,0,213
BRDA:461,75,1,0
BRDA:475,76,0,4
BRDA:475,76,1,1
BRDA:477,77,0,2
BRDA:477,77,1,2
BRDA:478,78,0,2
BRDA:478,78,1,0
BRDA:479,79,0,1
BRDA:479,79,1,1
BRDA:490,80,0,1
BRDA:490,80,1,0
BRDA:491,81,0,1
BRDA:491,81,1,0
BRDA:493,82,0,1
BRDA:493,82,1,0
BRDA:501,83,0,49
BRDA:501,83,1,1
BRDA:507,84,0,1
BRDA:507,84,1,1
BRDA:513,85,0,1
BRDA:513,85,1,1
BRDA:519,86,0,1
BRDA:519,86,1,1
BRDA:525,87,0,1
BRDA:525,87,1,1
BRDA:531,88,0,1
BRDA:531,88,1,1
BRDA:537,89,0,1
BRDA:537,89,1,1
BRDA:543,90,0,1
BRDA:543,90,1,1
BRDA:549,91,0,1
BRDA:549,91,1,1
BRDA:555,92,0,1
BRDA:555,92,1,1
BRDA:561,93,0,1
BRDA:561,93,1,1
BRDA:568,94,0,42
BRDA:568,94,1,1
BRDA:574,95,0,1
BRDA:574,95,1,0
BRDA:577,96,0,1
BRDA:577,96,1,0
BRDA:582,97,0,1
BRDA:582,97,1,2
BRDA:619,98,0,4
BRDA:619,98,1,6
BRDA:638,99,0,183
BRDA:638,99,1,5
BRDA:638,100,0,0
BRDA:638,100,1,183
BRDA:650,101,0,4
BRDA:650,101,1,66
BRDA:651,102,0,1
BRDA:651,102,1,3
BRDA:654,103,0,1
BRDA:654,103,1,2
BRDA:657,104,0,1
BRDA:657,104,1,1
BRDA:660,105,0,1
BRDA:660,105,1,0
BRDA:664,106,0,27
BRDA:664,106,1,39
BRDA:667,107,0,9
BRDA:667,107,1,30
BRDA:670,108,0,28
BRDA:670,108,1,2
BRDA:673,109,0,1
BRDA:673,109,1,1
BRDA:686,110,0,14
BRDA:686,110,1,0
BRDA:687,111,0,14
BRDA:687,111,1,0
BRDA:688,112,0,14
BRDA:688,112,1,0
BRDA:689,113,0,14
BRDA:689,113,1,0
BRDA:692,114,0,6
BRDA:692,114,1,8
BRDA:693,115,0,2
BRDA:693,115,1,4
BRDA:695,116,0,2
BRDA:695,116,1,2
BRDA:697,117,0,2
BRDA:697,117,1,0
BRDA:700,118,0,4
BRDA:700,118,1,4
BRDA:701,119,0,2
BRDA:701,119,1,2
BRDA:703,120,0,2
BRDA:703,120,1,0
BRDA:706,121,0,4
BRDA:706,121,1,0
BRDA:717,122,0,4
BRDA:717,122,1,9
BRDA:718,123,0,1
BRDA:718,123,1,3
BRDA:721,124,0,1
BRDA:721,124,1,2
BRDA:724,125,0,1
BRDA:724,125,1,1
BRDA:727,126,0,1
BRDA:727,126,1,0
BRDA:732,127,0,3
BRDA:732,127,1,6
BRDA:734,128,0,2
BRDA:734,128,1,4
BRDA:736,129,0,3
BRDA:736,129,1,1
BRDA:738,130,0,1
BRDA:738,130,1,0
BRDA:749,131,0,1
BRDA:749,131,1,0
BRDA:761,132,0,1
BRDA:761,132,1,0
BRDA:792,133,0,246
BRDA:792,133,1,1
BRDA:809,134,0,2
BRDA:809,134,1,48
BRF:268
BRH:204
end_of_record
TN:
SF:/home/ser-orphan/Workspace/DecentrAgora/dAgora Contracts/V1 Upgraedable/contracts/mock/dai.sol
FN:8,constructor
FN:10,mint
FNF:2
FNH:2
FNDA:867,constructor
FNDA:700,mint
DA:11,700
LF:1
LH:1
BRF:0
BRH:0
end_of_record
TN:
SF:/home/ser-orphan/Workspace/DecentrAgora/dAgora Contracts/V1 Upgraedable/contracts/mock/ReentrancyAttack.sol
FNF:0
FNH:0
LF:0
LH:0
BRF:0
BRH:0
end_of_record
TN:
SF:/home/ser-orphan/Workspace/DecentrAgora/dAgora Contracts/V1 Upgraedable/contracts/mock/ReentrancyMock.sol
FNF:0
FNH:0
LF:0
LH:0
BRF:0
BRH:0
end_of_record
TN:
SF:/home/ser-orphan/Workspace/DecentrAgora/dAgora Contracts/V1 Upgraedable/contracts/wizards/dAgoraERC20.sol
FN:25,constructor
FN:36,mint
FN:45,burn
FN:50,togglePaused
FN:59,_beforeTokenTransfer
FN:66,typeOf
FN:72,version
FNF:7
FNH:5
FNDA:17,constructor
FNDA:3,mint
FNDA:1,burn
FNDA:3,togglePaused
FNDA:20,_beforeTokenTransfer
FNDA:0,typeOf
FNDA:0,version
DA:27,17
DA:28,17
DA:29,17
DA:30,17
DA:37,3
DA:38,2
DA:39,1
DA:46,1
DA:51,3
DA:60,20
DA:61,19
DA:67,0
DA:73,0
LF:13
LH:11
BRDA:36,1,0,3
BRDA:36,1,1,1
BRDA:37,2,0,2
BRDA:37,2,1,1
BRDA:38,3,0,1
BRDA:38,3,1,1
BRDA:45,4,0,1
BRDA:45,4,1,1
BRDA:50,5,0,3
BRDA:50,5,1,1
BRDA:60,6,0,19
BRDA:60,6,1,1
BRF:12
BRH:12
end_of_record
TN:
SF:/home/ser-orphan/Workspace/DecentrAgora/dAgora Contracts/V1 Upgraedable/contracts/wizards/DagoraERC20Upgradeable.sol
FNF:0
FNH:0
LF:0
LH:0
BRF:0
BRH:0
end_of_record
TN:
SF:/home/ser-orphan/Workspace/DecentrAgora/dAgora Contracts/V1 Upgraedable/contracts/wizards/dAgoraPaymentSplitterNFT.sol
FN:96,constructor
FN:116,isNotPaused
FN:127,mintNFT
FN:141,reserveTokens
FN:149,totalShares
FN:155,totalReleased
FN:161,totalReleased
FN:168,shares
FN:175,released
FN:182,released
FN:189,payee
FN:196,releasable
FN:205,releasable
FN:214,release
FN:235,tokenURI
FN:243,setBaseURI
FN:251,setBaseExtension
FN:259,setMintPrice
FN:267,setBulkBuyLimit
FN:274,togglePaused
FN:285,_beforeTokenTransfers
FN:299,typeOf
FN:305,version
FN:311,_startTokenId
FN:320,_pendingPayment
FN:336,_addPayee
FNF:26
FNH:0
FNDA:0,constructor
FNDA:0,isNotPaused
FNDA:0,mintNFT
FNDA:0,reserveTokens
FNDA:0,totalShares
FNDA:0,totalReleased
FNDA:0,totalReleased
FNDA:0,shares
FNDA:0,released
FNDA:0,released
FNDA:0,payee
FNDA:0,releasable
FNDA:0,releasable
FNDA:0,release
FNDA:0,tokenURI
FNDA:0,setBaseURI
FNDA:0,setBaseExtension
FNDA:0,setMintPrice
FNDA:0,setBulkBuyLimit
FNDA:0,togglePaused
FNDA:0,_beforeTokenTransfers
FNDA:0,typeOf
FNDA:0,version
FNDA:0,_startTokenId
FNDA:0,_pendingPayment
FNDA:0,_addPayee
DA:97,0
DA:98,0
DA:99,0
DA:100,0
DA:101,0
DA:102,0
DA:105,0
DA:106,0
DA:107,0
DA:108,0
DA:109,0
DA:110,0
DA:111,0
DA:117,0
DA:118,0
DA:128,0
DA:129,0
DA:130,0
DA:131,0
DA:132,0
DA:134,0
DA:135,0
DA:142,0
DA:143,0
DA:144,0
DA:150,0
DA:156,0
DA:162,0
DA:169,0
DA:176,0
DA:183,0
DA:190,0
DA:197,0
DA:198,0
DA:206,0
DA:207,0
DA:215,0
DA:217,0
DA:219,0
DA:223,0
DA:224,0
DA:225,0
DA:228,0
DA:229,0
DA:236,0
DA:237,0
DA:244,0
DA:245,0
DA:252,0
DA:253,0
DA:260,0
DA:261,0
DA:268,0
DA:269,0
DA:275,0
DA:276,0
DA:291,0
DA:292,0
DA:294,0
DA:300,0
DA:306,0
DA:312,0
DA:325,0
DA:337,0
DA:338,0
DA:339,0
DA:341,0
DA:342,0
DA:343,0
DA:344,0
DA:357,0
LF:71
LH:0
BRDA:97,1,0,0
BRDA:97,1,1,0
BRDA:98,2,0,0
BRDA:98,2,1,0
BRDA:117,3,0,0
BRDA:117,3,1,0
BRDA:127,4,0,0
BRDA:127,4,1,0
BRDA:127,5,0,0
BRDA:127,5,1,0
BRDA:128,6,0,0
BRDA:128,6,1,0
BRDA:129,7,0,0
BRDA:129,7,1,0
BRDA:130,8,0,0
BRDA:130,8,1,0
BRDA:131,9,0,0
BRDA:131,9,1,0
BRDA:132,10,0,0
BRDA:132,10,1,0
BRDA:141,11,0,0
BRDA:141,11,1,0
BRDA:142,12,0,0
BRDA:142,12,1,0
BRDA:215,13,0,0
BRDA:215,13,1,0
BRDA:219,14,0,0
BRDA:219,14,1,0
BRDA:236,15,0,0
BRDA:236,15,1,0
BRDA:243,16,0,0
BRDA:243,16,1,0
BRDA:251,17,0,0
BRDA:251,17,1,0
BRDA:259,18,0,0
BRDA:259,18,1,0
BRDA:267,19,0,0
BRDA:267,19,1,0
BRDA:274,20,0,0
BRDA:274,20,1,0
BRDA:291,21,0,0
BRDA:291,21,1,0
BRDA:337,22,0,0
BRDA:337,22,1,0
BRDA:338,23,0,0
BRDA:338,23,1,0
BRDA:339,24,0,0
BRDA:339,24,1,0
BRF:48
BRH:0
end_of_record
TN:
SF:/home/ser-orphan/Workspace/DecentrAgora/dAgora Contracts/V1 Upgraedable/contracts/wizards/NFTAPlus.sol
FN:70,constructor
FN:86,isNotPaused
FN:93,_isPresale
FN:100,isPublicSale
FN:107,isValidMerkleProof
FN:119,mintNFT
FN:141,presaleMintNFT
FN:154,reserveTokens
FN:164,tokenURI
FN:172,setBaseURI
FN:180,setBaseExtension
FN:188,setMintPrice
FN:196,setPresaleMintPrice
FN:204,setBulkBuyLimit
FN:212,setMaxAllowListAmount
FN:219,togglePaused
FN:226,togglePresale
FN:233,withdrawETH
FN:241,withdrawERC20
FN:254,_beforeTokenTransfers
FN:268,typeOf
FN:274,version
FN:280,_startTokenId
FNF:23
FNH:22
FNDA:43,constructor
FNDA:15,isNotPaused
FNDA:8,_isPresale
FNDA:7,isPublicSale
FNDA:6,isValidMerkleProof
FNDA:6,mintNFT
FNDA:5,presaleMintNFT
FNDA:24,reserveTokens
FNDA:2,tokenURI
FNDA:1,setBaseURI
FNDA:1,setBaseExtension
FNDA:1,setMintPrice
FNDA:1,setPresaleMintPrice
FNDA:1,setBulkBuyLimit
FNDA:1,setMaxAllowListAmount
FNDA:3,togglePaused
FNDA:10,togglePresale
FNDA:1,withdrawETH
FNDA:2,withdrawERC20
FNDA:28,_beforeTokenTransfers
FNDA:1,typeOf
FNDA:0,version
FNDA:86,_startTokenId
DA:71,43
DA:72,43
DA:73,43
DA:74,43
DA:75,43
DA:76,43
DA:77,43
DA:78,43
DA:79,43
DA:80,43
DA:81,43
DA:87,15
DA:88,13
DA:94,8
DA:95,7
DA:101,7
DA:102,6
DA:108,6
DA:112,5
DA:120,6
DA:121,6
DA:122,6
DA:123,5
DA:124,4
DA:125,3
DA:126,3
DA:143,5
DA:144,4
DA:145,3
DA:146,2
DA:147,2
DA:148,2
DA:155,24
DA:156,23
DA:157,22
DA:158,22
DA:165,2
DA:166,1
DA:173,1
DA:174,1
DA:181,1
DA:182,1
DA:189,1
DA:190,1
DA:197,1
DA:198,1
DA:205,1
DA:206,1
DA:213,1
DA:214,1
DA:220,3
DA:221,3
DA:227,10
DA:228,10
DA:234,1
DA:235,1
DA:242,2
DA:243,2
DA:244,2
DA:245,1
DA:260,28
DA:261,0
DA:263,28
DA:269,1
DA:275,0
DA:281,86
LF:66
LH:64
BRDA:87,1,0,13
BRDA:87,1,1,2
BRDA:94,2,0,7
BRDA:94,2,1,1
BRDA:101,3,0,6
BRDA:101,3,1,1
BRDA:108,4,0,5
BRDA:108,4,1,1
BRDA:119,5,0,7
BRDA:119,5,1,1
BRDA:119,6,0,6
BRDA:119,6,1,1
BRDA:119,7,0,6
BRDA:119,7,1,0
BRDA:120,8,0,6
BRDA:120,8,1,0
BRDA:121,9,0,6
BRDA:121,9,1,0
BRDA:122,10,0,5
BRDA:122,10,1,1
BRDA:123,11,0,4
BRDA:123,11,1,1
BRDA:124,12,0,3
BRDA:124,12,1,1
BRDA:138,13,0,7
BRDA:138,13,1,1
BRDA:139,14,0,6
BRDA:139,14,1,1
BRDA:140,15,0,6
BRDA:140,15,1,0
BRDA:141,16,0,5
BRDA:141,16,1,1
BRDA:143,17,0,4
BRDA:143,17,1,1
BRDA:144,18,0,3
BRDA:144,18,1,1
BRDA:145,19,0,2
BRDA:145,19,1,1
BRDA:154,20,0,24
BRDA:154,20,1,1
BRDA:155,21,0,23
BRDA:155,21,1,1
BRDA:156,22,0,22
BRDA:156,22,1,1
BRDA:165,23,0,1
BRDA:165,23,1,1
BRDA:172,24,0,1
BRDA:172,24,1,1
BRDA:180,25,0,1
BRDA:180,25,1,1
BRDA:188,26,0,1
BRDA:188,26,1,1
BRDA:196,27,0,1
BRDA:196,27,1,1
BRDA:204,28,0,1
BRDA:204,28,1,1
BRDA:212,29,0,1
BRDA:212,29,1,1
BRDA:219,30,0,3
BRDA:219,30,1,1
BRDA:226,31,0,10
BRDA:226,31,1,1
BRDA:233,32,0,1
BRDA:233,32,1,1
BRDA:241,33,0,2
BRDA:241,33,1,1
BRDA:244,34,0,1
BRDA:244,34,1,1
BRDA:260,35,0,0
BRDA:260,35,1,28
BRF:70
BRH:65
end_of_record
TN:
SF:/home/ser-orphan/Workspace/DecentrAgora/dAgora Contracts/V1 Upgraedable/contracts/wizards/PowerNFTA.sol
FN:66,constructor
FN:79,isNotPaused
FN:87,mintNFT
FN:101,reserveTokens
FN:110,tokenURI
FN:118,setBaseURI
FN:126,setBaseExtension
FN:134,setMintPrice
FN:142,setBulkBuyLimit
FN:149,togglePaused
FN:158,setRoyalties
FN:163,supportsInterface
FN:177,withdrawETH
FN:184,withdrawERC20
FN:197,_beforeTokenTransfers
FN:211,typeOf
FN:217,version
FN:223,_startTokenId
FNF:18
FNH:17
FNDA:33,constructor
FNDA:7,isNotPaused
FNDA:6,mintNFT
FNDA:13,reserveTokens
FNDA:2,tokenURI
FNDA:1,setBaseURI
FNDA:1,setBaseExtension
FNDA:1,setMintPrice
FNDA:1,setBulkBuyLimit
FNDA:4,togglePaused
FNDA:1,setRoyalties
FNDA:4,supportsInterface
FNDA:1,withdrawETH
FNDA:2,withdrawERC20
FNDA:15,_beforeTokenTransfers
FNDA:1,typeOf
FNDA:0,version
FNDA:57,_startTokenId
DA:67,33
DA:68,33
DA:69,33
DA:70,33
DA:71,33
DA:72,33
DA:73,33
DA:74,33
DA:75,33
DA:80,7
DA:81,6
DA:88,6
DA:89,6
DA:90,6
DA:91,5
DA:92,4
DA:94,3
DA:95,3
DA:102,13
DA:104,12
DA:111,2
DA:112,1
DA:119,1
DA:120,1
DA:127,1
DA:128,1
DA:135,1
DA:136,1
DA:143,1
DA:144,1
DA:150,4
DA:151,4
DA:159,1
DA:160,1
DA:170,4
DA:178,1
DA:185,2
DA:186,2
DA:187,2
DA:188,1
DA:203,15
DA:204,0
DA:206,15
DA:212,1
DA:218,0
DA:224,57
LF:46
LH:44
BRDA:80,1,0,6
BRDA:80,1,1,1
BRDA:87,2,0,6
BRDA:87,2,1,1
BRDA:87,3,0,6
BRDA:87,3,1,0
BRDA:88,4,0,6
BRDA:88,4,1,0
BRDA:89,5,0,6
BRDA:89,5,1,0
BRDA:90,6,0,5
BRDA:90,6,1,1
BRDA:91,7,0,4
BRDA:91,7,1,1
BRDA:92,8,0,3
BRDA:92,8,1,1
BRDA:101,9,0,13
BRDA:101,9,1,1
BRDA:101,10,0,13
BRDA:101,10,1,0
BRDA:102,11,0,12
BRDA:102,11,1,1
BRDA:111,12,0,1
BRDA:111,12,1,1
BRDA:118,13,0,1
BRDA:118,13,1,1
BRDA:126,14,0,1
BRDA:126,14,1,1
BRDA:134,15,0,1
BRDA:134,15,1,1
BRDA:142,16,0,1
BRDA:142,16,1,1
BRDA:149,17,0,4
BRDA:149,17,1,1
BRDA:158,18,0,1
BRDA:158,18,1,1
BRDA:170,19,0,2
BRDA:170,19,1,1
BRDA:177,20,0,1
BRDA:177,20,1,1
BRDA:184,21,0,2
BRDA:184,21,1,1
BRDA:187,22,0,1
BRDA:187,22,1,1
BRDA:203,23,0,0
BRDA:203,23,1,15
BRF:46
BRH:41
end_of_record
TN:
SF:/home/ser-orphan/Workspace/DecentrAgora/dAgora Contracts/V1 Upgraedable/contracts/wizards/PowerPlusNFT.sol
FN:106,constructor
FN:123,isNotPaused
FN:132,isValidMerkleProof
FN:141,isPublicSale
FN:148,isPreSale
FN:156,mintNFT
FN:177,presaleMintNFT
FN:191,reserveTokens
FN:198,tokenURI
FN:204,togglePaused
FN:210,togglePresale
FN:217,setBaseURI
FN:224,setBaseExtension
FN:232,setMintPrice
FN:239,setPresaleMintPrice
FN:246,setBulkBuyLimit
FN:253,setMaxAllowListAmount
FN:262,setMerkleRoot
FN:269,setRoyalties
FN:275,withdrawETH
FN:282,withdrawERC20
FN:289,supportsInterface
FN:306,_beforeTokenTransfers
FN:320,typeOf
FN:326,version
FN:332,_startTokenId
FNF:26
FNH:25
FNDA:47,constructor
FNDA:16,isNotPaused
FNDA:6,isValidMerkleProof
FNDA:7,isPublicSale
FNDA:7,isPreSale
FNDA:6,mintNFT
FNDA:5,presaleMintNFT
FNDA:14,reserveTokens
FNDA:1,tokenURI
FNDA:4,togglePaused
FNDA:10,togglePresale
FNDA:1,setBaseURI
FNDA:1,setBaseExtension
FNDA:1,setMintPrice
FNDA:1,setPresaleMintPrice
FNDA:1,setBulkBuyLimit
FNDA:1,setMaxAllowListAmount
FNDA:1,setMerkleRoot
FNDA:1,setRoyalties
FNDA:1,withdrawETH
FNDA:2,withdrawERC20
FNDA:4,supportsInterface
FNDA:19,_beforeTokenTransfers
FNDA:1,typeOf
FNDA:0,version
FNDA:80,_startTokenId
DA:107,47
DA:108,47
DA:109,47
DA:110,47
DA:111,47
DA:112,47
DA:113,47
DA:114,47
DA:115,47
DA:116,47
DA:117,47
DA:118,47
DA:119,47
DA:124,16
DA:125,14
DA:133,6
DA:137,5
DA:142,7
DA:143,6
DA:149,7
DA:150,6
DA:157,6
DA:158,6
DA:159,6
DA:160,5
DA:161,4
DA:162,3
DA:163,3
DA:179,5
DA:180,4
DA:181,3
DA:183,2
DA:184,2
DA:185,2
DA:192,14
DA:193,13
DA:199,1
DA:200,1
DA:205,4
DA:206,4
DA:211,10
DA:212,10
DA:218,1
DA:219,1
DA:225,1
DA:226,1
DA:233,1
DA:234,1
DA:240,1
DA:241,1
DA:247,1
DA:248,1
DA:254,1
DA:255,1
DA:263,1
DA:270,1
DA:271,1
DA:276,1
DA:277,1
DA:283,2
DA:284,2
DA:285,2
DA:286,1
DA:296,4
DA:312,19
DA:313,1
DA:315,18
DA:321,1
DA:327,0
DA:333,80
LF:70
LH:69
BRDA:124,1,0,14
BRDA:124,1,1,2
BRDA:133,2,0,5
BRDA:133,2,1,1
BRDA:142,3,0,6
BRDA:142,3,1,1
BRDA:149,4,0,6
BRDA:149,4,1,1
BRDA:156,5,0,7
BRDA:156,5,1,1
BRDA:156,6,0,6
BRDA:156,6,1,1
BRDA:156,7,0,6
BRDA:156,7,1,0
BRDA:157,8,0,6
BRDA:157,8,1,0
BRDA:158,9,0,6
BRDA:158,9,1,0
BRDA:159,10,0,5
BRDA:159,10,1,1
BRDA:160,11,0,4
BRDA:160,11,1,1
BRDA:161,12,0,3
BRDA:161,12,1,1
BRDA:174,13,0,7
BRDA:174,13,1,1
BRDA:175,14,0,6
BRDA:175,14,1,1
BRDA:176,15,0,5
BRDA:176,15,1,1
BRDA:177,16,0,5
BRDA:177,16,1,0
BRDA:179,17,0,4
BRDA:179,17,1,1
BRDA:180,18,0,3
BRDA:180,18,1,1
BRDA:181,19,0,2
BRDA:181,19,1,1
BRDA:191,20,0,14
BRDA:191,20,1,1
BRDA:191,21,0,14
BRDA:191,21,1,0
BRDA:192,22,0,13
BRDA:192,22,1,1
BRDA:199,23,0,1
BRDA:199,23,1,0
BRDA:204,24,0,4
BRDA:204,24,1,1
BRDA:210,25,0,10
BRDA:210,25,1,1
BRDA:217,26,0,1
BRDA:217,26,1,1
BRDA:224,27,0,1
BRDA:224,27,1,1
BRDA:232,28,0,1
BRDA:232,28,1,1
BRDA:239,29,0,1
BRDA:239,29,1,1
BRDA:246,30,0,1
BRDA:246,30,1,1
BRDA:253,31,0,1
BRDA:253,31,1,1
BRDA:262,32,0,1
BRDA:262,32,1,1
BRDA:269,33,0,1
BRDA:269,33,1,1
BRDA:275,34,0,1
BRDA:275,34,1,1
BRDA:282,35,0,2
BRDA:282,35,1,1
BRDA:285,36,0,1
BRDA:285,36,1,1
BRDA:296,37,0,2
BRDA:296,37,1,1
BRDA:312,38,0,1
BRDA:312,38,1,18
BRF:76
BRH:70
end_of_record
TN:
SF:/home/ser-orphan/Workspace/DecentrAgora/dAgora Contracts/V1 Upgraedable/contracts/wizards/SimpleNFTA.sol
FN:76,constructor
FN:88,isNotPaused
FN:96,mintNFT
FN:111,reserveTokens
FN:122,tokenURI
FN:130,setBaseURI
FN:138,setBaseExtension
FN:146,setMintPrice
FN:154,setBulkBuyLimit
FN:161,togglePaused
FN:168,withdrawETH
FN:176,withdrawERC20
FN:190,_beforeTokenTransfers
FN:204,typeOf
FN:210,version
FN:216,_startTokenId
FNF:16
FNH:15
FNDA:110,constructor
FNDA:7,isNotPaused
FNDA:6,mintNFT
FNDA:13,reserveTokens
FNDA:2,tokenURI
FNDA:1,setBaseURI
FNDA:1,setBaseExtension
FNDA:1,setMintPrice
FNDA:1,setBulkBuyLimit
FNDA:3,togglePaused
FNDA:1,withdrawETH
FNDA:2,withdrawERC20
FNDA:15,_beforeTokenTransfers
FNDA:1,typeOf
FNDA:0,version
FNDA:134,_startTokenId
DA:77,110
DA:78,110
DA:79,110
DA:80,110
DA:81,110
DA:82,110
DA:83,110
DA:89,7
DA:90,6
DA:97,6
DA:98,6
DA:99,6
DA:100,5
DA:101,4
DA:104,3
DA:105,3
DA:112,13
DA:113,12
DA:114,12
DA:115,12
DA:123,2
DA:124,1
DA:131,1
DA:132,1
DA:139,1
DA:140,1
DA:147,1
DA:148,1
DA:155,1
DA:156,1
DA:162,3
DA:163,3
DA:169,1
DA:170,1
DA:177,2
DA:178,2
DA:179,2
DA:180,1
DA:196,15
DA:197,0
DA:199,15
DA:205,1
DA:211,0
DA:217,134
LF:44
LH:42
BRDA:89,1,0,6
BRDA:89,1,1,1
BRDA:96,2,0,6
BRDA:96,2,1,1
BRDA:96,3,0,6
BRDA:96,3,1,0
BRDA:97,4,0,6
BRDA:97,4,1,0
BRDA:98,5,0,6
BRDA:98,5,1,0
BRDA:99,6,0,5
BRDA:99,6,1,1
BRDA:100,7,0,4
BRDA:100,7,1,1
BRDA:101,8,0,3
BRDA:101,8,1,1
BRDA:111,9,0,13
BRDA:111,9,1,1
BRDA:111,10,0,13
BRDA:111,10,1,0
BRDA:112,11,0,12
BRDA:112,11,1,1
BRDA:113,12,0,12
BRDA:113,12,1,0
BRDA:123,13,0,1
BRDA:123,13,1,1
BRDA:130,14,0,1
BRDA:130,14,1,1
BRDA:138,15,0,1
BRDA:138,15,1,1
BRDA:146,16,0,1
BRDA:146,16,1,1
BRDA:154,17,0,1
BRDA:154,17,1,1
BRDA:161,18,0,3
BRDA:161,18,1,1
BRDA:168,19,0,1
BRDA:168,19,1,1
BRDA:176,20,0,2
BRDA:176,20,1,1
BRDA:179,21,0,1
BRDA:179,21,1,1
BRDA:196,22,0,0
BRDA:196,22,1,15
BRF:44
BRH:38
end_of_record
